2024-07-23 11:31:31,528 INFO o.s.b.StartupInfoLogger [restartedMain] Starting DemoApplication using Java 17.0.11 with PID 14040 (C:\backup\workspace_sts4\demo_react_gradle\bin\main started by Notebook9 in C:\backup\workspace_sts4\demo_react_gradle)
2024-07-23 11:31:31,533 INFO o.s.b.SpringApplication [restartedMain] The following 1 profile is active: "local"
2024-07-23 11:31:31,610 INFO o.s.b.l.DeferredLog [restartedMain] Devtools property defaults active! Set 'spring.devtools.add-properties' to 'false' to disable
2024-07-23 11:31:31,611 INFO o.s.b.l.DeferredLog [restartedMain] For additional web related logging consider setting the 'logging.level.web' property to 'DEBUG'
2024-07-23 11:31:32,606 INFO o.s.d.r.c.RepositoryConfigurationDelegate [restartedMain] Bootstrapping Spring Data JDBC repositories in DEFAULT mode.
2024-07-23 11:31:32,631 INFO o.s.d.r.c.RepositoryConfigurationDelegate [restartedMain] Finished Spring Data repository scanning in 19 ms. Found 0 JDBC repository interfaces.
2024-07-23 11:31:33,675 INFO o.s.b.w.e.t.TomcatWebServer [restartedMain] Tomcat initialized with port 8080 (http)
2024-07-23 11:31:33,688 INFO o.a.j.l.DirectJDKLog [restartedMain] Initializing ProtocolHandler ["http-nio-8080"]
2024-07-23 11:31:33,690 INFO o.a.j.l.DirectJDKLog [restartedMain] Starting service [Tomcat]
2024-07-23 11:31:33,691 INFO o.a.j.l.DirectJDKLog [restartedMain] Starting Servlet engine: [Apache Tomcat/10.1.25]
2024-07-23 11:31:33,933 INFO o.a.j.l.DirectJDKLog [restartedMain] At least one JAR was scanned for TLDs yet contained no TLDs. Enable debug logging for this logger for a complete list of JARs that were scanned but no TLDs were found in them. Skipping unneeded JARs during scanning can improve startup time and JSP compilation time.
2024-07-23 11:31:33,940 INFO o.a.j.l.DirectJDKLog [restartedMain] Initializing Spring embedded WebApplicationContext
2024-07-23 11:31:33,940 INFO o.s.b.w.s.c.ServletWebServerApplicationContext [restartedMain] Root WebApplicationContext: initialization completed in 2324 ms
2024-07-23 11:31:34,120 DEBUG c.z.h.HikariConfig [restartedMain] Driver class com.mysql.cj.jdbc.Driver found in Thread context class loader org.springframework.boot.devtools.restart.classloader.RestartClassLoader@78e96f31
2024-07-23 11:31:34,593 INFO o.s.b.a.w.s.WelcomePageHandlerMapping [restartedMain] Adding welcome page: class path resource [static/index.html]
2024-07-23 11:31:34,881 INFO l.LogbackLoggerAOP [restartedMain] [[START]]upload.MyPathConfig.addResourceHandlers() <=================
2024-07-23 11:31:34,882 INFO l.LogbackLoggerAOP [restartedMain] Argument/Parameter : [org.springframework.web.servlet.config.annotation.ResourceHandlerRegistry@5a88a63]
2024-07-23 11:31:34,882 INFO l.LogbackLoggerAOP [restartedMain] ================[[END : addResourceHandlers()]]==================
2024-07-23 11:31:35,192 DEBUG c.z.h.HikariConfig [restartedMain] HikariPool-1 - configuration:
2024-07-23 11:31:35,194 DEBUG c.z.h.HikariConfig [restartedMain] allowPoolSuspension.............false
2024-07-23 11:31:35,194 DEBUG c.z.h.HikariConfig [restartedMain] autoCommit......................true
2024-07-23 11:31:35,195 DEBUG c.z.h.HikariConfig [restartedMain] catalog.........................none
2024-07-23 11:31:35,195 DEBUG c.z.h.HikariConfig [restartedMain] connectionInitSql...............none
2024-07-23 11:31:35,195 DEBUG c.z.h.HikariConfig [restartedMain] connectionTestQuery.............none
2024-07-23 11:31:35,195 DEBUG c.z.h.HikariConfig [restartedMain] connectionTimeout...............30000
2024-07-23 11:31:35,195 DEBUG c.z.h.HikariConfig [restartedMain] dataSource......................none
2024-07-23 11:31:35,195 DEBUG c.z.h.HikariConfig [restartedMain] dataSourceClassName.............none
2024-07-23 11:31:35,196 DEBUG c.z.h.HikariConfig [restartedMain] dataSourceJNDI..................none
2024-07-23 11:31:35,196 DEBUG c.z.h.HikariConfig [restartedMain] dataSourceProperties............{password=<masked>}
2024-07-23 11:31:35,196 DEBUG c.z.h.HikariConfig [restartedMain] driverClassName................."com.mysql.cj.jdbc.Driver"
2024-07-23 11:31:35,197 DEBUG c.z.h.HikariConfig [restartedMain] exceptionOverrideClassName......none
2024-07-23 11:31:35,197 DEBUG c.z.h.HikariConfig [restartedMain] healthCheckProperties...........{}
2024-07-23 11:31:35,197 DEBUG c.z.h.HikariConfig [restartedMain] healthCheckRegistry.............none
2024-07-23 11:31:35,198 DEBUG c.z.h.HikariConfig [restartedMain] idleTimeout.....................600000
2024-07-23 11:31:35,198 DEBUG c.z.h.HikariConfig [restartedMain] initializationFailTimeout.......1
2024-07-23 11:31:35,198 DEBUG c.z.h.HikariConfig [restartedMain] isolateInternalQueries..........false
2024-07-23 11:31:35,199 DEBUG c.z.h.HikariConfig [restartedMain] jdbcUrl.........................jdbc:mysql://49.50.167.130:3306/naverdb
2024-07-23 11:31:35,199 DEBUG c.z.h.HikariConfig [restartedMain] keepaliveTime...................0
2024-07-23 11:31:35,199 DEBUG c.z.h.HikariConfig [restartedMain] leakDetectionThreshold..........0
2024-07-23 11:31:35,199 DEBUG c.z.h.HikariConfig [restartedMain] maxLifetime.....................1800000
2024-07-23 11:31:35,199 DEBUG c.z.h.HikariConfig [restartedMain] maximumPoolSize.................10
2024-07-23 11:31:35,200 DEBUG c.z.h.HikariConfig [restartedMain] metricRegistry..................none
2024-07-23 11:31:35,200 DEBUG c.z.h.HikariConfig [restartedMain] metricsTrackerFactory...........none
2024-07-23 11:31:35,200 DEBUG c.z.h.HikariConfig [restartedMain] minimumIdle.....................10
2024-07-23 11:31:35,200 DEBUG c.z.h.HikariConfig [restartedMain] password........................<masked>
2024-07-23 11:31:35,200 DEBUG c.z.h.HikariConfig [restartedMain] poolName........................"HikariPool-1"
2024-07-23 11:31:35,200 DEBUG c.z.h.HikariConfig [restartedMain] readOnly........................false
2024-07-23 11:31:35,201 DEBUG c.z.h.HikariConfig [restartedMain] registerMbeans..................false
2024-07-23 11:31:35,201 DEBUG c.z.h.HikariConfig [restartedMain] scheduledExecutor...............none
2024-07-23 11:31:35,201 DEBUG c.z.h.HikariConfig [restartedMain] schema..........................none
2024-07-23 11:31:35,201 DEBUG c.z.h.HikariConfig [restartedMain] threadFactory...................internal
2024-07-23 11:31:35,201 DEBUG c.z.h.HikariConfig [restartedMain] transactionIsolation............default
2024-07-23 11:31:35,202 DEBUG c.z.h.HikariConfig [restartedMain] username........................"naver"
2024-07-23 11:31:35,202 DEBUG c.z.h.HikariConfig [restartedMain] validationTimeout...............5000
2024-07-23 11:31:35,202 INFO c.z.h.HikariDataSource [restartedMain] HikariPool-1 - Starting...
2024-07-23 11:31:35,677 INFO c.z.h.p.HikariPool [restartedMain] HikariPool-1 - Added connection com.mysql.cj.jdbc.ConnectionImpl@1d8bdde0
2024-07-23 11:31:35,679 INFO c.z.h.HikariDataSource [restartedMain] HikariPool-1 - Start completed.
2024-07-23 11:31:35,795 DEBUG c.z.h.p.HikariPool [HikariPool-1 housekeeper] HikariPool-1 - Pool stats (total=1, active=0, idle=1, waiting=0)
2024-07-23 11:31:35,880 DEBUG c.z.h.p.HikariPool$PoolEntryCreator [HikariPool-1 connection adder] HikariPool-1 - Added connection com.mysql.cj.jdbc.ConnectionImpl@198877bc
2024-07-23 11:31:35,920 DEBUG c.z.h.p.HikariPool [HikariPool-1 connection adder] HikariPool-1 - After adding stats (total=2, active=0, idle=2, waiting=0)
2024-07-23 11:31:35,985 INFO o.s.b.d.a.OptionalLiveReloadServer [restartedMain] LiveReload server is running on port 35729
2024-07-23 11:31:35,998 DEBUG c.z.h.p.HikariPool$PoolEntryCreator [HikariPool-1 connection adder] HikariPool-1 - Added connection com.mysql.cj.jdbc.ConnectionImpl@389a82c8
2024-07-23 11:31:36,023 INFO o.a.j.l.DirectJDKLog [restartedMain] Starting ProtocolHandler ["http-nio-8080"]
2024-07-23 11:31:36,030 DEBUG c.z.h.p.HikariPool [HikariPool-1 connection adder] HikariPool-1 - After adding stats (total=3, active=0, idle=3, waiting=0)
2024-07-23 11:31:36,069 INFO o.s.b.w.e.t.TomcatWebServer [restartedMain] Tomcat started on port 8080 (http) with context path '/'
2024-07-23 11:31:36,083 INFO o.s.b.StartupInfoLogger [restartedMain] Started DemoApplication in 5.209 seconds (process running for 7.332)
2024-07-23 11:31:36,095 DEBUG c.z.h.p.HikariPool$PoolEntryCreator [HikariPool-1 connection adder] HikariPool-1 - Added connection com.mysql.cj.jdbc.ConnectionImpl@1f70758a
2024-07-23 11:31:36,137 DEBUG c.z.h.p.HikariPool [HikariPool-1 connection adder] HikariPool-1 - After adding stats (total=4, active=0, idle=4, waiting=0)
2024-07-23 11:31:36,201 DEBUG c.z.h.p.HikariPool$PoolEntryCreator [HikariPool-1 connection adder] HikariPool-1 - Added connection com.mysql.cj.jdbc.ConnectionImpl@3cd45ef3
2024-07-23 11:31:36,246 DEBUG c.z.h.p.HikariPool [HikariPool-1 connection adder] HikariPool-1 - After adding stats (total=5, active=0, idle=5, waiting=0)
2024-07-23 11:31:36,301 DEBUG c.z.h.p.HikariPool$PoolEntryCreator [HikariPool-1 connection adder] HikariPool-1 - Added connection com.mysql.cj.jdbc.ConnectionImpl@34ceed66
2024-07-23 11:31:36,342 DEBUG c.z.h.p.HikariPool [HikariPool-1 connection adder] HikariPool-1 - After adding stats (total=6, active=0, idle=6, waiting=0)
2024-07-23 11:31:36,394 DEBUG c.z.h.p.HikariPool$PoolEntryCreator [HikariPool-1 connection adder] HikariPool-1 - Added connection com.mysql.cj.jdbc.ConnectionImpl@41de3565
2024-07-23 11:31:36,434 DEBUG c.z.h.p.HikariPool [HikariPool-1 connection adder] HikariPool-1 - After adding stats (total=7, active=0, idle=7, waiting=0)
2024-07-23 11:31:36,518 DEBUG c.z.h.p.HikariPool$PoolEntryCreator [HikariPool-1 connection adder] HikariPool-1 - Added connection com.mysql.cj.jdbc.ConnectionImpl@402eccd4
2024-07-23 11:31:36,559 DEBUG c.z.h.p.HikariPool [HikariPool-1 connection adder] HikariPool-1 - After adding stats (total=8, active=0, idle=8, waiting=0)
2024-07-23 11:31:36,623 DEBUG c.z.h.p.HikariPool$PoolEntryCreator [HikariPool-1 connection adder] HikariPool-1 - Added connection com.mysql.cj.jdbc.ConnectionImpl@1ff2dd30
2024-07-23 11:31:36,657 DEBUG c.z.h.p.HikariPool [HikariPool-1 connection adder] HikariPool-1 - After adding stats (total=9, active=0, idle=9, waiting=0)
2024-07-23 11:31:36,715 DEBUG c.z.h.p.HikariPool$PoolEntryCreator [HikariPool-1 connection adder] HikariPool-1 - Added connection com.mysql.cj.jdbc.ConnectionImpl@49f6029
2024-07-23 11:31:36,761 DEBUG c.z.h.p.HikariPool [HikariPool-1 connection adder] HikariPool-1 - After adding stats (total=10, active=0, idle=10, waiting=0)
2024-07-23 11:32:05,797 DEBUG c.z.h.p.HikariPool [HikariPool-1 housekeeper] HikariPool-1 - Pool stats (total=10, active=0, idle=10, waiting=0)
2024-07-23 11:32:05,797 DEBUG c.z.h.p.HikariPool [HikariPool-1 housekeeper] HikariPool-1 - Fill pool skipped, pool has sufficient level or currently being filled.
2024-07-23 11:32:35,809 DEBUG c.z.h.p.HikariPool [HikariPool-1 housekeeper] HikariPool-1 - Pool stats (total=10, active=0, idle=10, waiting=0)
2024-07-23 11:32:35,810 DEBUG c.z.h.p.HikariPool [HikariPool-1 housekeeper] HikariPool-1 - Fill pool skipped, pool has sufficient level or currently being filled.
2024-07-23 11:33:05,815 DEBUG c.z.h.p.HikariPool [HikariPool-1 housekeeper] HikariPool-1 - Pool stats (total=10, active=0, idle=10, waiting=0)
2024-07-23 11:33:05,816 DEBUG c.z.h.p.HikariPool [HikariPool-1 housekeeper] HikariPool-1 - Fill pool skipped, pool has sufficient level or currently being filled.
2024-07-23 11:33:35,825 DEBUG c.z.h.p.HikariPool [HikariPool-1 housekeeper] HikariPool-1 - Pool stats (total=10, active=0, idle=10, waiting=0)
2024-07-23 11:33:35,825 DEBUG c.z.h.p.HikariPool [HikariPool-1 housekeeper] HikariPool-1 - Fill pool skipped, pool has sufficient level or currently being filled.
2024-07-23 11:33:48,176 INFO o.a.j.l.DirectJDKLog [http-nio-8080-exec-1] Initializing Spring DispatcherServlet 'dispatcherServlet'
2024-07-23 11:33:48,176 INFO o.s.w.s.FrameworkServlet [http-nio-8080-exec-1] Initializing Servlet 'dispatcherServlet'
2024-07-23 11:33:48,178 INFO o.s.w.s.FrameworkServlet [http-nio-8080-exec-1] Completed initialization in 2 ms
2024-07-23 11:33:50,126 INFO l.LogbackLoggerAOP [http-nio-8080-exec-2] [[START]]boardmapper.BoardController.start() <=================
2024-07-23 11:33:50,127 INFO l.LogbackLoggerAOP [http-nio-8080-exec-2] Argument/Parameter : []
2024-07-23 11:33:50,127 INFO l.LogbackLoggerAOP [http-nio-8080-exec-2] ================[[END : start()]]==================
2024-07-23 11:34:05,836 DEBUG c.z.h.p.HikariPool [HikariPool-1 housekeeper] HikariPool-1 - Pool stats (total=10, active=0, idle=10, waiting=0)
2024-07-23 11:34:05,836 DEBUG c.z.h.p.HikariPool [HikariPool-1 housekeeper] HikariPool-1 - Fill pool skipped, pool has sufficient level or currently being filled.
2024-07-23 11:34:12,870 INFO l.LogbackLoggerAOP [http-nio-8080-exec-5] [[START]]boardmapper.BoardController.boardlist() <=================
2024-07-23 11:34:12,870 INFO l.LogbackLoggerAOP [http-nio-8080-exec-5] Argument/Parameter : [1]
2024-07-23 11:34:12,870 INFO l.LogbackLoggerAOP [http-nio-8080-exec-5] ================[[END : boardlist()]]==================
2024-07-23 11:34:12,870 INFO l.LogbackLoggerAOP [http-nio-8080-exec-5] [[START]]boardmapper.BoardServiceImpl.getTotalBoard() <=================
2024-07-23 11:34:12,870 INFO l.LogbackLoggerAOP [http-nio-8080-exec-5] Argument/Parameter : []
2024-07-23 11:34:12,870 INFO l.LogbackLoggerAOP [http-nio-8080-exec-5] ================[[END : getTotalBoard()]]==================
2024-07-23 11:34:12,871 INFO l.LogbackLoggerAOP [http-nio-8080-exec-5] [[START]]boardmapper.BoardDAO.totalCount() <=================
2024-07-23 11:34:12,871 INFO l.LogbackLoggerAOP [http-nio-8080-exec-5] Argument/Parameter : []
2024-07-23 11:34:12,871 INFO l.LogbackLoggerAOP [http-nio-8080-exec-5] ================[[END : totalCount()]]==================
2024-07-23 11:34:12,934 INFO l.LogbackLoggerAOP [http-nio-8080-exec-5] [[START]]boardmapper.BoardServiceImpl.getPagingBoardList() <=================
2024-07-23 11:34:12,935 INFO l.LogbackLoggerAOP [http-nio-8080-exec-5] Argument/Parameter : [[I@5539c746]
2024-07-23 11:34:12,935 INFO l.LogbackLoggerAOP [http-nio-8080-exec-5] ================[[END : getPagingBoardList()]]==================
2024-07-23 11:34:12,936 INFO l.LogbackLoggerAOP [http-nio-8080-exec-5] [[START]]boardmapper.BoardDAO.pagingBoardList() <=================
2024-07-23 11:34:12,937 INFO l.LogbackLoggerAOP [http-nio-8080-exec-5] Argument/Parameter : [[I@5539c746]
2024-07-23 11:34:12,937 INFO l.LogbackLoggerAOP [http-nio-8080-exec-5] ================[[END : pagingBoardList()]]==================
2024-07-23 11:34:24,325 INFO l.LogbackLoggerAOP [http-nio-8080-exec-7] [[START]]com.example.demo.HelloController.helloajax() <=================
2024-07-23 11:34:24,325 INFO l.LogbackLoggerAOP [http-nio-8080-exec-7] Argument/Parameter : []
2024-07-23 11:34:24,325 INFO l.LogbackLoggerAOP [http-nio-8080-exec-7] ================[[END : helloajax()]]==================
2024-07-23 11:34:35,845 DEBUG c.z.h.p.HikariPool [HikariPool-1 housekeeper] HikariPool-1 - Pool stats (total=10, active=0, idle=10, waiting=0)
2024-07-23 11:34:35,846 DEBUG c.z.h.p.HikariPool [HikariPool-1 housekeeper] HikariPool-1 - Fill pool skipped, pool has sufficient level or currently being filled.
2024-07-23 11:35:05,854 DEBUG c.z.h.p.HikariPool [HikariPool-1 housekeeper] HikariPool-1 - Pool stats (total=10, active=0, idle=10, waiting=0)
2024-07-23 11:35:05,854 DEBUG c.z.h.p.HikariPool [HikariPool-1 housekeeper] HikariPool-1 - Fill pool skipped, pool has sufficient level or currently being filled.
2024-07-23 11:35:35,856 DEBUG c.z.h.p.HikariPool [HikariPool-1 housekeeper] HikariPool-1 - Pool stats (total=10, active=0, idle=10, waiting=0)
2024-07-23 11:35:35,856 DEBUG c.z.h.p.HikariPool [HikariPool-1 housekeeper] HikariPool-1 - Fill pool skipped, pool has sufficient level or currently being filled.
2024-07-23 11:35:40,169 INFO l.LogbackLoggerAOP [http-nio-8080-exec-9] [[START]]com.example.demo.HelloController.helloajax() <=================
2024-07-23 11:35:40,169 INFO l.LogbackLoggerAOP [http-nio-8080-exec-9] Argument/Parameter : []
2024-07-23 11:35:40,170 INFO l.LogbackLoggerAOP [http-nio-8080-exec-9] ================[[END : helloajax()]]==================
2024-07-23 11:36:05,868 DEBUG c.z.h.p.HikariPool [HikariPool-1 housekeeper] HikariPool-1 - Pool stats (total=10, active=0, idle=10, waiting=0)
2024-07-23 11:36:05,868 DEBUG c.z.h.p.HikariPool [HikariPool-1 housekeeper] HikariPool-1 - Fill pool skipped, pool has sufficient level or currently being filled.
2024-07-23 11:36:35,494 INFO l.LogbackLoggerAOP [http-nio-8080-exec-2] [[START]]com.example.demo.HelloController.helloboot() <=================
2024-07-23 11:36:35,494 INFO l.LogbackLoggerAOP [http-nio-8080-exec-2] Argument/Parameter : []
2024-07-23 11:36:35,494 INFO l.LogbackLoggerAOP [http-nio-8080-exec-2] ================[[END : helloboot()]]==================
2024-07-23 11:36:35,882 DEBUG c.z.h.p.HikariPool [HikariPool-1 housekeeper] HikariPool-1 - Pool stats (total=10, active=0, idle=10, waiting=0)
2024-07-23 11:36:35,882 DEBUG c.z.h.p.HikariPool [HikariPool-1 housekeeper] HikariPool-1 - Fill pool skipped, pool has sufficient level or currently being filled.
2024-07-23 11:36:43,075 INFO l.LogbackLoggerAOP [http-nio-8080-exec-6] [[START]]com.example.demo.HelloController.helloajax() <=================
2024-07-23 11:36:43,075 INFO l.LogbackLoggerAOP [http-nio-8080-exec-6] Argument/Parameter : []
2024-07-23 11:36:43,075 INFO l.LogbackLoggerAOP [http-nio-8080-exec-6] ================[[END : helloajax()]]==================
2024-07-23 11:37:03,396 ERROR o.a.j.l.DirectJDKLog [http-nio-8080-exec-7] Servlet.service() for servlet [dispatcherServlet] in context with path [] threw exception [Request processing failed: java.lang.IllegalStateException: Optional int parameter 'password' is present but cannot be translated into a null value due to being declared as a primitive type. Consider declaring it as object wrapper for the corresponding primitive type.] with root cause
java.lang.IllegalStateException: Optional int parameter 'password' is present but cannot be translated into a null value due to being declared as a primitive type. Consider declaring it as object wrapper for the corresponding primitive type.
	at org.springframework.web.method.annotation.AbstractNamedValueMethodArgumentResolver.handleNullValue(AbstractNamedValueMethodArgumentResolver.java:272)
	at org.springframework.web.method.annotation.AbstractNamedValueMethodArgumentResolver.resolveArgument(AbstractNamedValueMethodArgumentResolver.java:129)
	at org.springframework.web.method.support.HandlerMethodArgumentResolverComposite.resolveArgument(HandlerMethodArgumentResolverComposite.java:122)
	at org.springframework.web.method.support.InvocableHandlerMethod.getMethodArgumentValues(InvocableHandlerMethod.java:224)
	at org.springframework.web.method.support.InvocableHandlerMethod.invokeForRequest(InvocableHandlerMethod.java:178)
	at org.springframework.web.servlet.mvc.method.annotation.ServletInvocableHandlerMethod.invokeAndHandle(ServletInvocableHandlerMethod.java:118)
	at org.springframework.web.servlet.mvc.method.annotation.RequestMappingHandlerAdapter.invokeHandlerMethod(RequestMappingHandlerAdapter.java:926)
	at org.springframework.web.servlet.mvc.method.annotation.RequestMappingHandlerAdapter.handleInternal(RequestMappingHandlerAdapter.java:831)
	at org.springframework.web.servlet.mvc.method.AbstractHandlerMethodAdapter.handle(AbstractHandlerMethodAdapter.java:87)
	at org.springframework.web.servlet.DispatcherServlet.doDispatch(DispatcherServlet.java:1089)
	at org.springframework.web.servlet.DispatcherServlet.doService(DispatcherServlet.java:979)
	at org.springframework.web.servlet.FrameworkServlet.processRequest(FrameworkServlet.java:1014)
	at org.springframework.web.servlet.FrameworkServlet.doGet(FrameworkServlet.java:903)
	at jakarta.servlet.http.HttpServlet.service(HttpServlet.java:527)
	at org.springframework.web.servlet.FrameworkServlet.service(FrameworkServlet.java:885)
	at jakarta.servlet.http.HttpServlet.service(HttpServlet.java:614)
	at org.apache.catalina.core.ApplicationFilterChain.internalDoFilter(ApplicationFilterChain.java:195)
	at org.apache.catalina.core.ApplicationFilterChain.doFilter(ApplicationFilterChain.java:140)
	at org.apache.tomcat.websocket.server.WsFilter.doFilter(WsFilter.java:51)
	at org.apache.catalina.core.ApplicationFilterChain.internalDoFilter(ApplicationFilterChain.java:164)
	at org.apache.catalina.core.ApplicationFilterChain.doFilter(ApplicationFilterChain.java:140)
	at org.springframework.web.filter.RequestContextFilter.doFilterInternal(RequestContextFilter.java:100)
	at org.springframework.web.filter.OncePerRequestFilter.doFilter(OncePerRequestFilter.java:116)
	at org.apache.catalina.core.ApplicationFilterChain.internalDoFilter(ApplicationFilterChain.java:164)
	at org.apache.catalina.core.ApplicationFilterChain.doFilter(ApplicationFilterChain.java:140)
	at org.springframework.web.filter.FormContentFilter.doFilterInternal(FormContentFilter.java:93)
	at org.springframework.web.filter.OncePerRequestFilter.doFilter(OncePerRequestFilter.java:116)
	at org.apache.catalina.core.ApplicationFilterChain.internalDoFilter(ApplicationFilterChain.java:164)
	at org.apache.catalina.core.ApplicationFilterChain.doFilter(ApplicationFilterChain.java:140)
	at org.springframework.web.filter.CharacterEncodingFilter.doFilterInternal(CharacterEncodingFilter.java:201)
	at org.springframework.web.filter.OncePerRequestFilter.doFilter(OncePerRequestFilter.java:116)
	at org.apache.catalina.core.ApplicationFilterChain.internalDoFilter(ApplicationFilterChain.java:164)
	at org.apache.catalina.core.ApplicationFilterChain.doFilter(ApplicationFilterChain.java:140)
	at org.apache.catalina.core.StandardWrapperValve.invoke(StandardWrapperValve.java:167)
	at org.apache.catalina.core.StandardContextValve.invoke(StandardContextValve.java:90)
	at org.apache.catalina.authenticator.AuthenticatorBase.invoke(AuthenticatorBase.java:482)
	at org.apache.catalina.core.StandardHostValve.invoke(StandardHostValve.java:115)
	at org.apache.catalina.valves.ErrorReportValve.invoke(ErrorReportValve.java:93)
	at org.apache.catalina.core.StandardEngineValve.invoke(StandardEngineValve.java:74)
	at org.apache.catalina.connector.CoyoteAdapter.service(CoyoteAdapter.java:344)
	at org.apache.coyote.http11.Http11Processor.service(Http11Processor.java:389)
	at org.apache.coyote.AbstractProcessorLight.process(AbstractProcessorLight.java:63)
	at org.apache.coyote.AbstractProtocol$ConnectionHandler.process(AbstractProtocol.java:904)
	at org.apache.tomcat.util.net.NioEndpoint$SocketProcessor.doRun(NioEndpoint.java:1741)
	at org.apache.tomcat.util.net.SocketProcessorBase.run(SocketProcessorBase.java:52)
	at org.apache.tomcat.util.threads.ThreadPoolExecutor.runWorker(ThreadPoolExecutor.java:1190)
	at org.apache.tomcat.util.threads.ThreadPoolExecutor$Worker.run(ThreadPoolExecutor.java:659)
	at org.apache.tomcat.util.threads.TaskThread$WrappingRunnable.run(TaskThread.java:63)
	at java.base/java.lang.Thread.run(Thread.java:840)
2024-07-23 11:37:05,886 DEBUG c.z.h.p.HikariPool [HikariPool-1 housekeeper] HikariPool-1 - Pool stats (total=10, active=0, idle=10, waiting=0)
2024-07-23 11:37:05,886 DEBUG c.z.h.p.HikariPool [HikariPool-1 housekeeper] HikariPool-1 - Fill pool skipped, pool has sufficient level or currently being filled.
2024-07-23 11:37:35,898 DEBUG c.z.h.p.HikariPool [HikariPool-1 housekeeper] HikariPool-1 - Pool stats (total=10, active=0, idle=10, waiting=0)
2024-07-23 11:37:35,898 DEBUG c.z.h.p.HikariPool [HikariPool-1 housekeeper] HikariPool-1 - Fill pool skipped, pool has sufficient level or currently being filled.
2024-07-23 11:38:05,905 DEBUG c.z.h.p.HikariPool [HikariPool-1 housekeeper] HikariPool-1 - Pool stats (total=10, active=0, idle=10, waiting=0)
2024-07-23 11:38:05,905 DEBUG c.z.h.p.HikariPool [HikariPool-1 housekeeper] HikariPool-1 - Fill pool skipped, pool has sufficient level or currently being filled.
2024-07-23 11:38:32,439 INFO l.LogbackLoggerAOP [http-nio-8080-exec-9] [[START]]com.example.demo.HelloController.helloajax() <=================
2024-07-23 11:38:32,439 INFO l.LogbackLoggerAOP [http-nio-8080-exec-9] Argument/Parameter : []
2024-07-23 11:38:32,440 INFO l.LogbackLoggerAOP [http-nio-8080-exec-9] ================[[END : helloajax()]]==================
2024-07-23 11:38:35,917 DEBUG c.z.h.p.HikariPool [HikariPool-1 housekeeper] HikariPool-1 - Pool stats (total=10, active=0, idle=10, waiting=0)
2024-07-23 11:38:35,918 DEBUG c.z.h.p.HikariPool [HikariPool-1 housekeeper] HikariPool-1 - Fill pool skipped, pool has sufficient level or currently being filled.
2024-07-23 11:39:05,924 DEBUG c.z.h.p.HikariPool [HikariPool-1 housekeeper] HikariPool-1 - Pool stats (total=10, active=0, idle=10, waiting=0)
2024-07-23 11:39:05,924 DEBUG c.z.h.p.HikariPool [HikariPool-1 housekeeper] HikariPool-1 - Fill pool skipped, pool has sufficient level or currently being filled.
2024-07-23 11:39:35,931 DEBUG c.z.h.p.HikariPool [HikariPool-1 housekeeper] HikariPool-1 - Pool stats (total=10, active=0, idle=10, waiting=0)
2024-07-23 11:39:35,931 DEBUG c.z.h.p.HikariPool [HikariPool-1 housekeeper] HikariPool-1 - Fill pool skipped, pool has sufficient level or currently being filled.
2024-07-23 11:40:05,946 DEBUG c.z.h.p.HikariPool [HikariPool-1 housekeeper] HikariPool-1 - Pool stats (total=10, active=0, idle=10, waiting=0)
2024-07-23 11:40:05,946 DEBUG c.z.h.p.HikariPool [HikariPool-1 housekeeper] HikariPool-1 - Fill pool skipped, pool has sufficient level or currently being filled.
2024-07-23 11:40:35,950 DEBUG c.z.h.p.HikariPool [HikariPool-1 housekeeper] HikariPool-1 - Pool stats (total=10, active=0, idle=10, waiting=0)
2024-07-23 11:40:35,950 DEBUG c.z.h.p.HikariPool [HikariPool-1 housekeeper] HikariPool-1 - Fill pool skipped, pool has sufficient level or currently being filled.
2024-07-23 11:41:05,963 DEBUG c.z.h.p.HikariPool [HikariPool-1 housekeeper] HikariPool-1 - Pool stats (total=10, active=0, idle=10, waiting=0)
2024-07-23 11:41:05,963 DEBUG c.z.h.p.HikariPool [HikariPool-1 housekeeper] HikariPool-1 - Fill pool skipped, pool has sufficient level or currently being filled.
2024-07-23 11:41:23,006 ERROR o.a.j.l.DirectJDKLog [http-nio-8080-exec-3] Servlet.service() for servlet [dispatcherServlet] in context with path [] threw exception [Request processing failed: java.lang.IllegalStateException: Optional int parameter 'password' is present but cannot be translated into a null value due to being declared as a primitive type. Consider declaring it as object wrapper for the corresponding primitive type.] with root cause
java.lang.IllegalStateException: Optional int parameter 'password' is present but cannot be translated into a null value due to being declared as a primitive type. Consider declaring it as object wrapper for the corresponding primitive type.
	at org.springframework.web.method.annotation.AbstractNamedValueMethodArgumentResolver.handleNullValue(AbstractNamedValueMethodArgumentResolver.java:272)
	at org.springframework.web.method.annotation.AbstractNamedValueMethodArgumentResolver.resolveArgument(AbstractNamedValueMethodArgumentResolver.java:129)
	at org.springframework.web.method.support.HandlerMethodArgumentResolverComposite.resolveArgument(HandlerMethodArgumentResolverComposite.java:122)
	at org.springframework.web.method.support.InvocableHandlerMethod.getMethodArgumentValues(InvocableHandlerMethod.java:224)
	at org.springframework.web.method.support.InvocableHandlerMethod.invokeForRequest(InvocableHandlerMethod.java:178)
	at org.springframework.web.servlet.mvc.method.annotation.ServletInvocableHandlerMethod.invokeAndHandle(ServletInvocableHandlerMethod.java:118)
	at org.springframework.web.servlet.mvc.method.annotation.RequestMappingHandlerAdapter.invokeHandlerMethod(RequestMappingHandlerAdapter.java:926)
	at org.springframework.web.servlet.mvc.method.annotation.RequestMappingHandlerAdapter.handleInternal(RequestMappingHandlerAdapter.java:831)
	at org.springframework.web.servlet.mvc.method.AbstractHandlerMethodAdapter.handle(AbstractHandlerMethodAdapter.java:87)
	at org.springframework.web.servlet.DispatcherServlet.doDispatch(DispatcherServlet.java:1089)
	at org.springframework.web.servlet.DispatcherServlet.doService(DispatcherServlet.java:979)
	at org.springframework.web.servlet.FrameworkServlet.processRequest(FrameworkServlet.java:1014)
	at org.springframework.web.servlet.FrameworkServlet.doGet(FrameworkServlet.java:903)
	at jakarta.servlet.http.HttpServlet.service(HttpServlet.java:527)
	at org.springframework.web.servlet.FrameworkServlet.service(FrameworkServlet.java:885)
	at jakarta.servlet.http.HttpServlet.service(HttpServlet.java:614)
	at org.apache.catalina.core.ApplicationFilterChain.internalDoFilter(ApplicationFilterChain.java:195)
	at org.apache.catalina.core.ApplicationFilterChain.doFilter(ApplicationFilterChain.java:140)
	at org.apache.tomcat.websocket.server.WsFilter.doFilter(WsFilter.java:51)
	at org.apache.catalina.core.ApplicationFilterChain.internalDoFilter(ApplicationFilterChain.java:164)
	at org.apache.catalina.core.ApplicationFilterChain.doFilter(ApplicationFilterChain.java:140)
	at org.springframework.web.filter.RequestContextFilter.doFilterInternal(RequestContextFilter.java:100)
	at org.springframework.web.filter.OncePerRequestFilter.doFilter(OncePerRequestFilter.java:116)
	at org.apache.catalina.core.ApplicationFilterChain.internalDoFilter(ApplicationFilterChain.java:164)
	at org.apache.catalina.core.ApplicationFilterChain.doFilter(ApplicationFilterChain.java:140)
	at org.springframework.web.filter.FormContentFilter.doFilterInternal(FormContentFilter.java:93)
	at org.springframework.web.filter.OncePerRequestFilter.doFilter(OncePerRequestFilter.java:116)
	at org.apache.catalina.core.ApplicationFilterChain.internalDoFilter(ApplicationFilterChain.java:164)
	at org.apache.catalina.core.ApplicationFilterChain.doFilter(ApplicationFilterChain.java:140)
	at org.springframework.web.filter.CharacterEncodingFilter.doFilterInternal(CharacterEncodingFilter.java:201)
	at org.springframework.web.filter.OncePerRequestFilter.doFilter(OncePerRequestFilter.java:116)
	at org.apache.catalina.core.ApplicationFilterChain.internalDoFilter(ApplicationFilterChain.java:164)
	at org.apache.catalina.core.ApplicationFilterChain.doFilter(ApplicationFilterChain.java:140)
	at org.apache.catalina.core.StandardWrapperValve.invoke(StandardWrapperValve.java:167)
	at org.apache.catalina.core.StandardContextValve.invoke(StandardContextValve.java:90)
	at org.apache.catalina.authenticator.AuthenticatorBase.invoke(AuthenticatorBase.java:482)
	at org.apache.catalina.core.StandardHostValve.invoke(StandardHostValve.java:115)
	at org.apache.catalina.valves.ErrorReportValve.invoke(ErrorReportValve.java:93)
	at org.apache.catalina.core.StandardEngineValve.invoke(StandardEngineValve.java:74)
	at org.apache.catalina.connector.CoyoteAdapter.service(CoyoteAdapter.java:344)
	at org.apache.coyote.http11.Http11Processor.service(Http11Processor.java:389)
	at org.apache.coyote.AbstractProcessorLight.process(AbstractProcessorLight.java:63)
	at org.apache.coyote.AbstractProtocol$ConnectionHandler.process(AbstractProtocol.java:904)
	at org.apache.tomcat.util.net.NioEndpoint$SocketProcessor.doRun(NioEndpoint.java:1741)
	at org.apache.tomcat.util.net.SocketProcessorBase.run(SocketProcessorBase.java:52)
	at org.apache.tomcat.util.threads.ThreadPoolExecutor.runWorker(ThreadPoolExecutor.java:1190)
	at org.apache.tomcat.util.threads.ThreadPoolExecutor$Worker.run(ThreadPoolExecutor.java:659)
	at org.apache.tomcat.util.threads.TaskThread$WrappingRunnable.run(TaskThread.java:63)
	at java.base/java.lang.Thread.run(Thread.java:840)
2024-07-23 11:41:35,964 DEBUG c.z.h.p.HikariPool [HikariPool-1 housekeeper] HikariPool-1 - Pool stats (total=10, active=0, idle=10, waiting=0)
2024-07-23 11:41:35,964 DEBUG c.z.h.p.HikariPool [HikariPool-1 housekeeper] HikariPool-1 - Fill pool skipped, pool has sufficient level or currently being filled.
2024-07-23 11:42:05,972 DEBUG c.z.h.p.HikariPool [HikariPool-1 housekeeper] HikariPool-1 - Pool stats (total=10, active=0, idle=10, waiting=0)
2024-07-23 11:42:05,972 DEBUG c.z.h.p.HikariPool [HikariPool-1 housekeeper] HikariPool-1 - Fill pool skipped, pool has sufficient level or currently being filled.
2024-07-23 11:42:35,986 DEBUG c.z.h.p.HikariPool [HikariPool-1 housekeeper] HikariPool-1 - Pool stats (total=10, active=0, idle=10, waiting=0)
2024-07-23 11:42:35,986 DEBUG c.z.h.p.HikariPool [HikariPool-1 housekeeper] HikariPool-1 - Fill pool skipped, pool has sufficient level or currently being filled.
2024-07-23 11:43:06,002 DEBUG c.z.h.p.HikariPool [HikariPool-1 housekeeper] HikariPool-1 - Pool stats (total=10, active=0, idle=10, waiting=0)
2024-07-23 11:43:06,002 DEBUG c.z.h.p.HikariPool [HikariPool-1 housekeeper] HikariPool-1 - Fill pool skipped, pool has sufficient level or currently being filled.
2024-07-23 11:43:36,004 DEBUG c.z.h.p.HikariPool [HikariPool-1 housekeeper] HikariPool-1 - Pool stats (total=10, active=0, idle=10, waiting=0)
2024-07-23 11:43:36,004 DEBUG c.z.h.p.HikariPool [HikariPool-1 housekeeper] HikariPool-1 - Fill pool skipped, pool has sufficient level or currently being filled.
2024-07-23 11:44:06,007 DEBUG c.z.h.p.HikariPool [HikariPool-1 housekeeper] HikariPool-1 - Pool stats (total=10, active=0, idle=10, waiting=0)
2024-07-23 11:44:06,007 DEBUG c.z.h.p.HikariPool [HikariPool-1 housekeeper] HikariPool-1 - Fill pool skipped, pool has sufficient level or currently being filled.
2024-07-23 11:44:36,012 DEBUG c.z.h.p.HikariPool [HikariPool-1 housekeeper] HikariPool-1 - Pool stats (total=10, active=0, idle=10, waiting=0)
2024-07-23 11:44:36,012 DEBUG c.z.h.p.HikariPool [HikariPool-1 housekeeper] HikariPool-1 - Fill pool skipped, pool has sufficient level or currently being filled.
2024-07-23 11:45:06,014 DEBUG c.z.h.p.HikariPool [HikariPool-1 housekeeper] HikariPool-1 - Pool stats (total=10, active=0, idle=10, waiting=0)
2024-07-23 11:45:06,014 DEBUG c.z.h.p.HikariPool [HikariPool-1 housekeeper] HikariPool-1 - Fill pool skipped, pool has sufficient level or currently being filled.
2024-07-23 11:45:36,026 DEBUG c.z.h.p.HikariPool [HikariPool-1 housekeeper] HikariPool-1 - Pool stats (total=10, active=0, idle=10, waiting=0)
2024-07-23 11:45:36,027 DEBUG c.z.h.p.HikariPool [HikariPool-1 housekeeper] HikariPool-1 - Fill pool skipped, pool has sufficient level or currently being filled.
2024-07-23 11:46:06,036 DEBUG c.z.h.p.HikariPool [HikariPool-1 housekeeper] HikariPool-1 - Pool stats (total=10, active=0, idle=10, waiting=0)
2024-07-23 11:46:06,036 DEBUG c.z.h.p.HikariPool [HikariPool-1 housekeeper] HikariPool-1 - Fill pool skipped, pool has sufficient level or currently being filled.
2024-07-23 11:46:36,045 DEBUG c.z.h.p.HikariPool [HikariPool-1 housekeeper] HikariPool-1 - Pool stats (total=10, active=0, idle=10, waiting=0)
2024-07-23 11:46:36,045 DEBUG c.z.h.p.HikariPool [HikariPool-1 housekeeper] HikariPool-1 - Fill pool skipped, pool has sufficient level or currently being filled.
2024-07-23 11:47:06,053 DEBUG c.z.h.p.HikariPool [HikariPool-1 housekeeper] HikariPool-1 - Pool stats (total=10, active=0, idle=10, waiting=0)
2024-07-23 11:47:06,053 DEBUG c.z.h.p.HikariPool [HikariPool-1 housekeeper] HikariPool-1 - Fill pool skipped, pool has sufficient level or currently being filled.
2024-07-23 11:47:36,065 DEBUG c.z.h.p.HikariPool [HikariPool-1 housekeeper] HikariPool-1 - Pool stats (total=10, active=0, idle=10, waiting=0)
2024-07-23 11:47:36,065 DEBUG c.z.h.p.HikariPool [HikariPool-1 housekeeper] HikariPool-1 - Fill pool skipped, pool has sufficient level or currently being filled.
2024-07-23 11:48:06,066 DEBUG c.z.h.p.HikariPool [HikariPool-1 housekeeper] HikariPool-1 - Pool stats (total=10, active=0, idle=10, waiting=0)
2024-07-23 11:48:06,066 DEBUG c.z.h.p.HikariPool [HikariPool-1 housekeeper] HikariPool-1 - Fill pool skipped, pool has sufficient level or currently being filled.
2024-07-23 11:48:36,075 DEBUG c.z.h.p.HikariPool [HikariPool-1 housekeeper] HikariPool-1 - Pool stats (total=10, active=0, idle=10, waiting=0)
2024-07-23 11:48:36,075 DEBUG c.z.h.p.HikariPool [HikariPool-1 housekeeper] HikariPool-1 - Fill pool skipped, pool has sufficient level or currently being filled.
2024-07-23 11:49:06,079 DEBUG c.z.h.p.HikariPool [HikariPool-1 housekeeper] HikariPool-1 - Pool stats (total=10, active=0, idle=10, waiting=0)
2024-07-23 11:49:06,079 DEBUG c.z.h.p.HikariPool [HikariPool-1 housekeeper] HikariPool-1 - Fill pool skipped, pool has sufficient level or currently being filled.
2024-07-23 11:49:36,086 DEBUG c.z.h.p.HikariPool [HikariPool-1 housekeeper] HikariPool-1 - Pool stats (total=10, active=0, idle=10, waiting=0)
2024-07-23 11:49:36,086 DEBUG c.z.h.p.HikariPool [HikariPool-1 housekeeper] HikariPool-1 - Fill pool skipped, pool has sufficient level or currently being filled.
2024-07-23 11:50:06,102 DEBUG c.z.h.p.HikariPool [HikariPool-1 housekeeper] HikariPool-1 - Pool stats (total=10, active=0, idle=10, waiting=0)
2024-07-23 11:50:06,108 DEBUG c.z.h.p.HikariPool [HikariPool-1 housekeeper] HikariPool-1 - Fill pool skipped, pool has sufficient level or currently being filled.
2024-07-23 11:50:36,117 DEBUG c.z.h.p.HikariPool [HikariPool-1 housekeeper] HikariPool-1 - Pool stats (total=10, active=0, idle=10, waiting=0)
2024-07-23 11:50:36,117 DEBUG c.z.h.p.HikariPool [HikariPool-1 housekeeper] HikariPool-1 - Fill pool skipped, pool has sufficient level or currently being filled.
2024-07-23 11:51:06,133 DEBUG c.z.h.p.HikariPool [HikariPool-1 housekeeper] HikariPool-1 - Pool stats (total=10, active=0, idle=10, waiting=0)
2024-07-23 11:51:06,133 DEBUG c.z.h.p.HikariPool [HikariPool-1 housekeeper] HikariPool-1 - Fill pool skipped, pool has sufficient level or currently being filled.
2024-07-23 11:51:36,137 DEBUG c.z.h.p.HikariPool [HikariPool-1 housekeeper] HikariPool-1 - Pool stats (total=10, active=0, idle=10, waiting=0)
2024-07-23 11:51:36,138 DEBUG c.z.h.p.HikariPool [HikariPool-1 housekeeper] HikariPool-1 - Fill pool skipped, pool has sufficient level or currently being filled.
2024-07-23 11:52:06,144 DEBUG c.z.h.p.HikariPool [HikariPool-1 housekeeper] HikariPool-1 - Pool stats (total=10, active=0, idle=10, waiting=0)
2024-07-23 11:52:06,145 DEBUG c.z.h.p.HikariPool [HikariPool-1 housekeeper] HikariPool-1 - Fill pool skipped, pool has sufficient level or currently being filled.
2024-07-23 11:52:36,160 DEBUG c.z.h.p.HikariPool [HikariPool-1 housekeeper] HikariPool-1 - Pool stats (total=10, active=0, idle=10, waiting=0)
2024-07-23 11:52:36,160 DEBUG c.z.h.p.HikariPool [HikariPool-1 housekeeper] HikariPool-1 - Fill pool skipped, pool has sufficient level or currently being filled.
2024-07-23 11:53:06,167 DEBUG c.z.h.p.HikariPool [HikariPool-1 housekeeper] HikariPool-1 - Pool stats (total=10, active=0, idle=10, waiting=0)
2024-07-23 11:53:06,167 DEBUG c.z.h.p.HikariPool [HikariPool-1 housekeeper] HikariPool-1 - Fill pool skipped, pool has sufficient level or currently being filled.
2024-07-23 11:53:36,175 DEBUG c.z.h.p.HikariPool [HikariPool-1 housekeeper] HikariPool-1 - Pool stats (total=10, active=0, idle=10, waiting=0)
2024-07-23 11:53:36,176 DEBUG c.z.h.p.HikariPool [HikariPool-1 housekeeper] HikariPool-1 - Fill pool skipped, pool has sufficient level or currently being filled.
2024-07-23 11:54:06,190 DEBUG c.z.h.p.HikariPool [HikariPool-1 housekeeper] HikariPool-1 - Pool stats (total=10, active=0, idle=10, waiting=0)
2024-07-23 11:54:06,190 DEBUG c.z.h.p.HikariPool [HikariPool-1 housekeeper] HikariPool-1 - Fill pool skipped, pool has sufficient level or currently being filled.
2024-07-23 11:54:36,205 DEBUG c.z.h.p.HikariPool [HikariPool-1 housekeeper] HikariPool-1 - Pool stats (total=10, active=0, idle=10, waiting=0)
2024-07-23 11:54:36,205 DEBUG c.z.h.p.HikariPool [HikariPool-1 housekeeper] HikariPool-1 - Fill pool skipped, pool has sufficient level or currently being filled.
2024-07-23 11:55:06,218 DEBUG c.z.h.p.HikariPool [HikariPool-1 housekeeper] HikariPool-1 - Pool stats (total=10, active=0, idle=10, waiting=0)
2024-07-23 11:55:06,218 DEBUG c.z.h.p.HikariPool [HikariPool-1 housekeeper] HikariPool-1 - Fill pool skipped, pool has sufficient level or currently being filled.
2024-07-23 11:55:36,220 DEBUG c.z.h.p.HikariPool [HikariPool-1 housekeeper] HikariPool-1 - Pool stats (total=10, active=0, idle=10, waiting=0)
2024-07-23 11:55:36,221 DEBUG c.z.h.p.HikariPool [HikariPool-1 housekeeper] HikariPool-1 - Fill pool skipped, pool has sufficient level or currently being filled.
2024-07-23 11:56:06,225 DEBUG c.z.h.p.HikariPool [HikariPool-1 housekeeper] HikariPool-1 - Pool stats (total=10, active=0, idle=10, waiting=0)
2024-07-23 11:56:06,225 DEBUG c.z.h.p.HikariPool [HikariPool-1 housekeeper] HikariPool-1 - Fill pool skipped, pool has sufficient level or currently being filled.
2024-07-23 11:56:36,234 DEBUG c.z.h.p.HikariPool [HikariPool-1 housekeeper] HikariPool-1 - Pool stats (total=10, active=0, idle=10, waiting=0)
2024-07-23 11:56:36,235 DEBUG c.z.h.p.HikariPool [HikariPool-1 housekeeper] HikariPool-1 - Fill pool skipped, pool has sufficient level or currently being filled.
2024-07-23 11:57:06,237 DEBUG c.z.h.p.HikariPool [HikariPool-1 housekeeper] HikariPool-1 - Pool stats (total=10, active=0, idle=10, waiting=0)
2024-07-23 11:57:06,238 DEBUG c.z.h.p.HikariPool [HikariPool-1 housekeeper] HikariPool-1 - Fill pool skipped, pool has sufficient level or currently being filled.
2024-07-23 11:57:36,253 DEBUG c.z.h.p.HikariPool [HikariPool-1 housekeeper] HikariPool-1 - Pool stats (total=10, active=0, idle=10, waiting=0)
2024-07-23 11:57:36,254 DEBUG c.z.h.p.HikariPool [HikariPool-1 housekeeper] HikariPool-1 - Fill pool skipped, pool has sufficient level or currently being filled.
2024-07-23 11:58:06,266 DEBUG c.z.h.p.HikariPool [HikariPool-1 housekeeper] HikariPool-1 - Pool stats (total=10, active=0, idle=10, waiting=0)
2024-07-23 11:58:06,266 DEBUG c.z.h.p.HikariPool [HikariPool-1 housekeeper] HikariPool-1 - Fill pool skipped, pool has sufficient level or currently being filled.
2024-07-23 11:58:36,273 DEBUG c.z.h.p.HikariPool [HikariPool-1 housekeeper] HikariPool-1 - Pool stats (total=10, active=0, idle=10, waiting=0)
2024-07-23 11:58:36,274 DEBUG c.z.h.p.HikariPool [HikariPool-1 housekeeper] HikariPool-1 - Fill pool skipped, pool has sufficient level or currently being filled.
2024-07-23 11:59:06,285 DEBUG c.z.h.p.HikariPool [HikariPool-1 housekeeper] HikariPool-1 - Pool stats (total=10, active=0, idle=10, waiting=0)
2024-07-23 11:59:06,285 DEBUG c.z.h.p.HikariPool [HikariPool-1 housekeeper] HikariPool-1 - Fill pool skipped, pool has sufficient level or currently being filled.
2024-07-23 11:59:36,287 DEBUG c.z.h.p.HikariPool [HikariPool-1 housekeeper] HikariPool-1 - Pool stats (total=10, active=0, idle=10, waiting=0)
2024-07-23 11:59:36,288 DEBUG c.z.h.p.HikariPool [HikariPool-1 housekeeper] HikariPool-1 - Fill pool skipped, pool has sufficient level or currently being filled.
