2024-07-11 18:00:10,862 DEBUG c.z.h.p.HikariPool [HikariPool-14 housekeeper] HikariPool-14 - Pool stats (total=10, active=0, idle=10, waiting=0)
2024-07-11 18:00:10,864 DEBUG c.z.h.p.HikariPool [HikariPool-14 housekeeper] HikariPool-14 - Fill pool skipped, pool has sufficient level or currently being filled.
2024-07-11 18:00:40,869 DEBUG c.z.h.p.HikariPool [HikariPool-14 housekeeper] HikariPool-14 - Pool stats (total=10, active=0, idle=10, waiting=0)
2024-07-11 18:00:40,869 DEBUG c.z.h.p.HikariPool [HikariPool-14 housekeeper] HikariPool-14 - Fill pool skipped, pool has sufficient level or currently being filled.
2024-07-11 18:01:10,896 DEBUG c.z.h.p.HikariPool [HikariPool-14 housekeeper] HikariPool-14 - Pool stats (total=10, active=0, idle=10, waiting=0)
2024-07-11 18:01:10,896 DEBUG c.z.h.p.HikariPool [HikariPool-14 housekeeper] HikariPool-14 - Fill pool skipped, pool has sufficient level or currently being filled.
2024-07-11 18:01:40,913 DEBUG c.z.h.p.HikariPool [HikariPool-14 housekeeper] HikariPool-14 - Pool stats (total=10, active=0, idle=10, waiting=0)
2024-07-11 18:01:40,913 DEBUG c.z.h.p.HikariPool [HikariPool-14 housekeeper] HikariPool-14 - Fill pool skipped, pool has sufficient level or currently being filled.
2024-07-11 18:02:10,922 DEBUG c.z.h.p.HikariPool [HikariPool-14 housekeeper] HikariPool-14 - Pool stats (total=10, active=0, idle=10, waiting=0)
2024-07-11 18:02:10,923 DEBUG c.z.h.p.HikariPool [HikariPool-14 housekeeper] HikariPool-14 - Fill pool skipped, pool has sufficient level or currently being filled.
2024-07-11 18:02:40,933 DEBUG c.z.h.p.HikariPool [HikariPool-14 housekeeper] HikariPool-14 - Pool stats (total=10, active=0, idle=10, waiting=0)
2024-07-11 18:02:40,933 DEBUG c.z.h.p.HikariPool [HikariPool-14 housekeeper] HikariPool-14 - Fill pool skipped, pool has sufficient level or currently being filled.
2024-07-11 18:03:10,949 DEBUG c.z.h.p.HikariPool [HikariPool-14 housekeeper] HikariPool-14 - Pool stats (total=10, active=0, idle=10, waiting=0)
2024-07-11 18:03:10,950 DEBUG c.z.h.p.HikariPool [HikariPool-14 housekeeper] HikariPool-14 - Fill pool skipped, pool has sufficient level or currently being filled.
2024-07-11 18:03:40,952 DEBUG c.z.h.p.HikariPool [HikariPool-14 housekeeper] HikariPool-14 - Pool stats (total=10, active=0, idle=10, waiting=0)
2024-07-11 18:03:40,952 DEBUG c.z.h.p.HikariPool [HikariPool-14 housekeeper] HikariPool-14 - Fill pool skipped, pool has sufficient level or currently being filled.
2024-07-11 18:04:10,965 DEBUG c.z.h.p.HikariPool [HikariPool-14 housekeeper] HikariPool-14 - Pool stats (total=10, active=0, idle=10, waiting=0)
2024-07-11 18:04:10,965 DEBUG c.z.h.p.HikariPool [HikariPool-14 housekeeper] HikariPool-14 - Fill pool skipped, pool has sufficient level or currently being filled.
2024-07-11 18:04:40,977 DEBUG c.z.h.p.HikariPool [HikariPool-14 housekeeper] HikariPool-14 - Pool stats (total=10, active=0, idle=10, waiting=0)
2024-07-11 18:04:40,977 DEBUG c.z.h.p.HikariPool [HikariPool-14 housekeeper] HikariPool-14 - Fill pool skipped, pool has sufficient level or currently being filled.
2024-07-11 18:05:10,983 DEBUG c.z.h.p.HikariPool [HikariPool-14 housekeeper] HikariPool-14 - Pool stats (total=10, active=0, idle=10, waiting=0)
2024-07-11 18:05:10,984 DEBUG c.z.h.p.HikariPool [HikariPool-14 housekeeper] HikariPool-14 - Fill pool skipped, pool has sufficient level or currently being filled.
2024-07-11 18:05:40,992 DEBUG c.z.h.p.HikariPool [HikariPool-14 housekeeper] HikariPool-14 - Pool stats (total=10, active=0, idle=10, waiting=0)
2024-07-11 18:05:40,992 DEBUG c.z.h.p.HikariPool [HikariPool-14 housekeeper] HikariPool-14 - Fill pool skipped, pool has sufficient level or currently being filled.
2024-07-11 18:06:11,006 DEBUG c.z.h.p.HikariPool [HikariPool-14 housekeeper] HikariPool-14 - Pool stats (total=10, active=0, idle=10, waiting=0)
2024-07-11 18:06:11,007 DEBUG c.z.h.p.HikariPool [HikariPool-14 housekeeper] HikariPool-14 - Fill pool skipped, pool has sufficient level or currently being filled.
2024-07-11 18:06:41,012 DEBUG c.z.h.p.HikariPool [HikariPool-14 housekeeper] HikariPool-14 - Pool stats (total=10, active=0, idle=10, waiting=0)
2024-07-11 18:06:41,012 DEBUG c.z.h.p.HikariPool [HikariPool-14 housekeeper] HikariPool-14 - Fill pool skipped, pool has sufficient level or currently being filled.
2024-07-11 18:07:11,020 DEBUG c.z.h.p.HikariPool [HikariPool-14 housekeeper] HikariPool-14 - Pool stats (total=10, active=0, idle=10, waiting=0)
2024-07-11 18:07:11,021 DEBUG c.z.h.p.HikariPool [HikariPool-14 housekeeper] HikariPool-14 - Fill pool skipped, pool has sufficient level or currently being filled.
2024-07-11 18:07:41,035 DEBUG c.z.h.p.HikariPool [HikariPool-14 housekeeper] HikariPool-14 - Pool stats (total=10, active=0, idle=10, waiting=0)
2024-07-11 18:07:41,035 DEBUG c.z.h.p.HikariPool [HikariPool-14 housekeeper] HikariPool-14 - Fill pool skipped, pool has sufficient level or currently being filled.
2024-07-11 18:08:11,036 DEBUG c.z.h.p.HikariPool [HikariPool-14 housekeeper] HikariPool-14 - Pool stats (total=10, active=0, idle=10, waiting=0)
2024-07-11 18:08:11,037 DEBUG c.z.h.p.HikariPool [HikariPool-14 housekeeper] HikariPool-14 - Fill pool skipped, pool has sufficient level or currently being filled.
2024-07-11 18:08:41,051 DEBUG c.z.h.p.HikariPool [HikariPool-14 housekeeper] HikariPool-14 - Pool stats (total=10, active=0, idle=10, waiting=0)
2024-07-11 18:08:41,051 DEBUG c.z.h.p.HikariPool [HikariPool-14 housekeeper] HikariPool-14 - Fill pool skipped, pool has sufficient level or currently being filled.
2024-07-11 18:09:11,058 DEBUG c.z.h.p.HikariPool [HikariPool-14 housekeeper] HikariPool-14 - Pool stats (total=10, active=0, idle=10, waiting=0)
2024-07-11 18:09:11,058 DEBUG c.z.h.p.HikariPool [HikariPool-14 housekeeper] HikariPool-14 - Fill pool skipped, pool has sufficient level or currently being filled.
2024-07-11 18:09:41,071 DEBUG c.z.h.p.HikariPool [HikariPool-14 housekeeper] HikariPool-14 - Pool stats (total=10, active=0, idle=10, waiting=0)
2024-07-11 18:09:41,071 DEBUG c.z.h.p.HikariPool [HikariPool-14 housekeeper] HikariPool-14 - Fill pool skipped, pool has sufficient level or currently being filled.
2024-07-11 18:10:11,079 DEBUG c.z.h.p.HikariPool [HikariPool-14 housekeeper] HikariPool-14 - Pool stats (total=10, active=0, idle=10, waiting=0)
2024-07-11 18:10:11,079 DEBUG c.z.h.p.HikariPool [HikariPool-14 housekeeper] HikariPool-14 - Fill pool skipped, pool has sufficient level or currently being filled.
2024-07-11 18:10:41,086 DEBUG c.z.h.p.HikariPool [HikariPool-14 housekeeper] HikariPool-14 - Pool stats (total=10, active=0, idle=10, waiting=0)
2024-07-11 18:10:41,086 DEBUG c.z.h.p.HikariPool [HikariPool-14 housekeeper] HikariPool-14 - Fill pool skipped, pool has sufficient level or currently being filled.
2024-07-11 18:11:11,099 DEBUG c.z.h.p.HikariPool [HikariPool-14 housekeeper] HikariPool-14 - Pool stats (total=10, active=0, idle=10, waiting=0)
2024-07-11 18:11:11,100 DEBUG c.z.h.p.HikariPool [HikariPool-14 housekeeper] HikariPool-14 - Fill pool skipped, pool has sufficient level or currently being filled.
2024-07-11 18:11:41,106 DEBUG c.z.h.p.HikariPool [HikariPool-14 housekeeper] HikariPool-14 - Pool stats (total=10, active=0, idle=10, waiting=0)
2024-07-11 18:11:41,106 DEBUG c.z.h.p.HikariPool [HikariPool-14 housekeeper] HikariPool-14 - Fill pool skipped, pool has sufficient level or currently being filled.
2024-07-11 18:12:11,111 DEBUG c.z.h.p.HikariPool [HikariPool-14 housekeeper] HikariPool-14 - Pool stats (total=10, active=0, idle=10, waiting=0)
2024-07-11 18:12:11,111 DEBUG c.z.h.p.HikariPool [HikariPool-14 housekeeper] HikariPool-14 - Fill pool skipped, pool has sufficient level or currently being filled.
2024-07-11 18:12:41,119 DEBUG c.z.h.p.HikariPool [HikariPool-14 housekeeper] HikariPool-14 - Pool stats (total=10, active=0, idle=10, waiting=0)
2024-07-11 18:12:41,119 DEBUG c.z.h.p.HikariPool [HikariPool-14 housekeeper] HikariPool-14 - Fill pool skipped, pool has sufficient level or currently being filled.
2024-07-11 18:13:07,684 INFO o.s.b.a.SpringApplicationAdminMXBeanRegistrar$SpringApplicationAdmin [RMI TCP Connection(302)-127.0.0.1] Application shutdown requested.
2024-07-11 18:13:07,687 INFO o.a.j.l.DirectJDKLog [RMI TCP Connection(302)-127.0.0.1] Stopping ProtocolHandler ["http-nio-8080"]
2024-07-11 18:13:07,688 INFO s.EmitterRepository [http-nio-8080-exec-3] Deleted SseEmitter for 1
2024-07-11 18:13:07,688 INFO s.EmitterRepository [http-nio-8080-exec-2] Deleted SseEmitter for 2
2024-07-11 18:13:07,690 WARN o.s.w.s.m.s.DefaultHandlerExceptionResolver [http-nio-8080-exec-3] Ignoring exception, response committed already: org.springframework.web.context.request.async.AsyncRequestTimeoutException
2024-07-11 18:13:07,690 WARN o.s.w.s.m.s.DefaultHandlerExceptionResolver [http-nio-8080-exec-2] Ignoring exception, response committed already: org.springframework.web.context.request.async.AsyncRequestTimeoutException
2024-07-11 18:13:07,690 WARN o.s.w.s.h.AbstractHandlerExceptionResolver [http-nio-8080-exec-3] Resolved [org.springframework.web.context.request.async.AsyncRequestTimeoutException]
2024-07-11 18:13:07,690 WARN o.s.w.s.h.AbstractHandlerExceptionResolver [http-nio-8080-exec-2] Resolved [org.springframework.web.context.request.async.AsyncRequestTimeoutException]
2024-07-11 18:13:07,690 INFO s.EmitterRepository [http-nio-8080-exec-3] Deleted SseEmitter for 1
2024-07-11 18:13:07,690 INFO s.EmitterRepository [http-nio-8080-exec-2] Deleted SseEmitter for 2
2024-07-11 18:13:07,845 INFO c.z.h.HikariDataSource [RMI TCP Connection(302)-127.0.0.1] HikariPool-14 - Shutdown initiated...
2024-07-11 18:13:07,845 DEBUG c.z.h.p.HikariPool [RMI TCP Connection(302)-127.0.0.1] HikariPool-14 - Before shutdown stats (total=10, active=0, idle=10, waiting=0)
2024-07-11 18:13:07,845 DEBUG c.z.h.p.PoolBase [HikariPool-14 connection closer] HikariPool-14 - Closing connection com.mysql.cj.jdbc.ConnectionImpl@1a9cf8da: (connection evicted)
2024-07-11 18:13:07,846 DEBUG c.z.h.p.PoolBase [HikariPool-14 connection closer] HikariPool-14 - Closing connection com.mysql.cj.jdbc.ConnectionImpl@5ba1f2e1: (connection evicted)
2024-07-11 18:13:07,846 DEBUG c.z.h.p.PoolBase [HikariPool-14 connection closer] HikariPool-14 - Closing connection com.mysql.cj.jdbc.ConnectionImpl@794b35f0: (connection evicted)
2024-07-11 18:13:07,846 DEBUG c.z.h.p.PoolBase [HikariPool-14 connection closer] HikariPool-14 - Closing connection com.mysql.cj.jdbc.ConnectionImpl@38763fcb: (connection evicted)
2024-07-11 18:13:07,847 DEBUG c.z.h.p.PoolBase [HikariPool-14 connection closer] HikariPool-14 - Closing connection com.mysql.cj.jdbc.ConnectionImpl@9040694: (connection evicted)
2024-07-11 18:13:07,847 DEBUG c.z.h.p.PoolBase [HikariPool-14 connection closer] HikariPool-14 - Closing connection com.mysql.cj.jdbc.ConnectionImpl@3686608a: (connection evicted)
2024-07-11 18:13:07,847 DEBUG c.z.h.p.PoolBase [HikariPool-14 connection closer] HikariPool-14 - Closing connection com.mysql.cj.jdbc.ConnectionImpl@77bb6ab1: (connection evicted)
2024-07-11 18:13:07,847 DEBUG c.z.h.p.PoolBase [HikariPool-14 connection closer] HikariPool-14 - Closing connection com.mysql.cj.jdbc.ConnectionImpl@46065967: (connection evicted)
2024-07-11 18:13:07,848 DEBUG c.z.h.p.PoolBase [HikariPool-14 connection closer] HikariPool-14 - Closing connection com.mysql.cj.jdbc.ConnectionImpl@179495fe: (connection evicted)
2024-07-11 18:13:07,848 DEBUG c.z.h.p.PoolBase [HikariPool-14 connection closer] HikariPool-14 - Closing connection com.mysql.cj.jdbc.ConnectionImpl@2f7da7d4: (connection evicted)
2024-07-11 18:13:07,848 DEBUG c.z.h.p.HikariPool [RMI TCP Connection(302)-127.0.0.1] HikariPool-14 - After shutdown stats (total=0, active=0, idle=0, waiting=0)
2024-07-11 18:13:07,848 INFO c.z.h.HikariDataSource [RMI TCP Connection(302)-127.0.0.1] HikariPool-14 - Shutdown completed.
