2024-07-23 13:00:08,184 DEBUG c.z.h.p.HikariPool [HikariPool-1 housekeeper] HikariPool-1 - Pool stats (total=10, active=0, idle=10, waiting=0)
2024-07-23 13:00:08,186 DEBUG c.z.h.p.HikariPool [HikariPool-1 housekeeper] HikariPool-1 - Fill pool skipped, pool has sufficient level or currently being filled.
2024-07-23 13:00:38,187 DEBUG c.z.h.p.HikariPool [HikariPool-1 housekeeper] HikariPool-1 - Pool stats (total=10, active=0, idle=10, waiting=0)
2024-07-23 13:00:38,187 DEBUG c.z.h.p.HikariPool [HikariPool-1 housekeeper] HikariPool-1 - Fill pool skipped, pool has sufficient level or currently being filled.
2024-07-23 13:01:08,194 DEBUG c.z.h.p.HikariPool [HikariPool-1 housekeeper] HikariPool-1 - Pool stats (total=10, active=0, idle=10, waiting=0)
2024-07-23 13:01:08,194 DEBUG c.z.h.p.HikariPool [HikariPool-1 housekeeper] HikariPool-1 - Fill pool skipped, pool has sufficient level or currently being filled.
2024-07-23 13:01:38,202 DEBUG c.z.h.p.HikariPool [HikariPool-1 housekeeper] HikariPool-1 - Pool stats (total=10, active=0, idle=10, waiting=0)
2024-07-23 13:01:38,202 DEBUG c.z.h.p.HikariPool [HikariPool-1 housekeeper] HikariPool-1 - Fill pool skipped, pool has sufficient level or currently being filled.
2024-07-23 13:01:51,014 INFO o.s.b.d.a.LocalDevToolsAutoConfiguration$RestartingClassPathChangeChangedEventListener [File Watcher] Restarting due to 1 class path change (0 additions, 0 deletions, 1 modification)
2024-07-23 13:01:51,018 INFO o.a.j.l.DirectJDKLog [Thread-5] Stopping ProtocolHandler ["http-nio-8080"]
2024-07-23 13:01:51,194 INFO c.z.h.HikariDataSource [Thread-5] HikariPool-1 - Shutdown initiated...
2024-07-23 13:01:51,195 DEBUG c.z.h.p.HikariPool [Thread-5] HikariPool-1 - Before shutdown stats (total=10, active=0, idle=10, waiting=0)
2024-07-23 13:01:51,196 DEBUG c.z.h.p.PoolBase [HikariPool-1 connection closer] HikariPool-1 - Closing connection com.mysql.cj.jdbc.ConnectionImpl@306ba803: (connection evicted)
2024-07-23 13:01:51,199 DEBUG c.z.h.p.PoolBase [HikariPool-1 connection closer] HikariPool-1 - Closing connection com.mysql.cj.jdbc.ConnectionImpl@319f0f01: (connection evicted)
2024-07-23 13:01:51,201 DEBUG c.z.h.p.PoolBase [HikariPool-1 connection closer] HikariPool-1 - Closing connection com.mysql.cj.jdbc.ConnectionImpl@108dfa75: (connection evicted)
2024-07-23 13:01:51,201 DEBUG c.z.h.p.PoolBase [HikariPool-1 connection closer] HikariPool-1 - Closing connection com.mysql.cj.jdbc.ConnectionImpl@2e15aa54: (connection evicted)
2024-07-23 13:01:51,202 DEBUG c.z.h.p.PoolBase [HikariPool-1 connection closer] HikariPool-1 - Closing connection com.mysql.cj.jdbc.ConnectionImpl@14c30641: (connection evicted)
2024-07-23 13:01:51,203 DEBUG c.z.h.p.PoolBase [HikariPool-1 connection closer] HikariPool-1 - Closing connection com.mysql.cj.jdbc.ConnectionImpl@51d178c9: (connection evicted)
2024-07-23 13:01:51,204 DEBUG c.z.h.p.PoolBase [HikariPool-1 connection closer] HikariPool-1 - Closing connection com.mysql.cj.jdbc.ConnectionImpl@7504176: (connection evicted)
2024-07-23 13:01:51,205 DEBUG c.z.h.p.PoolBase [HikariPool-1 connection closer] HikariPool-1 - Closing connection com.mysql.cj.jdbc.ConnectionImpl@57024ecf: (connection evicted)
2024-07-23 13:01:51,205 DEBUG c.z.h.p.PoolBase [HikariPool-1 connection closer] HikariPool-1 - Closing connection com.mysql.cj.jdbc.ConnectionImpl@6b94c963: (connection evicted)
2024-07-23 13:01:51,206 DEBUG c.z.h.p.PoolBase [HikariPool-1 connection closer] HikariPool-1 - Closing connection com.mysql.cj.jdbc.ConnectionImpl@1b3c47dc: (connection evicted)
2024-07-23 13:01:51,206 DEBUG c.z.h.p.HikariPool [Thread-5] HikariPool-1 - After shutdown stats (total=0, active=0, idle=0, waiting=0)
2024-07-23 13:01:51,207 INFO c.z.h.HikariDataSource [Thread-5] HikariPool-1 - Shutdown completed.
2024-07-23 13:01:51,316 INFO o.s.b.StartupInfoLogger [restartedMain] Starting DemoApplication using Java 17.0.11 with PID 10716 (C:\backup\workspace_sts4\demo_react_gradle\bin\main started by Notebook9 in C:\backup\workspace_sts4\demo_react_gradle)
2024-07-23 13:01:51,316 INFO o.s.b.SpringApplication [restartedMain] The following 1 profile is active: "local"
2024-07-23 13:01:51,535 INFO o.s.d.r.c.RepositoryConfigurationDelegate [restartedMain] Bootstrapping Spring Data JDBC repositories in DEFAULT mode.
2024-07-23 13:01:51,537 INFO o.s.d.r.c.RepositoryConfigurationDelegate [restartedMain] Finished Spring Data repository scanning in 1 ms. Found 0 JDBC repository interfaces.
2024-07-23 13:01:51,723 INFO o.s.b.w.e.t.TomcatWebServer [restartedMain] Tomcat initialized with port 8080 (http)
2024-07-23 13:01:51,723 INFO o.a.j.l.DirectJDKLog [restartedMain] Initializing ProtocolHandler ["http-nio-8080"]
2024-07-23 13:01:51,724 INFO o.a.j.l.DirectJDKLog [restartedMain] Starting service [Tomcat]
2024-07-23 13:01:51,724 INFO o.a.j.l.DirectJDKLog [restartedMain] Starting Servlet engine: [Apache Tomcat/10.1.25]
2024-07-23 13:01:51,850 INFO o.a.j.l.DirectJDKLog [restartedMain] At least one JAR was scanned for TLDs yet contained no TLDs. Enable debug logging for this logger for a complete list of JARs that were scanned but no TLDs were found in them. Skipping unneeded JARs during scanning can improve startup time and JSP compilation time.
2024-07-23 13:01:51,852 INFO o.a.j.l.DirectJDKLog [restartedMain] Initializing Spring embedded WebApplicationContext
2024-07-23 13:01:51,853 INFO o.s.b.w.s.c.ServletWebServerApplicationContext [restartedMain] Root WebApplicationContext: initialization completed in 534 ms
2024-07-23 13:01:51,921 DEBUG c.z.h.HikariConfig [restartedMain] Driver class com.mysql.cj.jdbc.Driver found in Thread context class loader org.springframework.boot.devtools.restart.classloader.RestartClassLoader@47b8c85e
2024-07-23 13:01:52,099 INFO o.s.b.a.w.s.WelcomePageHandlerMapping [restartedMain] Adding welcome page: class path resource [static/index.html]
2024-07-23 13:01:52,263 INFO l.LogbackLoggerAOP [restartedMain] [[START]]upload.MyPathConfig.addResourceHandlers() <=================
2024-07-23 13:01:52,264 INFO l.LogbackLoggerAOP [restartedMain] Argument/Parameter : [org.springframework.web.servlet.config.annotation.ResourceHandlerRegistry@556a6c14]
2024-07-23 13:01:52,264 INFO l.LogbackLoggerAOP [restartedMain] ================[[END : addResourceHandlers()]]==================
2024-07-23 13:01:52,441 DEBUG c.z.h.HikariConfig [restartedMain] HikariPool-2 - configuration:
2024-07-23 13:01:52,443 DEBUG c.z.h.HikariConfig [restartedMain] allowPoolSuspension.............false
2024-07-23 13:01:52,443 DEBUG c.z.h.HikariConfig [restartedMain] autoCommit......................true
2024-07-23 13:01:52,443 DEBUG c.z.h.HikariConfig [restartedMain] catalog.........................none
2024-07-23 13:01:52,444 DEBUG c.z.h.HikariConfig [restartedMain] connectionInitSql...............none
2024-07-23 13:01:52,444 DEBUG c.z.h.HikariConfig [restartedMain] connectionTestQuery.............none
2024-07-23 13:01:52,444 DEBUG c.z.h.HikariConfig [restartedMain] connectionTimeout...............30000
2024-07-23 13:01:52,444 DEBUG c.z.h.HikariConfig [restartedMain] dataSource......................none
2024-07-23 13:01:52,444 DEBUG c.z.h.HikariConfig [restartedMain] dataSourceClassName.............none
2024-07-23 13:01:52,445 DEBUG c.z.h.HikariConfig [restartedMain] dataSourceJNDI..................none
2024-07-23 13:01:52,445 DEBUG c.z.h.HikariConfig [restartedMain] dataSourceProperties............{password=<masked>}
2024-07-23 13:01:52,445 DEBUG c.z.h.HikariConfig [restartedMain] driverClassName................."com.mysql.cj.jdbc.Driver"
2024-07-23 13:01:52,445 DEBUG c.z.h.HikariConfig [restartedMain] exceptionOverrideClassName......none
2024-07-23 13:01:52,445 DEBUG c.z.h.HikariConfig [restartedMain] healthCheckProperties...........{}
2024-07-23 13:01:52,446 DEBUG c.z.h.HikariConfig [restartedMain] healthCheckRegistry.............none
2024-07-23 13:01:52,446 DEBUG c.z.h.HikariConfig [restartedMain] idleTimeout.....................600000
2024-07-23 13:01:52,446 DEBUG c.z.h.HikariConfig [restartedMain] initializationFailTimeout.......1
2024-07-23 13:01:52,447 DEBUG c.z.h.HikariConfig [restartedMain] isolateInternalQueries..........false
2024-07-23 13:01:52,447 DEBUG c.z.h.HikariConfig [restartedMain] jdbcUrl.........................jdbc:mysql://49.50.167.130:3306/naverdb
2024-07-23 13:01:52,447 DEBUG c.z.h.HikariConfig [restartedMain] keepaliveTime...................0
2024-07-23 13:01:52,448 DEBUG c.z.h.HikariConfig [restartedMain] leakDetectionThreshold..........0
2024-07-23 13:01:52,448 DEBUG c.z.h.HikariConfig [restartedMain] maxLifetime.....................1800000
2024-07-23 13:01:52,450 DEBUG c.z.h.HikariConfig [restartedMain] maximumPoolSize.................10
2024-07-23 13:01:52,450 DEBUG c.z.h.HikariConfig [restartedMain] metricRegistry..................none
2024-07-23 13:01:52,450 DEBUG c.z.h.HikariConfig [restartedMain] metricsTrackerFactory...........none
2024-07-23 13:01:52,450 DEBUG c.z.h.HikariConfig [restartedMain] minimumIdle.....................10
2024-07-23 13:01:52,450 DEBUG c.z.h.HikariConfig [restartedMain] password........................<masked>
2024-07-23 13:01:52,450 DEBUG c.z.h.HikariConfig [restartedMain] poolName........................"HikariPool-2"
2024-07-23 13:01:52,450 DEBUG c.z.h.HikariConfig [restartedMain] readOnly........................false
2024-07-23 13:01:52,451 DEBUG c.z.h.HikariConfig [restartedMain] registerMbeans..................false
2024-07-23 13:01:52,451 DEBUG c.z.h.HikariConfig [restartedMain] scheduledExecutor...............none
2024-07-23 13:01:52,451 DEBUG c.z.h.HikariConfig [restartedMain] schema..........................none
2024-07-23 13:01:52,451 DEBUG c.z.h.HikariConfig [restartedMain] threadFactory...................internal
2024-07-23 13:01:52,451 DEBUG c.z.h.HikariConfig [restartedMain] transactionIsolation............default
2024-07-23 13:01:52,451 DEBUG c.z.h.HikariConfig [restartedMain] username........................"naver"
2024-07-23 13:01:52,452 DEBUG c.z.h.HikariConfig [restartedMain] validationTimeout...............5000
2024-07-23 13:01:52,452 INFO c.z.h.HikariDataSource [restartedMain] HikariPool-2 - Starting...
2024-07-23 13:01:52,517 INFO c.z.h.p.HikariPool [restartedMain] HikariPool-2 - Added connection com.mysql.cj.jdbc.ConnectionImpl@7459c530
2024-07-23 13:01:52,517 INFO c.z.h.HikariDataSource [restartedMain] HikariPool-2 - Start completed.
2024-07-23 13:01:52,632 INFO o.s.b.d.a.OptionalLiveReloadServer [restartedMain] LiveReload server is running on port 35729
2024-07-23 13:01:52,634 DEBUG c.z.h.p.HikariPool [HikariPool-2 housekeeper] HikariPool-2 - Pool stats (total=1, active=0, idle=1, waiting=0)
2024-07-23 13:01:52,648 INFO o.a.j.l.DirectJDKLog [restartedMain] Starting ProtocolHandler ["http-nio-8080"]
2024-07-23 13:01:52,653 INFO o.s.b.w.e.t.TomcatWebServer [restartedMain] Tomcat started on port 8080 (http) with context path '/'
2024-07-23 13:01:52,662 INFO o.s.b.StartupInfoLogger [restartedMain] Started DemoApplication in 1.389 seconds (process running for 649.415)
2024-07-23 13:01:52,666 INFO o.s.b.d.a.ConditionEvaluationDeltaLoggingListener [restartedMain] Condition evaluation unchanged
2024-07-23 13:01:52,688 DEBUG c.z.h.p.HikariPool$PoolEntryCreator [HikariPool-2 connection adder] HikariPool-2 - Added connection com.mysql.cj.jdbc.ConnectionImpl@2ea02162
2024-07-23 13:01:52,728 DEBUG c.z.h.p.HikariPool [HikariPool-2 connection adder] HikariPool-2 - After adding stats (total=2, active=0, idle=2, waiting=0)
2024-07-23 13:01:52,818 DEBUG c.z.h.p.HikariPool$PoolEntryCreator [HikariPool-2 connection adder] HikariPool-2 - Added connection com.mysql.cj.jdbc.ConnectionImpl@1fc4c8e7
2024-07-23 13:01:52,852 DEBUG c.z.h.p.HikariPool [HikariPool-2 connection adder] HikariPool-2 - After adding stats (total=3, active=0, idle=3, waiting=0)
2024-07-23 13:01:52,906 DEBUG c.z.h.p.HikariPool$PoolEntryCreator [HikariPool-2 connection adder] HikariPool-2 - Added connection com.mysql.cj.jdbc.ConnectionImpl@4e8fde2d
2024-07-23 13:01:52,945 DEBUG c.z.h.p.HikariPool [HikariPool-2 connection adder] HikariPool-2 - After adding stats (total=4, active=0, idle=4, waiting=0)
2024-07-23 13:01:52,998 DEBUG c.z.h.p.HikariPool$PoolEntryCreator [HikariPool-2 connection adder] HikariPool-2 - Added connection com.mysql.cj.jdbc.ConnectionImpl@20f1b226
2024-07-23 13:01:53,038 DEBUG c.z.h.p.HikariPool [HikariPool-2 connection adder] HikariPool-2 - After adding stats (total=5, active=0, idle=5, waiting=0)
2024-07-23 13:01:53,093 DEBUG c.z.h.p.HikariPool$PoolEntryCreator [HikariPool-2 connection adder] HikariPool-2 - Added connection com.mysql.cj.jdbc.ConnectionImpl@3ac99a38
2024-07-23 13:01:53,131 DEBUG c.z.h.p.HikariPool [HikariPool-2 connection adder] HikariPool-2 - After adding stats (total=6, active=0, idle=6, waiting=0)
2024-07-23 13:01:53,182 DEBUG c.z.h.p.HikariPool$PoolEntryCreator [HikariPool-2 connection adder] HikariPool-2 - Added connection com.mysql.cj.jdbc.ConnectionImpl@a7dfd35
2024-07-23 13:01:53,224 DEBUG c.z.h.p.HikariPool [HikariPool-2 connection adder] HikariPool-2 - After adding stats (total=7, active=0, idle=7, waiting=0)
2024-07-23 13:01:53,282 DEBUG c.z.h.p.HikariPool$PoolEntryCreator [HikariPool-2 connection adder] HikariPool-2 - Added connection com.mysql.cj.jdbc.ConnectionImpl@213fb0b9
2024-07-23 13:01:53,318 DEBUG c.z.h.p.HikariPool [HikariPool-2 connection adder] HikariPool-2 - After adding stats (total=8, active=0, idle=8, waiting=0)
2024-07-23 13:01:53,364 DEBUG c.z.h.p.HikariPool$PoolEntryCreator [HikariPool-2 connection adder] HikariPool-2 - Added connection com.mysql.cj.jdbc.ConnectionImpl@38322169
2024-07-23 13:01:53,395 DEBUG c.z.h.p.HikariPool [HikariPool-2 connection adder] HikariPool-2 - After adding stats (total=9, active=0, idle=9, waiting=0)
2024-07-23 13:01:53,451 DEBUG c.z.h.p.HikariPool$PoolEntryCreator [HikariPool-2 connection adder] HikariPool-2 - Added connection com.mysql.cj.jdbc.ConnectionImpl@3c9c9870
2024-07-23 13:01:53,489 DEBUG c.z.h.p.HikariPool [HikariPool-2 connection adder] HikariPool-2 - After adding stats (total=10, active=0, idle=10, waiting=0)
2024-07-23 13:02:01,424 INFO o.a.j.l.DirectJDKLog [http-nio-8080-exec-2] Initializing Spring DispatcherServlet 'dispatcherServlet'
2024-07-23 13:02:01,424 INFO o.s.w.s.FrameworkServlet [http-nio-8080-exec-2] Initializing Servlet 'dispatcherServlet'
2024-07-23 13:02:01,426 INFO o.s.w.s.FrameworkServlet [http-nio-8080-exec-2] Completed initialization in 1 ms
2024-07-23 13:02:01,427 INFO l.LogbackLoggerAOP [http-nio-8080-exec-2] [[START]]com.example.demo.HelloController.helloajax() <=================
2024-07-23 13:02:01,428 INFO l.LogbackLoggerAOP [http-nio-8080-exec-2] Argument/Parameter : []
2024-07-23 13:02:01,428 INFO l.LogbackLoggerAOP [http-nio-8080-exec-2] ================[[END : helloajax()]]==================
2024-07-23 13:02:04,233 INFO l.LogbackLoggerAOP [http-nio-8080-exec-3] [[START]]com.example.demo.HelloController.helloajax() <=================
2024-07-23 13:02:04,234 INFO l.LogbackLoggerAOP [http-nio-8080-exec-3] Argument/Parameter : []
2024-07-23 13:02:04,234 INFO l.LogbackLoggerAOP [http-nio-8080-exec-3] ================[[END : helloajax()]]==================
2024-07-23 13:02:22,641 DEBUG c.z.h.p.HikariPool [HikariPool-2 housekeeper] HikariPool-2 - Pool stats (total=10, active=0, idle=10, waiting=0)
2024-07-23 13:02:22,641 DEBUG c.z.h.p.HikariPool [HikariPool-2 housekeeper] HikariPool-2 - Fill pool skipped, pool has sufficient level or currently being filled.
2024-07-23 13:02:52,655 DEBUG c.z.h.p.HikariPool [HikariPool-2 housekeeper] HikariPool-2 - Pool stats (total=10, active=0, idle=10, waiting=0)
2024-07-23 13:02:52,655 DEBUG c.z.h.p.HikariPool [HikariPool-2 housekeeper] HikariPool-2 - Fill pool skipped, pool has sufficient level or currently being filled.
2024-07-23 13:03:15,627 INFO l.LogbackLoggerAOP [http-nio-8080-exec-7] [[START]]boardmapper.BoardController.start() <=================
2024-07-23 13:03:15,628 INFO l.LogbackLoggerAOP [http-nio-8080-exec-7] Argument/Parameter : []
2024-07-23 13:03:15,628 INFO l.LogbackLoggerAOP [http-nio-8080-exec-7] ================[[END : start()]]==================
2024-07-23 13:03:22,663 DEBUG c.z.h.p.HikariPool [HikariPool-2 housekeeper] HikariPool-2 - Pool stats (total=10, active=0, idle=10, waiting=0)
2024-07-23 13:03:22,663 DEBUG c.z.h.p.HikariPool [HikariPool-2 housekeeper] HikariPool-2 - Fill pool skipped, pool has sufficient level or currently being filled.
2024-07-23 13:03:52,679 DEBUG c.z.h.p.HikariPool [HikariPool-2 housekeeper] HikariPool-2 - Pool stats (total=10, active=0, idle=10, waiting=0)
2024-07-23 13:03:52,679 DEBUG c.z.h.p.HikariPool [HikariPool-2 housekeeper] HikariPool-2 - Fill pool skipped, pool has sufficient level or currently being filled.
2024-07-23 13:04:22,693 DEBUG c.z.h.p.HikariPool [HikariPool-2 housekeeper] HikariPool-2 - Pool stats (total=10, active=0, idle=10, waiting=0)
2024-07-23 13:04:22,693 DEBUG c.z.h.p.HikariPool [HikariPool-2 housekeeper] HikariPool-2 - Fill pool skipped, pool has sufficient level or currently being filled.
2024-07-23 13:04:52,704 DEBUG c.z.h.p.HikariPool [HikariPool-2 housekeeper] HikariPool-2 - Pool stats (total=10, active=0, idle=10, waiting=0)
2024-07-23 13:04:52,704 DEBUG c.z.h.p.HikariPool [HikariPool-2 housekeeper] HikariPool-2 - Fill pool skipped, pool has sufficient level or currently being filled.
2024-07-23 13:05:22,716 DEBUG c.z.h.p.HikariPool [HikariPool-2 housekeeper] HikariPool-2 - Pool stats (total=10, active=0, idle=10, waiting=0)
2024-07-23 13:05:22,716 DEBUG c.z.h.p.HikariPool [HikariPool-2 housekeeper] HikariPool-2 - Fill pool skipped, pool has sufficient level or currently being filled.
2024-07-23 13:05:52,725 DEBUG c.z.h.p.HikariPool [HikariPool-2 housekeeper] HikariPool-2 - Pool stats (total=10, active=0, idle=10, waiting=0)
2024-07-23 13:05:52,725 DEBUG c.z.h.p.HikariPool [HikariPool-2 housekeeper] HikariPool-2 - Fill pool skipped, pool has sufficient level or currently being filled.
2024-07-23 13:06:22,727 DEBUG c.z.h.p.HikariPool [HikariPool-2 housekeeper] HikariPool-2 - Pool stats (total=10, active=0, idle=10, waiting=0)
2024-07-23 13:06:22,727 DEBUG c.z.h.p.HikariPool [HikariPool-2 housekeeper] HikariPool-2 - Fill pool skipped, pool has sufficient level or currently being filled.
2024-07-23 13:06:52,740 DEBUG c.z.h.p.HikariPool [HikariPool-2 housekeeper] HikariPool-2 - Pool stats (total=10, active=0, idle=10, waiting=0)
2024-07-23 13:06:52,740 DEBUG c.z.h.p.HikariPool [HikariPool-2 housekeeper] HikariPool-2 - Fill pool skipped, pool has sufficient level or currently being filled.
2024-07-23 13:07:22,748 DEBUG c.z.h.p.HikariPool [HikariPool-2 housekeeper] HikariPool-2 - Pool stats (total=10, active=0, idle=10, waiting=0)
2024-07-23 13:07:22,748 DEBUG c.z.h.p.HikariPool [HikariPool-2 housekeeper] HikariPool-2 - Fill pool skipped, pool has sufficient level or currently being filled.
2024-07-23 13:07:52,757 DEBUG c.z.h.p.HikariPool [HikariPool-2 housekeeper] HikariPool-2 - Pool stats (total=10, active=0, idle=10, waiting=0)
2024-07-23 13:07:52,758 DEBUG c.z.h.p.HikariPool [HikariPool-2 housekeeper] HikariPool-2 - Fill pool skipped, pool has sufficient level or currently being filled.
2024-07-23 13:08:22,767 DEBUG c.z.h.p.HikariPool [HikariPool-2 housekeeper] HikariPool-2 - Pool stats (total=10, active=0, idle=10, waiting=0)
2024-07-23 13:08:22,767 DEBUG c.z.h.p.HikariPool [HikariPool-2 housekeeper] HikariPool-2 - Fill pool skipped, pool has sufficient level or currently being filled.
2024-07-23 13:08:52,781 DEBUG c.z.h.p.HikariPool [HikariPool-2 housekeeper] HikariPool-2 - Pool stats (total=10, active=0, idle=10, waiting=0)
2024-07-23 13:08:52,781 DEBUG c.z.h.p.HikariPool [HikariPool-2 housekeeper] HikariPool-2 - Fill pool skipped, pool has sufficient level or currently being filled.
2024-07-23 13:09:22,792 DEBUG c.z.h.p.HikariPool [HikariPool-2 housekeeper] HikariPool-2 - Pool stats (total=10, active=0, idle=10, waiting=0)
2024-07-23 13:09:22,792 DEBUG c.z.h.p.HikariPool [HikariPool-2 housekeeper] HikariPool-2 - Fill pool skipped, pool has sufficient level or currently being filled.
2024-07-23 13:09:52,794 DEBUG c.z.h.p.HikariPool [HikariPool-2 housekeeper] HikariPool-2 - Pool stats (total=10, active=0, idle=10, waiting=0)
2024-07-23 13:09:52,794 DEBUG c.z.h.p.HikariPool [HikariPool-2 housekeeper] HikariPool-2 - Fill pool skipped, pool has sufficient level or currently being filled.
2024-07-23 13:10:22,802 DEBUG c.z.h.p.HikariPool [HikariPool-2 housekeeper] HikariPool-2 - Pool stats (total=10, active=0, idle=10, waiting=0)
2024-07-23 13:10:22,802 DEBUG c.z.h.p.HikariPool [HikariPool-2 housekeeper] HikariPool-2 - Fill pool skipped, pool has sufficient level or currently being filled.
2024-07-23 13:10:52,805 DEBUG c.z.h.p.HikariPool [HikariPool-2 housekeeper] HikariPool-2 - Pool stats (total=10, active=0, idle=10, waiting=0)
2024-07-23 13:10:52,805 DEBUG c.z.h.p.HikariPool [HikariPool-2 housekeeper] HikariPool-2 - Fill pool skipped, pool has sufficient level or currently being filled.
2024-07-23 13:11:22,806 DEBUG c.z.h.p.HikariPool [HikariPool-2 housekeeper] HikariPool-2 - Pool stats (total=10, active=0, idle=10, waiting=0)
2024-07-23 13:11:22,806 DEBUG c.z.h.p.HikariPool [HikariPool-2 housekeeper] HikariPool-2 - Fill pool skipped, pool has sufficient level or currently being filled.
2024-07-23 13:11:30,608 INFO o.s.b.a.SpringApplicationAdminMXBeanRegistrar$SpringApplicationAdmin [RMI TCP Connection(33)-127.0.0.1] Application shutdown requested.
2024-07-23 13:11:30,610 INFO o.a.j.l.DirectJDKLog [RMI TCP Connection(33)-127.0.0.1] Stopping ProtocolHandler ["http-nio-8080"]
2024-07-23 13:11:30,825 INFO c.z.h.HikariDataSource [RMI TCP Connection(33)-127.0.0.1] HikariPool-2 - Shutdown initiated...
2024-07-23 13:11:30,826 DEBUG c.z.h.p.HikariPool [RMI TCP Connection(33)-127.0.0.1] HikariPool-2 - Before shutdown stats (total=10, active=0, idle=10, waiting=0)
2024-07-23 13:11:30,826 DEBUG c.z.h.p.PoolBase [HikariPool-2 connection closer] HikariPool-2 - Closing connection com.mysql.cj.jdbc.ConnectionImpl@7459c530: (connection evicted)
2024-07-23 13:11:30,827 DEBUG c.z.h.p.PoolBase [HikariPool-2 connection closer] HikariPool-2 - Closing connection com.mysql.cj.jdbc.ConnectionImpl@2ea02162: (connection evicted)
2024-07-23 13:11:30,828 DEBUG c.z.h.p.PoolBase [HikariPool-2 connection closer] HikariPool-2 - Closing connection com.mysql.cj.jdbc.ConnectionImpl@1fc4c8e7: (connection evicted)
2024-07-23 13:11:30,829 DEBUG c.z.h.p.PoolBase [HikariPool-2 connection closer] HikariPool-2 - Closing connection com.mysql.cj.jdbc.ConnectionImpl@4e8fde2d: (connection evicted)
2024-07-23 13:11:30,829 DEBUG c.z.h.p.PoolBase [HikariPool-2 connection closer] HikariPool-2 - Closing connection com.mysql.cj.jdbc.ConnectionImpl@20f1b226: (connection evicted)
2024-07-23 13:11:30,830 DEBUG c.z.h.p.PoolBase [HikariPool-2 connection closer] HikariPool-2 - Closing connection com.mysql.cj.jdbc.ConnectionImpl@3ac99a38: (connection evicted)
2024-07-23 13:11:30,830 DEBUG c.z.h.p.PoolBase [HikariPool-2 connection closer] HikariPool-2 - Closing connection com.mysql.cj.jdbc.ConnectionImpl@a7dfd35: (connection evicted)
2024-07-23 13:11:30,831 DEBUG c.z.h.p.PoolBase [HikariPool-2 connection closer] HikariPool-2 - Closing connection com.mysql.cj.jdbc.ConnectionImpl@213fb0b9: (connection evicted)
2024-07-23 13:11:30,832 DEBUG c.z.h.p.PoolBase [HikariPool-2 connection closer] HikariPool-2 - Closing connection com.mysql.cj.jdbc.ConnectionImpl@38322169: (connection evicted)
2024-07-23 13:11:30,833 DEBUG c.z.h.p.PoolBase [HikariPool-2 connection closer] HikariPool-2 - Closing connection com.mysql.cj.jdbc.ConnectionImpl@3c9c9870: (connection evicted)
2024-07-23 13:11:30,834 DEBUG c.z.h.p.HikariPool [RMI TCP Connection(33)-127.0.0.1] HikariPool-2 - After shutdown stats (total=0, active=0, idle=0, waiting=0)
2024-07-23 13:11:30,835 INFO c.z.h.HikariDataSource [RMI TCP Connection(33)-127.0.0.1] HikariPool-2 - Shutdown completed.
2024-07-23 13:11:39,008 INFO o.s.b.StartupInfoLogger [restartedMain] Starting DemoApplication using Java 17.0.11 with PID 12704 (C:\backup\workspace_sts4\demo_react_gradle\bin\main started by Notebook9 in C:\backup\workspace_sts4\demo_react_gradle)
2024-07-23 13:11:39,013 INFO o.s.b.SpringApplication [restartedMain] The following 1 profile is active: "local"
2024-07-23 13:11:39,081 INFO o.s.b.l.DeferredLog [restartedMain] Devtools property defaults active! Set 'spring.devtools.add-properties' to 'false' to disable
2024-07-23 13:11:39,082 INFO o.s.b.l.DeferredLog [restartedMain] For additional web related logging consider setting the 'logging.level.web' property to 'DEBUG'
2024-07-23 13:11:39,796 INFO o.s.d.r.c.RepositoryConfigurationDelegate [restartedMain] Bootstrapping Spring Data JDBC repositories in DEFAULT mode.
2024-07-23 13:11:39,817 INFO o.s.d.r.c.RepositoryConfigurationDelegate [restartedMain] Finished Spring Data repository scanning in 15 ms. Found 0 JDBC repository interfaces.
2024-07-23 13:11:40,810 INFO o.s.b.w.e.t.TomcatWebServer [restartedMain] Tomcat initialized with port 8080 (http)
2024-07-23 13:11:40,822 INFO o.a.j.l.DirectJDKLog [restartedMain] Initializing ProtocolHandler ["http-nio-8080"]
2024-07-23 13:11:40,825 INFO o.a.j.l.DirectJDKLog [restartedMain] Starting service [Tomcat]
2024-07-23 13:11:40,826 INFO o.a.j.l.DirectJDKLog [restartedMain] Starting Servlet engine: [Apache Tomcat/10.1.25]
2024-07-23 13:11:41,089 INFO o.a.j.l.DirectJDKLog [restartedMain] At least one JAR was scanned for TLDs yet contained no TLDs. Enable debug logging for this logger for a complete list of JARs that were scanned but no TLDs were found in them. Skipping unneeded JARs during scanning can improve startup time and JSP compilation time.
2024-07-23 13:11:41,102 INFO o.a.j.l.DirectJDKLog [restartedMain] Initializing Spring embedded WebApplicationContext
2024-07-23 13:11:41,103 INFO o.s.b.w.s.c.ServletWebServerApplicationContext [restartedMain] Root WebApplicationContext: initialization completed in 2020 ms
2024-07-23 13:11:41,291 DEBUG c.z.h.HikariConfig [restartedMain] Driver class com.mysql.cj.jdbc.Driver found in Thread context class loader org.springframework.boot.devtools.restart.classloader.RestartClassLoader@ab5cf3c
2024-07-23 13:11:41,712 INFO o.s.b.a.w.s.WelcomePageHandlerMapping [restartedMain] Adding welcome page: class path resource [static/index.html]
2024-07-23 13:11:41,978 INFO l.LogbackLoggerAOP [restartedMain] [[START]]upload.MyPathConfig.addResourceHandlers() <=================
2024-07-23 13:11:41,978 INFO l.LogbackLoggerAOP [restartedMain] Argument/Parameter : [org.springframework.web.servlet.config.annotation.ResourceHandlerRegistry@6ffa678a]
2024-07-23 13:11:41,978 INFO l.LogbackLoggerAOP [restartedMain] ================[[END : addResourceHandlers()]]==================
2024-07-23 13:11:42,258 DEBUG c.z.h.HikariConfig [restartedMain] HikariPool-1 - configuration:
2024-07-23 13:11:42,261 DEBUG c.z.h.HikariConfig [restartedMain] allowPoolSuspension.............false
2024-07-23 13:11:42,261 DEBUG c.z.h.HikariConfig [restartedMain] autoCommit......................true
2024-07-23 13:11:42,261 DEBUG c.z.h.HikariConfig [restartedMain] catalog.........................none
2024-07-23 13:11:42,262 DEBUG c.z.h.HikariConfig [restartedMain] connectionInitSql...............none
2024-07-23 13:11:42,262 DEBUG c.z.h.HikariConfig [restartedMain] connectionTestQuery.............none
2024-07-23 13:11:42,262 DEBUG c.z.h.HikariConfig [restartedMain] connectionTimeout...............30000
2024-07-23 13:11:42,262 DEBUG c.z.h.HikariConfig [restartedMain] dataSource......................none
2024-07-23 13:11:42,262 DEBUG c.z.h.HikariConfig [restartedMain] dataSourceClassName.............none
2024-07-23 13:11:42,262 DEBUG c.z.h.HikariConfig [restartedMain] dataSourceJNDI..................none
2024-07-23 13:11:42,263 DEBUG c.z.h.HikariConfig [restartedMain] dataSourceProperties............{password=<masked>}
2024-07-23 13:11:42,263 DEBUG c.z.h.HikariConfig [restartedMain] driverClassName................."com.mysql.cj.jdbc.Driver"
2024-07-23 13:11:42,263 DEBUG c.z.h.HikariConfig [restartedMain] exceptionOverrideClassName......none
2024-07-23 13:11:42,264 DEBUG c.z.h.HikariConfig [restartedMain] healthCheckProperties...........{}
2024-07-23 13:11:42,264 DEBUG c.z.h.HikariConfig [restartedMain] healthCheckRegistry.............none
2024-07-23 13:11:42,265 DEBUG c.z.h.HikariConfig [restartedMain] idleTimeout.....................600000
2024-07-23 13:11:42,265 DEBUG c.z.h.HikariConfig [restartedMain] initializationFailTimeout.......1
2024-07-23 13:11:42,266 DEBUG c.z.h.HikariConfig [restartedMain] isolateInternalQueries..........false
2024-07-23 13:11:42,266 DEBUG c.z.h.HikariConfig [restartedMain] jdbcUrl.........................jdbc:mysql://49.50.167.130:3306/naverdb
2024-07-23 13:11:42,267 DEBUG c.z.h.HikariConfig [restartedMain] keepaliveTime...................0
2024-07-23 13:11:42,267 DEBUG c.z.h.HikariConfig [restartedMain] leakDetectionThreshold..........0
2024-07-23 13:11:42,267 DEBUG c.z.h.HikariConfig [restartedMain] maxLifetime.....................1800000
2024-07-23 13:11:42,268 DEBUG c.z.h.HikariConfig [restartedMain] maximumPoolSize.................10
2024-07-23 13:11:42,268 DEBUG c.z.h.HikariConfig [restartedMain] metricRegistry..................none
2024-07-23 13:11:42,268 DEBUG c.z.h.HikariConfig [restartedMain] metricsTrackerFactory...........none
2024-07-23 13:11:42,268 DEBUG c.z.h.HikariConfig [restartedMain] minimumIdle.....................10
2024-07-23 13:11:42,268 DEBUG c.z.h.HikariConfig [restartedMain] password........................<masked>
2024-07-23 13:11:42,270 DEBUG c.z.h.HikariConfig [restartedMain] poolName........................"HikariPool-1"
2024-07-23 13:11:42,270 DEBUG c.z.h.HikariConfig [restartedMain] readOnly........................false
2024-07-23 13:11:42,271 DEBUG c.z.h.HikariConfig [restartedMain] registerMbeans..................false
2024-07-23 13:11:42,271 DEBUG c.z.h.HikariConfig [restartedMain] scheduledExecutor...............none
2024-07-23 13:11:42,271 DEBUG c.z.h.HikariConfig [restartedMain] schema..........................none
2024-07-23 13:11:42,271 DEBUG c.z.h.HikariConfig [restartedMain] threadFactory...................internal
2024-07-23 13:11:42,272 DEBUG c.z.h.HikariConfig [restartedMain] transactionIsolation............default
2024-07-23 13:11:42,272 DEBUG c.z.h.HikariConfig [restartedMain] username........................"naver"
2024-07-23 13:11:42,272 DEBUG c.z.h.HikariConfig [restartedMain] validationTimeout...............5000
2024-07-23 13:11:42,273 INFO c.z.h.HikariDataSource [restartedMain] HikariPool-1 - Starting...
2024-07-23 13:11:42,730 INFO c.z.h.p.HikariPool [restartedMain] HikariPool-1 - Added connection com.mysql.cj.jdbc.ConnectionImpl@35009fc2
2024-07-23 13:11:42,733 INFO c.z.h.HikariDataSource [restartedMain] HikariPool-1 - Start completed.
2024-07-23 13:11:42,838 DEBUG c.z.h.p.HikariPool [HikariPool-1 housekeeper] HikariPool-1 - Pool stats (total=1, active=0, idle=1, waiting=0)
2024-07-23 13:11:42,909 DEBUG c.z.h.p.HikariPool$PoolEntryCreator [HikariPool-1 connection adder] HikariPool-1 - Added connection com.mysql.cj.jdbc.ConnectionImpl@6af41ec
2024-07-23 13:11:42,947 DEBUG c.z.h.p.HikariPool [HikariPool-1 connection adder] HikariPool-1 - After adding stats (total=2, active=0, idle=2, waiting=0)
2024-07-23 13:11:43,006 INFO o.s.b.d.a.OptionalLiveReloadServer [restartedMain] LiveReload server is running on port 35729
2024-07-23 13:11:43,013 DEBUG c.z.h.p.HikariPool$PoolEntryCreator [HikariPool-1 connection adder] HikariPool-1 - Added connection com.mysql.cj.jdbc.ConnectionImpl@27bdb498
2024-07-23 13:11:43,034 INFO o.a.j.l.DirectJDKLog [restartedMain] Starting ProtocolHandler ["http-nio-8080"]
2024-07-23 13:11:43,057 DEBUG c.z.h.p.HikariPool [HikariPool-1 connection adder] HikariPool-1 - After adding stats (total=3, active=0, idle=3, waiting=0)
2024-07-23 13:11:43,067 INFO o.s.b.w.e.t.TomcatWebServer [restartedMain] Tomcat started on port 8080 (http) with context path '/'
2024-07-23 13:11:43,082 INFO o.s.b.StartupInfoLogger [restartedMain] Started DemoApplication in 4.664 seconds (process running for 5.581)
2024-07-23 13:11:43,114 DEBUG c.z.h.p.HikariPool$PoolEntryCreator [HikariPool-1 connection adder] HikariPool-1 - Added connection com.mysql.cj.jdbc.ConnectionImpl@3f7dc606
2024-07-23 13:11:43,151 DEBUG c.z.h.p.HikariPool [HikariPool-1 connection adder] HikariPool-1 - After adding stats (total=4, active=0, idle=4, waiting=0)
2024-07-23 13:11:43,198 DEBUG c.z.h.p.HikariPool$PoolEntryCreator [HikariPool-1 connection adder] HikariPool-1 - Added connection com.mysql.cj.jdbc.ConnectionImpl@23f3ef9c
2024-07-23 13:11:43,230 DEBUG c.z.h.p.HikariPool [HikariPool-1 connection adder] HikariPool-1 - After adding stats (total=5, active=0, idle=5, waiting=0)
2024-07-23 13:11:43,284 DEBUG c.z.h.p.HikariPool$PoolEntryCreator [HikariPool-1 connection adder] HikariPool-1 - Added connection com.mysql.cj.jdbc.ConnectionImpl@7ef4a40d
2024-07-23 13:11:43,322 DEBUG c.z.h.p.HikariPool [HikariPool-1 connection adder] HikariPool-1 - After adding stats (total=6, active=0, idle=6, waiting=0)
2024-07-23 13:11:43,377 DEBUG c.z.h.p.HikariPool$PoolEntryCreator [HikariPool-1 connection adder] HikariPool-1 - Added connection com.mysql.cj.jdbc.ConnectionImpl@1b286bf2
2024-07-23 13:11:43,415 DEBUG c.z.h.p.HikariPool [HikariPool-1 connection adder] HikariPool-1 - After adding stats (total=7, active=0, idle=7, waiting=0)
2024-07-23 13:11:43,465 DEBUG c.z.h.p.HikariPool$PoolEntryCreator [HikariPool-1 connection adder] HikariPool-1 - Added connection com.mysql.cj.jdbc.ConnectionImpl@1806aa69
2024-07-23 13:11:43,508 DEBUG c.z.h.p.HikariPool [HikariPool-1 connection adder] HikariPool-1 - After adding stats (total=8, active=0, idle=8, waiting=0)
2024-07-23 13:11:43,561 DEBUG c.z.h.p.HikariPool$PoolEntryCreator [HikariPool-1 connection adder] HikariPool-1 - Added connection com.mysql.cj.jdbc.ConnectionImpl@4bcc5ec3
2024-07-23 13:11:43,594 DEBUG c.z.h.p.HikariPool [HikariPool-1 connection adder] HikariPool-1 - After adding stats (total=9, active=0, idle=9, waiting=0)
2024-07-23 13:11:43,663 DEBUG c.z.h.p.HikariPool$PoolEntryCreator [HikariPool-1 connection adder] HikariPool-1 - Added connection com.mysql.cj.jdbc.ConnectionImpl@6f673491
2024-07-23 13:11:43,695 DEBUG c.z.h.p.HikariPool [HikariPool-1 connection adder] HikariPool-1 - After adding stats (total=10, active=0, idle=10, waiting=0)
2024-07-23 13:11:45,345 INFO o.a.j.l.DirectJDKLog [http-nio-8080-exec-1] Initializing Spring DispatcherServlet 'dispatcherServlet'
2024-07-23 13:11:45,345 INFO o.s.w.s.FrameworkServlet [http-nio-8080-exec-1] Initializing Servlet 'dispatcherServlet'
2024-07-23 13:11:45,347 INFO o.s.w.s.FrameworkServlet [http-nio-8080-exec-1] Completed initialization in 2 ms
2024-07-23 13:11:45,383 INFO l.LogbackLoggerAOP [http-nio-8080-exec-1] [[START]]boardmapper.BoardController.start() <=================
2024-07-23 13:11:45,385 INFO l.LogbackLoggerAOP [http-nio-8080-exec-1] Argument/Parameter : []
2024-07-23 13:11:45,385 INFO l.LogbackLoggerAOP [http-nio-8080-exec-1] ================[[END : start()]]==================
2024-07-23 13:11:51,422 INFO l.LogbackLoggerAOP [http-nio-8080-exec-3] [[START]]com.example.demo.HelloController.helloajax() <=================
2024-07-23 13:11:51,422 INFO l.LogbackLoggerAOP [http-nio-8080-exec-3] Argument/Parameter : []
2024-07-23 13:11:51,422 INFO l.LogbackLoggerAOP [http-nio-8080-exec-3] ================[[END : helloajax()]]==================
2024-07-23 13:12:12,841 DEBUG c.z.h.p.HikariPool [HikariPool-1 housekeeper] HikariPool-1 - Pool stats (total=10, active=0, idle=10, waiting=0)
2024-07-23 13:12:12,841 DEBUG c.z.h.p.HikariPool [HikariPool-1 housekeeper] HikariPool-1 - Fill pool skipped, pool has sufficient level or currently being filled.
2024-07-23 13:12:42,850 DEBUG c.z.h.p.HikariPool [HikariPool-1 housekeeper] HikariPool-1 - Pool stats (total=10, active=0, idle=10, waiting=0)
2024-07-23 13:12:42,850 DEBUG c.z.h.p.HikariPool [HikariPool-1 housekeeper] HikariPool-1 - Fill pool skipped, pool has sufficient level or currently being filled.
2024-07-23 13:13:12,851 DEBUG c.z.h.p.HikariPool [HikariPool-1 housekeeper] HikariPool-1 - Pool stats (total=10, active=0, idle=10, waiting=0)
2024-07-23 13:13:12,851 DEBUG c.z.h.p.HikariPool [HikariPool-1 housekeeper] HikariPool-1 - Fill pool skipped, pool has sufficient level or currently being filled.
2024-07-23 13:13:42,867 DEBUG c.z.h.p.HikariPool [HikariPool-1 housekeeper] HikariPool-1 - Pool stats (total=10, active=0, idle=10, waiting=0)
2024-07-23 13:13:42,868 DEBUG c.z.h.p.HikariPool [HikariPool-1 housekeeper] HikariPool-1 - Fill pool skipped, pool has sufficient level or currently being filled.
2024-07-23 13:14:12,878 DEBUG c.z.h.p.HikariPool [HikariPool-1 housekeeper] HikariPool-1 - Pool stats (total=10, active=0, idle=10, waiting=0)
2024-07-23 13:14:12,878 DEBUG c.z.h.p.HikariPool [HikariPool-1 housekeeper] HikariPool-1 - Fill pool skipped, pool has sufficient level or currently being filled.
2024-07-23 13:14:42,892 DEBUG c.z.h.p.HikariPool [HikariPool-1 housekeeper] HikariPool-1 - Pool stats (total=10, active=0, idle=10, waiting=0)
2024-07-23 13:14:42,893 DEBUG c.z.h.p.HikariPool [HikariPool-1 housekeeper] HikariPool-1 - Fill pool skipped, pool has sufficient level or currently being filled.
2024-07-23 13:15:12,898 DEBUG c.z.h.p.HikariPool [HikariPool-1 housekeeper] HikariPool-1 - Pool stats (total=10, active=0, idle=10, waiting=0)
2024-07-23 13:15:12,898 DEBUG c.z.h.p.HikariPool [HikariPool-1 housekeeper] HikariPool-1 - Fill pool skipped, pool has sufficient level or currently being filled.
2024-07-23 13:15:42,902 DEBUG c.z.h.p.HikariPool [HikariPool-1 housekeeper] HikariPool-1 - Pool stats (total=10, active=0, idle=10, waiting=0)
2024-07-23 13:15:42,902 DEBUG c.z.h.p.HikariPool [HikariPool-1 housekeeper] HikariPool-1 - Fill pool skipped, pool has sufficient level or currently being filled.
2024-07-23 13:16:12,909 DEBUG c.z.h.p.HikariPool [HikariPool-1 housekeeper] HikariPool-1 - Pool stats (total=10, active=0, idle=10, waiting=0)
2024-07-23 13:16:12,909 DEBUG c.z.h.p.HikariPool [HikariPool-1 housekeeper] HikariPool-1 - Fill pool skipped, pool has sufficient level or currently being filled.
2024-07-23 13:16:42,916 DEBUG c.z.h.p.HikariPool [HikariPool-1 housekeeper] HikariPool-1 - Pool stats (total=10, active=0, idle=10, waiting=0)
2024-07-23 13:16:42,916 DEBUG c.z.h.p.HikariPool [HikariPool-1 housekeeper] HikariPool-1 - Fill pool skipped, pool has sufficient level or currently being filled.
2024-07-23 13:17:12,918 DEBUG c.z.h.p.HikariPool [HikariPool-1 housekeeper] HikariPool-1 - Pool stats (total=10, active=0, idle=10, waiting=0)
2024-07-23 13:17:12,918 DEBUG c.z.h.p.HikariPool [HikariPool-1 housekeeper] HikariPool-1 - Fill pool skipped, pool has sufficient level or currently being filled.
2024-07-23 13:17:42,925 DEBUG c.z.h.p.HikariPool [HikariPool-1 housekeeper] HikariPool-1 - Pool stats (total=10, active=0, idle=10, waiting=0)
2024-07-23 13:17:42,925 DEBUG c.z.h.p.HikariPool [HikariPool-1 housekeeper] HikariPool-1 - Fill pool skipped, pool has sufficient level or currently being filled.
2024-07-23 13:18:12,929 DEBUG c.z.h.p.HikariPool [HikariPool-1 housekeeper] HikariPool-1 - Pool stats (total=10, active=0, idle=10, waiting=0)
2024-07-23 13:18:12,929 DEBUG c.z.h.p.HikariPool [HikariPool-1 housekeeper] HikariPool-1 - Fill pool skipped, pool has sufficient level or currently being filled.
2024-07-23 13:18:42,933 DEBUG c.z.h.p.HikariPool [HikariPool-1 housekeeper] HikariPool-1 - Pool stats (total=10, active=0, idle=10, waiting=0)
2024-07-23 13:18:42,934 DEBUG c.z.h.p.HikariPool [HikariPool-1 housekeeper] HikariPool-1 - Fill pool skipped, pool has sufficient level or currently being filled.
2024-07-23 13:19:12,947 DEBUG c.z.h.p.HikariPool [HikariPool-1 housekeeper] HikariPool-1 - Pool stats (total=10, active=0, idle=10, waiting=0)
2024-07-23 13:19:12,947 DEBUG c.z.h.p.HikariPool [HikariPool-1 housekeeper] HikariPool-1 - Fill pool skipped, pool has sufficient level or currently being filled.
2024-07-23 13:19:42,957 DEBUG c.z.h.p.HikariPool [HikariPool-1 housekeeper] HikariPool-1 - Pool stats (total=10, active=0, idle=10, waiting=0)
2024-07-23 13:19:42,957 DEBUG c.z.h.p.HikariPool [HikariPool-1 housekeeper] HikariPool-1 - Fill pool skipped, pool has sufficient level or currently being filled.
2024-07-23 13:20:12,963 DEBUG c.z.h.p.HikariPool [HikariPool-1 housekeeper] HikariPool-1 - Pool stats (total=10, active=0, idle=10, waiting=0)
2024-07-23 13:20:12,963 DEBUG c.z.h.p.HikariPool [HikariPool-1 housekeeper] HikariPool-1 - Fill pool skipped, pool has sufficient level or currently being filled.
2024-07-23 13:20:42,965 DEBUG c.z.h.p.HikariPool [HikariPool-1 housekeeper] HikariPool-1 - Pool stats (total=10, active=0, idle=10, waiting=0)
2024-07-23 13:20:42,965 DEBUG c.z.h.p.HikariPool [HikariPool-1 housekeeper] HikariPool-1 - Fill pool skipped, pool has sufficient level or currently being filled.
2024-07-23 13:21:12,968 DEBUG c.z.h.p.HikariPool [HikariPool-1 housekeeper] HikariPool-1 - Pool stats (total=10, active=0, idle=10, waiting=0)
2024-07-23 13:21:12,968 DEBUG c.z.h.p.HikariPool [HikariPool-1 housekeeper] HikariPool-1 - Fill pool skipped, pool has sufficient level or currently being filled.
2024-07-23 13:21:42,979 DEBUG c.z.h.p.HikariPool [HikariPool-1 housekeeper] HikariPool-1 - Pool stats (total=10, active=0, idle=10, waiting=0)
2024-07-23 13:21:42,979 DEBUG c.z.h.p.HikariPool [HikariPool-1 housekeeper] HikariPool-1 - Fill pool skipped, pool has sufficient level or currently being filled.
2024-07-23 13:22:12,981 DEBUG c.z.h.p.HikariPool [HikariPool-1 housekeeper] HikariPool-1 - Pool stats (total=10, active=0, idle=10, waiting=0)
2024-07-23 13:22:12,981 DEBUG c.z.h.p.HikariPool [HikariPool-1 housekeeper] HikariPool-1 - Fill pool skipped, pool has sufficient level or currently being filled.
2024-07-23 13:22:42,996 DEBUG c.z.h.p.HikariPool [HikariPool-1 housekeeper] HikariPool-1 - Pool stats (total=10, active=0, idle=10, waiting=0)
2024-07-23 13:22:42,996 DEBUG c.z.h.p.HikariPool [HikariPool-1 housekeeper] HikariPool-1 - Fill pool skipped, pool has sufficient level or currently being filled.
2024-07-23 13:23:13,011 DEBUG c.z.h.p.HikariPool [HikariPool-1 housekeeper] HikariPool-1 - Pool stats (total=10, active=0, idle=10, waiting=0)
2024-07-23 13:23:13,011 DEBUG c.z.h.p.HikariPool [HikariPool-1 housekeeper] HikariPool-1 - Fill pool skipped, pool has sufficient level or currently being filled.
2024-07-23 13:23:33,339 INFO l.LogbackLoggerAOP [http-nio-8080-exec-9] [[START]]boardmapper.BoardController.start() <=================
2024-07-23 13:23:33,339 INFO l.LogbackLoggerAOP [http-nio-8080-exec-9] Argument/Parameter : []
2024-07-23 13:23:33,339 INFO l.LogbackLoggerAOP [http-nio-8080-exec-9] ================[[END : start()]]==================
2024-07-23 13:23:43,027 DEBUG c.z.h.p.HikariPool [HikariPool-1 housekeeper] HikariPool-1 - Pool stats (total=10, active=0, idle=10, waiting=0)
2024-07-23 13:23:43,029 DEBUG c.z.h.p.HikariPool [HikariPool-1 housekeeper] HikariPool-1 - Fill pool skipped, pool has sufficient level or currently being filled.
2024-07-23 13:24:13,037 DEBUG c.z.h.p.HikariPool [HikariPool-1 housekeeper] HikariPool-1 - Pool stats (total=10, active=0, idle=10, waiting=0)
2024-07-23 13:24:13,038 DEBUG c.z.h.p.HikariPool [HikariPool-1 housekeeper] HikariPool-1 - Fill pool skipped, pool has sufficient level or currently being filled.
2024-07-23 13:24:43,043 DEBUG c.z.h.p.HikariPool [HikariPool-1 housekeeper] HikariPool-1 - Pool stats (total=10, active=0, idle=10, waiting=0)
2024-07-23 13:24:43,043 DEBUG c.z.h.p.HikariPool [HikariPool-1 housekeeper] HikariPool-1 - Fill pool skipped, pool has sufficient level or currently being filled.
2024-07-23 13:25:05,292 INFO l.LogbackLoggerAOP [http-nio-8080-exec-4] [[START]]com.example.demo.HelloController.helloajax() <=================
2024-07-23 13:25:05,293 INFO l.LogbackLoggerAOP [http-nio-8080-exec-4] Argument/Parameter : []
2024-07-23 13:25:05,293 INFO l.LogbackLoggerAOP [http-nio-8080-exec-4] ================[[END : helloajax()]]==================
2024-07-23 13:25:13,057 DEBUG c.z.h.p.HikariPool [HikariPool-1 housekeeper] HikariPool-1 - Pool stats (total=10, active=0, idle=10, waiting=0)
2024-07-23 13:25:13,057 DEBUG c.z.h.p.HikariPool [HikariPool-1 housekeeper] HikariPool-1 - Fill pool skipped, pool has sufficient level or currently being filled.
2024-07-23 13:25:43,059 DEBUG c.z.h.p.HikariPool [HikariPool-1 housekeeper] HikariPool-1 - Pool stats (total=10, active=0, idle=10, waiting=0)
2024-07-23 13:25:43,059 DEBUG c.z.h.p.HikariPool [HikariPool-1 housekeeper] HikariPool-1 - Fill pool skipped, pool has sufficient level or currently being filled.
2024-07-23 13:26:13,074 DEBUG c.z.h.p.HikariPool [HikariPool-1 housekeeper] HikariPool-1 - Pool stats (total=10, active=0, idle=10, waiting=0)
2024-07-23 13:26:13,074 DEBUG c.z.h.p.HikariPool [HikariPool-1 housekeeper] HikariPool-1 - Fill pool skipped, pool has sufficient level or currently being filled.
2024-07-23 13:26:43,090 DEBUG c.z.h.p.HikariPool [HikariPool-1 housekeeper] HikariPool-1 - Pool stats (total=10, active=0, idle=10, waiting=0)
2024-07-23 13:26:43,090 DEBUG c.z.h.p.HikariPool [HikariPool-1 housekeeper] HikariPool-1 - Fill pool skipped, pool has sufficient level or currently being filled.
2024-07-23 13:27:13,103 DEBUG c.z.h.p.HikariPool [HikariPool-1 housekeeper] HikariPool-1 - Pool stats (total=10, active=0, idle=10, waiting=0)
2024-07-23 13:27:13,103 DEBUG c.z.h.p.HikariPool [HikariPool-1 housekeeper] HikariPool-1 - Fill pool skipped, pool has sufficient level or currently being filled.
2024-07-23 13:27:43,107 DEBUG c.z.h.p.HikariPool [HikariPool-1 housekeeper] HikariPool-1 - Pool stats (total=10, active=0, idle=10, waiting=0)
2024-07-23 13:27:43,107 DEBUG c.z.h.p.HikariPool [HikariPool-1 housekeeper] HikariPool-1 - Fill pool skipped, pool has sufficient level or currently being filled.
2024-07-23 13:28:13,121 DEBUG c.z.h.p.HikariPool [HikariPool-1 housekeeper] HikariPool-1 - Pool stats (total=10, active=0, idle=10, waiting=0)
2024-07-23 13:28:13,122 DEBUG c.z.h.p.HikariPool [HikariPool-1 housekeeper] HikariPool-1 - Fill pool skipped, pool has sufficient level or currently being filled.
2024-07-23 13:28:43,122 DEBUG c.z.h.p.HikariPool [HikariPool-1 housekeeper] HikariPool-1 - Pool stats (total=10, active=0, idle=10, waiting=0)
2024-07-23 13:28:43,123 DEBUG c.z.h.p.HikariPool [HikariPool-1 housekeeper] HikariPool-1 - Fill pool skipped, pool has sufficient level or currently being filled.
2024-07-23 13:29:13,130 DEBUG c.z.h.p.HikariPool [HikariPool-1 housekeeper] HikariPool-1 - Pool stats (total=10, active=0, idle=10, waiting=0)
2024-07-23 13:29:13,130 DEBUG c.z.h.p.HikariPool [HikariPool-1 housekeeper] HikariPool-1 - Fill pool skipped, pool has sufficient level or currently being filled.
2024-07-23 13:29:43,139 DEBUG c.z.h.p.HikariPool [HikariPool-1 housekeeper] HikariPool-1 - Pool stats (total=10, active=0, idle=10, waiting=0)
2024-07-23 13:29:43,139 DEBUG c.z.h.p.HikariPool [HikariPool-1 housekeeper] HikariPool-1 - Fill pool skipped, pool has sufficient level or currently being filled.
2024-07-23 13:30:13,150 DEBUG c.z.h.p.HikariPool [HikariPool-1 housekeeper] HikariPool-1 - Pool stats (total=10, active=0, idle=10, waiting=0)
2024-07-23 13:30:13,150 DEBUG c.z.h.p.HikariPool [HikariPool-1 housekeeper] HikariPool-1 - Fill pool skipped, pool has sufficient level or currently being filled.
2024-07-23 13:30:43,166 DEBUG c.z.h.p.HikariPool [HikariPool-1 housekeeper] HikariPool-1 - Pool stats (total=10, active=0, idle=10, waiting=0)
2024-07-23 13:30:43,166 DEBUG c.z.h.p.HikariPool [HikariPool-1 housekeeper] HikariPool-1 - Fill pool skipped, pool has sufficient level or currently being filled.
2024-07-23 13:31:13,171 DEBUG c.z.h.p.HikariPool [HikariPool-1 housekeeper] HikariPool-1 - Pool stats (total=10, active=0, idle=10, waiting=0)
2024-07-23 13:31:13,171 DEBUG c.z.h.p.HikariPool [HikariPool-1 housekeeper] HikariPool-1 - Fill pool skipped, pool has sufficient level or currently being filled.
2024-07-23 13:31:43,173 DEBUG c.z.h.p.HikariPool [HikariPool-1 housekeeper] HikariPool-1 - Pool stats (total=10, active=0, idle=10, waiting=0)
2024-07-23 13:31:43,174 DEBUG c.z.h.p.HikariPool [HikariPool-1 housekeeper] HikariPool-1 - Fill pool skipped, pool has sufficient level or currently being filled.
2024-07-23 13:32:13,186 DEBUG c.z.h.p.HikariPool [HikariPool-1 housekeeper] HikariPool-1 - Pool stats (total=10, active=0, idle=10, waiting=0)
2024-07-23 13:32:13,186 DEBUG c.z.h.p.HikariPool [HikariPool-1 housekeeper] HikariPool-1 - Fill pool skipped, pool has sufficient level or currently being filled.
2024-07-23 13:32:43,187 DEBUG c.z.h.p.HikariPool [HikariPool-1 housekeeper] HikariPool-1 - Pool stats (total=10, active=0, idle=10, waiting=0)
2024-07-23 13:32:43,187 DEBUG c.z.h.p.HikariPool [HikariPool-1 housekeeper] HikariPool-1 - Fill pool skipped, pool has sufficient level or currently being filled.
2024-07-23 13:33:13,191 DEBUG c.z.h.p.HikariPool [HikariPool-1 housekeeper] HikariPool-1 - Pool stats (total=10, active=0, idle=10, waiting=0)
2024-07-23 13:33:13,191 DEBUG c.z.h.p.HikariPool [HikariPool-1 housekeeper] HikariPool-1 - Fill pool skipped, pool has sufficient level or currently being filled.
2024-07-23 13:33:43,207 DEBUG c.z.h.p.HikariPool [HikariPool-1 housekeeper] HikariPool-1 - Pool stats (total=10, active=0, idle=10, waiting=0)
2024-07-23 13:33:43,207 DEBUG c.z.h.p.HikariPool [HikariPool-1 housekeeper] HikariPool-1 - Fill pool skipped, pool has sufficient level or currently being filled.
2024-07-23 13:34:13,209 DEBUG c.z.h.p.HikariPool [HikariPool-1 housekeeper] HikariPool-1 - Pool stats (total=10, active=0, idle=10, waiting=0)
2024-07-23 13:34:13,209 DEBUG c.z.h.p.HikariPool [HikariPool-1 housekeeper] HikariPool-1 - Fill pool skipped, pool has sufficient level or currently being filled.
2024-07-23 13:34:43,221 DEBUG c.z.h.p.HikariPool [HikariPool-1 housekeeper] HikariPool-1 - Pool stats (total=10, active=0, idle=10, waiting=0)
2024-07-23 13:34:43,221 DEBUG c.z.h.p.HikariPool [HikariPool-1 housekeeper] HikariPool-1 - Fill pool skipped, pool has sufficient level or currently being filled.
2024-07-23 13:35:13,231 DEBUG c.z.h.p.HikariPool [HikariPool-1 housekeeper] HikariPool-1 - Pool stats (total=10, active=0, idle=10, waiting=0)
2024-07-23 13:35:13,231 DEBUG c.z.h.p.HikariPool [HikariPool-1 housekeeper] HikariPool-1 - Fill pool skipped, pool has sufficient level or currently being filled.
2024-07-23 13:35:43,246 DEBUG c.z.h.p.HikariPool [HikariPool-1 housekeeper] HikariPool-1 - Pool stats (total=10, active=0, idle=10, waiting=0)
2024-07-23 13:35:43,246 DEBUG c.z.h.p.HikariPool [HikariPool-1 housekeeper] HikariPool-1 - Fill pool skipped, pool has sufficient level or currently being filled.
2024-07-23 13:36:13,254 DEBUG c.z.h.p.HikariPool [HikariPool-1 housekeeper] HikariPool-1 - Pool stats (total=10, active=0, idle=10, waiting=0)
2024-07-23 13:36:13,254 DEBUG c.z.h.p.HikariPool [HikariPool-1 housekeeper] HikariPool-1 - Fill pool skipped, pool has sufficient level or currently being filled.
2024-07-23 13:36:43,264 DEBUG c.z.h.p.HikariPool [HikariPool-1 housekeeper] HikariPool-1 - Pool stats (total=10, active=0, idle=10, waiting=0)
2024-07-23 13:36:43,264 DEBUG c.z.h.p.HikariPool [HikariPool-1 housekeeper] HikariPool-1 - Fill pool skipped, pool has sufficient level or currently being filled.
2024-07-23 13:37:13,272 DEBUG c.z.h.p.HikariPool [HikariPool-1 housekeeper] HikariPool-1 - Pool stats (total=10, active=0, idle=10, waiting=0)
2024-07-23 13:37:13,272 DEBUG c.z.h.p.HikariPool [HikariPool-1 housekeeper] HikariPool-1 - Fill pool skipped, pool has sufficient level or currently being filled.
2024-07-23 13:37:43,284 DEBUG c.z.h.p.HikariPool [HikariPool-1 housekeeper] HikariPool-1 - Pool stats (total=10, active=0, idle=10, waiting=0)
2024-07-23 13:37:43,284 DEBUG c.z.h.p.HikariPool [HikariPool-1 housekeeper] HikariPool-1 - Fill pool skipped, pool has sufficient level or currently being filled.
2024-07-23 13:38:13,293 DEBUG c.z.h.p.HikariPool [HikariPool-1 housekeeper] HikariPool-1 - Pool stats (total=10, active=0, idle=10, waiting=0)
2024-07-23 13:38:13,293 DEBUG c.z.h.p.HikariPool [HikariPool-1 housekeeper] HikariPool-1 - Fill pool skipped, pool has sufficient level or currently being filled.
2024-07-23 13:38:43,295 DEBUG c.z.h.p.HikariPool [HikariPool-1 housekeeper] HikariPool-1 - Pool stats (total=10, active=0, idle=10, waiting=0)
2024-07-23 13:38:43,295 DEBUG c.z.h.p.HikariPool [HikariPool-1 housekeeper] HikariPool-1 - Fill pool skipped, pool has sufficient level or currently being filled.
2024-07-23 13:39:13,309 DEBUG c.z.h.p.HikariPool [HikariPool-1 housekeeper] HikariPool-1 - Pool stats (total=10, active=0, idle=10, waiting=0)
2024-07-23 13:39:13,309 DEBUG c.z.h.p.HikariPool [HikariPool-1 housekeeper] HikariPool-1 - Fill pool skipped, pool has sufficient level or currently being filled.
2024-07-23 13:39:43,310 DEBUG c.z.h.p.HikariPool [HikariPool-1 housekeeper] HikariPool-1 - Pool stats (total=10, active=0, idle=10, waiting=0)
2024-07-23 13:39:43,310 DEBUG c.z.h.p.HikariPool [HikariPool-1 housekeeper] HikariPool-1 - Fill pool skipped, pool has sufficient level or currently being filled.
2024-07-23 13:40:13,310 DEBUG c.z.h.p.HikariPool [HikariPool-1 housekeeper] HikariPool-1 - Pool stats (total=10, active=0, idle=10, waiting=0)
2024-07-23 13:40:13,310 DEBUG c.z.h.p.HikariPool [HikariPool-1 housekeeper] HikariPool-1 - Fill pool skipped, pool has sufficient level or currently being filled.
2024-07-23 13:40:43,318 DEBUG c.z.h.p.HikariPool [HikariPool-1 housekeeper] HikariPool-1 - Pool stats (total=10, active=0, idle=10, waiting=0)
2024-07-23 13:40:43,318 DEBUG c.z.h.p.HikariPool [HikariPool-1 housekeeper] HikariPool-1 - Fill pool skipped, pool has sufficient level or currently being filled.
2024-07-23 13:41:10,110 DEBUG c.z.h.p.PoolBase [HikariPool-1 connection closer] HikariPool-1 - Closing connection com.mysql.cj.jdbc.ConnectionImpl@23f3ef9c: (connection has passed maxLifetime)
2024-07-23 13:41:10,161 DEBUG c.z.h.p.HikariPool$PoolEntryCreator [HikariPool-1 connection adder] HikariPool-1 - Added connection com.mysql.cj.jdbc.ConnectionImpl@294f867
2024-07-23 13:41:10,202 DEBUG c.z.h.p.HikariPool [HikariPool-1 connection adder] HikariPool-1 - Connection not added, stats (total=10, active=0, idle=10, waiting=0)
2024-07-23 13:41:13,334 DEBUG c.z.h.p.HikariPool [HikariPool-1 housekeeper] HikariPool-1 - Pool stats (total=10, active=0, idle=10, waiting=0)
2024-07-23 13:41:13,334 DEBUG c.z.h.p.HikariPool [HikariPool-1 housekeeper] HikariPool-1 - Fill pool skipped, pool has sufficient level or currently being filled.
2024-07-23 13:41:13,989 DEBUG c.z.h.p.PoolBase [HikariPool-1 connection closer] HikariPool-1 - Closing connection com.mysql.cj.jdbc.ConnectionImpl@6f673491: (connection has passed maxLifetime)
2024-07-23 13:41:14,044 DEBUG c.z.h.p.HikariPool$PoolEntryCreator [HikariPool-1 connection adder] HikariPool-1 - Added connection com.mysql.cj.jdbc.ConnectionImpl@43a9f25c
2024-07-23 13:41:14,082 DEBUG c.z.h.p.HikariPool [HikariPool-1 connection adder] HikariPool-1 - Connection not added, stats (total=10, active=0, idle=10, waiting=0)
2024-07-23 13:41:14,161 DEBUG c.z.h.p.PoolBase [HikariPool-1 connection closer] HikariPool-1 - Closing connection com.mysql.cj.jdbc.ConnectionImpl@27bdb498: (connection has passed maxLifetime)
2024-07-23 13:41:14,211 DEBUG c.z.h.p.HikariPool$PoolEntryCreator [HikariPool-1 connection adder] HikariPool-1 - Added connection com.mysql.cj.jdbc.ConnectionImpl@7220f716
2024-07-23 13:41:14,256 DEBUG c.z.h.p.HikariPool [HikariPool-1 connection adder] HikariPool-1 - Connection not added, stats (total=10, active=0, idle=10, waiting=0)
2024-07-23 13:41:21,114 DEBUG c.z.h.p.PoolBase [HikariPool-1 connection closer] HikariPool-1 - Closing connection com.mysql.cj.jdbc.ConnectionImpl@1806aa69: (connection has passed maxLifetime)
2024-07-23 13:41:21,202 DEBUG c.z.h.p.HikariPool$PoolEntryCreator [HikariPool-1 connection adder] HikariPool-1 - Added connection com.mysql.cj.jdbc.ConnectionImpl@4e152b84
2024-07-23 13:41:21,247 DEBUG c.z.h.p.HikariPool [HikariPool-1 connection adder] HikariPool-1 - Connection not added, stats (total=10, active=0, idle=10, waiting=0)
2024-07-23 13:41:21,605 DEBUG c.z.h.p.PoolBase [HikariPool-1 connection closer] HikariPool-1 - Closing connection com.mysql.cj.jdbc.ConnectionImpl@7ef4a40d: (connection has passed maxLifetime)
2024-07-23 13:41:21,704 DEBUG c.z.h.p.HikariPool$PoolEntryCreator [HikariPool-1 connection adder] HikariPool-1 - Added connection com.mysql.cj.jdbc.ConnectionImpl@2e3ad4cb
2024-07-23 13:41:21,746 DEBUG c.z.h.p.HikariPool [HikariPool-1 connection adder] HikariPool-1 - Connection not added, stats (total=10, active=0, idle=10, waiting=0)
2024-07-23 13:41:22,900 DEBUG c.z.h.p.PoolBase [HikariPool-1 connection closer] HikariPool-1 - Closing connection com.mysql.cj.jdbc.ConnectionImpl@35009fc2: (connection has passed maxLifetime)
2024-07-23 13:41:22,962 DEBUG c.z.h.p.HikariPool$PoolEntryCreator [HikariPool-1 connection adder] HikariPool-1 - Added connection com.mysql.cj.jdbc.ConnectionImpl@f1d57ad
2024-07-23 13:41:22,993 DEBUG c.z.h.p.HikariPool [HikariPool-1 connection adder] HikariPool-1 - Connection not added, stats (total=10, active=0, idle=10, waiting=0)
2024-07-23 13:41:30,694 DEBUG c.z.h.p.PoolBase [HikariPool-1 connection closer] HikariPool-1 - Closing connection com.mysql.cj.jdbc.ConnectionImpl@1b286bf2: (connection has passed maxLifetime)
2024-07-23 13:41:30,752 DEBUG c.z.h.p.HikariPool$PoolEntryCreator [HikariPool-1 connection adder] HikariPool-1 - Added connection com.mysql.cj.jdbc.ConnectionImpl@774cbe9f
2024-07-23 13:41:30,787 DEBUG c.z.h.p.HikariPool [HikariPool-1 connection adder] HikariPool-1 - Connection not added, stats (total=10, active=0, idle=10, waiting=0)
2024-07-23 13:41:35,841 DEBUG c.z.h.p.PoolBase [HikariPool-1 connection closer] HikariPool-1 - Closing connection com.mysql.cj.jdbc.ConnectionImpl@3f7dc606: (connection has passed maxLifetime)
2024-07-23 13:41:35,891 DEBUG c.z.h.p.HikariPool$PoolEntryCreator [HikariPool-1 connection adder] HikariPool-1 - Added connection com.mysql.cj.jdbc.ConnectionImpl@7c682dcf
2024-07-23 13:41:35,935 DEBUG c.z.h.p.HikariPool [HikariPool-1 connection adder] HikariPool-1 - Connection not added, stats (total=10, active=0, idle=10, waiting=0)
2024-07-23 13:41:38,330 DEBUG c.z.h.p.PoolBase [HikariPool-1 connection closer] HikariPool-1 - Closing connection com.mysql.cj.jdbc.ConnectionImpl@4bcc5ec3: (connection has passed maxLifetime)
2024-07-23 13:41:38,380 DEBUG c.z.h.p.HikariPool$PoolEntryCreator [HikariPool-1 connection adder] HikariPool-1 - Added connection com.mysql.cj.jdbc.ConnectionImpl@3d5527f4
2024-07-23 13:41:38,425 DEBUG c.z.h.p.HikariPool [HikariPool-1 connection adder] HikariPool-1 - Connection not added, stats (total=10, active=0, idle=10, waiting=0)
2024-07-23 13:41:38,767 DEBUG c.z.h.p.PoolBase [HikariPool-1 connection closer] HikariPool-1 - Closing connection com.mysql.cj.jdbc.ConnectionImpl@6af41ec: (connection has passed maxLifetime)
2024-07-23 13:41:38,820 DEBUG c.z.h.p.HikariPool$PoolEntryCreator [HikariPool-1 connection adder] HikariPool-1 - Added connection com.mysql.cj.jdbc.ConnectionImpl@ca2b880
2024-07-23 13:41:38,862 DEBUG c.z.h.p.HikariPool [HikariPool-1 connection adder] HikariPool-1 - Connection not added, stats (total=10, active=0, idle=10, waiting=0)
2024-07-23 13:41:43,339 DEBUG c.z.h.p.HikariPool [HikariPool-1 housekeeper] HikariPool-1 - Pool stats (total=10, active=0, idle=10, waiting=0)
2024-07-23 13:41:43,339 DEBUG c.z.h.p.HikariPool [HikariPool-1 housekeeper] HikariPool-1 - Fill pool skipped, pool has sufficient level or currently being filled.
2024-07-23 13:42:13,349 DEBUG c.z.h.p.HikariPool [HikariPool-1 housekeeper] HikariPool-1 - Pool stats (total=10, active=0, idle=10, waiting=0)
2024-07-23 13:42:13,349 DEBUG c.z.h.p.HikariPool [HikariPool-1 housekeeper] HikariPool-1 - Fill pool skipped, pool has sufficient level or currently being filled.
2024-07-23 13:42:43,355 DEBUG c.z.h.p.HikariPool [HikariPool-1 housekeeper] HikariPool-1 - Pool stats (total=10, active=0, idle=10, waiting=0)
2024-07-23 13:42:43,356 DEBUG c.z.h.p.HikariPool [HikariPool-1 housekeeper] HikariPool-1 - Fill pool skipped, pool has sufficient level or currently being filled.
2024-07-23 13:43:13,371 DEBUG c.z.h.p.HikariPool [HikariPool-1 housekeeper] HikariPool-1 - Pool stats (total=10, active=0, idle=10, waiting=0)
2024-07-23 13:43:13,371 DEBUG c.z.h.p.HikariPool [HikariPool-1 housekeeper] HikariPool-1 - Fill pool skipped, pool has sufficient level or currently being filled.
2024-07-23 13:43:43,377 DEBUG c.z.h.p.HikariPool [HikariPool-1 housekeeper] HikariPool-1 - Pool stats (total=10, active=0, idle=10, waiting=0)
2024-07-23 13:43:43,377 DEBUG c.z.h.p.HikariPool [HikariPool-1 housekeeper] HikariPool-1 - Fill pool skipped, pool has sufficient level or currently being filled.
2024-07-23 13:44:13,391 DEBUG c.z.h.p.HikariPool [HikariPool-1 housekeeper] HikariPool-1 - Pool stats (total=10, active=0, idle=10, waiting=0)
2024-07-23 13:44:13,391 DEBUG c.z.h.p.HikariPool [HikariPool-1 housekeeper] HikariPool-1 - Fill pool skipped, pool has sufficient level or currently being filled.
2024-07-23 13:44:43,400 DEBUG c.z.h.p.HikariPool [HikariPool-1 housekeeper] HikariPool-1 - Pool stats (total=10, active=0, idle=10, waiting=0)
2024-07-23 13:44:43,400 DEBUG c.z.h.p.HikariPool [HikariPool-1 housekeeper] HikariPool-1 - Fill pool skipped, pool has sufficient level or currently being filled.
2024-07-23 13:45:13,404 DEBUG c.z.h.p.HikariPool [HikariPool-1 housekeeper] HikariPool-1 - Pool stats (total=10, active=0, idle=10, waiting=0)
2024-07-23 13:45:13,404 DEBUG c.z.h.p.HikariPool [HikariPool-1 housekeeper] HikariPool-1 - Fill pool skipped, pool has sufficient level or currently being filled.
2024-07-23 13:45:43,410 DEBUG c.z.h.p.HikariPool [HikariPool-1 housekeeper] HikariPool-1 - Pool stats (total=10, active=0, idle=10, waiting=0)
2024-07-23 13:45:43,410 DEBUG c.z.h.p.HikariPool [HikariPool-1 housekeeper] HikariPool-1 - Fill pool skipped, pool has sufficient level or currently being filled.
2024-07-23 13:46:13,424 DEBUG c.z.h.p.HikariPool [HikariPool-1 housekeeper] HikariPool-1 - Pool stats (total=10, active=0, idle=10, waiting=0)
2024-07-23 13:46:13,424 DEBUG c.z.h.p.HikariPool [HikariPool-1 housekeeper] HikariPool-1 - Fill pool skipped, pool has sufficient level or currently being filled.
2024-07-23 13:46:43,424 DEBUG c.z.h.p.HikariPool [HikariPool-1 housekeeper] HikariPool-1 - Pool stats (total=10, active=0, idle=10, waiting=0)
2024-07-23 13:46:43,424 DEBUG c.z.h.p.HikariPool [HikariPool-1 housekeeper] HikariPool-1 - Fill pool skipped, pool has sufficient level or currently being filled.
2024-07-23 13:47:13,428 DEBUG c.z.h.p.HikariPool [HikariPool-1 housekeeper] HikariPool-1 - Pool stats (total=10, active=0, idle=10, waiting=0)
2024-07-23 13:47:13,428 DEBUG c.z.h.p.HikariPool [HikariPool-1 housekeeper] HikariPool-1 - Fill pool skipped, pool has sufficient level or currently being filled.
2024-07-23 13:47:43,430 DEBUG c.z.h.p.HikariPool [HikariPool-1 housekeeper] HikariPool-1 - Pool stats (total=10, active=0, idle=10, waiting=0)
2024-07-23 13:47:43,430 DEBUG c.z.h.p.HikariPool [HikariPool-1 housekeeper] HikariPool-1 - Fill pool skipped, pool has sufficient level or currently being filled.
2024-07-23 13:48:13,434 DEBUG c.z.h.p.HikariPool [HikariPool-1 housekeeper] HikariPool-1 - Pool stats (total=10, active=0, idle=10, waiting=0)
2024-07-23 13:48:13,434 DEBUG c.z.h.p.HikariPool [HikariPool-1 housekeeper] HikariPool-1 - Fill pool skipped, pool has sufficient level or currently being filled.
2024-07-23 13:48:43,448 DEBUG c.z.h.p.HikariPool [HikariPool-1 housekeeper] HikariPool-1 - Pool stats (total=10, active=0, idle=10, waiting=0)
2024-07-23 13:48:43,448 DEBUG c.z.h.p.HikariPool [HikariPool-1 housekeeper] HikariPool-1 - Fill pool skipped, pool has sufficient level or currently being filled.
2024-07-23 13:49:13,450 DEBUG c.z.h.p.HikariPool [HikariPool-1 housekeeper] HikariPool-1 - Pool stats (total=10, active=0, idle=10, waiting=0)
2024-07-23 13:49:13,450 DEBUG c.z.h.p.HikariPool [HikariPool-1 housekeeper] HikariPool-1 - Fill pool skipped, pool has sufficient level or currently being filled.
2024-07-23 13:49:43,452 DEBUG c.z.h.p.HikariPool [HikariPool-1 housekeeper] HikariPool-1 - Pool stats (total=10, active=0, idle=10, waiting=0)
2024-07-23 13:49:43,452 DEBUG c.z.h.p.HikariPool [HikariPool-1 housekeeper] HikariPool-1 - Fill pool skipped, pool has sufficient level or currently being filled.
2024-07-23 13:50:13,454 DEBUG c.z.h.p.HikariPool [HikariPool-1 housekeeper] HikariPool-1 - Pool stats (total=10, active=0, idle=10, waiting=0)
2024-07-23 13:50:13,454 DEBUG c.z.h.p.HikariPool [HikariPool-1 housekeeper] HikariPool-1 - Fill pool skipped, pool has sufficient level or currently being filled.
2024-07-23 13:50:43,456 DEBUG c.z.h.p.HikariPool [HikariPool-1 housekeeper] HikariPool-1 - Pool stats (total=10, active=0, idle=10, waiting=0)
2024-07-23 13:50:43,456 DEBUG c.z.h.p.HikariPool [HikariPool-1 housekeeper] HikariPool-1 - Fill pool skipped, pool has sufficient level or currently being filled.
2024-07-23 13:51:13,467 DEBUG c.z.h.p.HikariPool [HikariPool-1 housekeeper] HikariPool-1 - Pool stats (total=10, active=0, idle=10, waiting=0)
2024-07-23 13:51:13,467 DEBUG c.z.h.p.HikariPool [HikariPool-1 housekeeper] HikariPool-1 - Fill pool skipped, pool has sufficient level or currently being filled.
2024-07-23 13:51:43,480 DEBUG c.z.h.p.HikariPool [HikariPool-1 housekeeper] HikariPool-1 - Pool stats (total=10, active=0, idle=10, waiting=0)
2024-07-23 13:51:43,481 DEBUG c.z.h.p.HikariPool [HikariPool-1 housekeeper] HikariPool-1 - Fill pool skipped, pool has sufficient level or currently being filled.
2024-07-23 13:52:13,482 DEBUG c.z.h.p.HikariPool [HikariPool-1 housekeeper] HikariPool-1 - Pool stats (total=10, active=0, idle=10, waiting=0)
2024-07-23 13:52:13,482 DEBUG c.z.h.p.HikariPool [HikariPool-1 housekeeper] HikariPool-1 - Fill pool skipped, pool has sufficient level or currently being filled.
2024-07-23 13:52:43,488 DEBUG c.z.h.p.HikariPool [HikariPool-1 housekeeper] HikariPool-1 - Pool stats (total=10, active=0, idle=10, waiting=0)
2024-07-23 13:52:43,488 DEBUG c.z.h.p.HikariPool [HikariPool-1 housekeeper] HikariPool-1 - Fill pool skipped, pool has sufficient level or currently being filled.
2024-07-23 13:53:13,493 DEBUG c.z.h.p.HikariPool [HikariPool-1 housekeeper] HikariPool-1 - Pool stats (total=10, active=0, idle=10, waiting=0)
2024-07-23 13:53:13,493 DEBUG c.z.h.p.HikariPool [HikariPool-1 housekeeper] HikariPool-1 - Fill pool skipped, pool has sufficient level or currently being filled.
2024-07-23 13:53:43,509 DEBUG c.z.h.p.HikariPool [HikariPool-1 housekeeper] HikariPool-1 - Pool stats (total=10, active=0, idle=10, waiting=0)
2024-07-23 13:53:43,511 DEBUG c.z.h.p.HikariPool [HikariPool-1 housekeeper] HikariPool-1 - Fill pool skipped, pool has sufficient level or currently being filled.
2024-07-23 13:54:13,517 DEBUG c.z.h.p.HikariPool [HikariPool-1 housekeeper] HikariPool-1 - Pool stats (total=10, active=0, idle=10, waiting=0)
2024-07-23 13:54:13,517 DEBUG c.z.h.p.HikariPool [HikariPool-1 housekeeper] HikariPool-1 - Fill pool skipped, pool has sufficient level or currently being filled.
2024-07-23 13:54:43,522 DEBUG c.z.h.p.HikariPool [HikariPool-1 housekeeper] HikariPool-1 - Pool stats (total=10, active=0, idle=10, waiting=0)
2024-07-23 13:54:43,523 DEBUG c.z.h.p.HikariPool [HikariPool-1 housekeeper] HikariPool-1 - Fill pool skipped, pool has sufficient level or currently being filled.
2024-07-23 13:55:13,529 DEBUG c.z.h.p.HikariPool [HikariPool-1 housekeeper] HikariPool-1 - Pool stats (total=10, active=0, idle=10, waiting=0)
2024-07-23 13:55:13,529 DEBUG c.z.h.p.HikariPool [HikariPool-1 housekeeper] HikariPool-1 - Fill pool skipped, pool has sufficient level or currently being filled.
2024-07-23 13:55:43,545 DEBUG c.z.h.p.HikariPool [HikariPool-1 housekeeper] HikariPool-1 - Pool stats (total=10, active=0, idle=10, waiting=0)
2024-07-23 13:55:43,545 DEBUG c.z.h.p.HikariPool [HikariPool-1 housekeeper] HikariPool-1 - Fill pool skipped, pool has sufficient level or currently being filled.
2024-07-23 13:56:13,551 DEBUG c.z.h.p.HikariPool [HikariPool-1 housekeeper] HikariPool-1 - Pool stats (total=10, active=0, idle=10, waiting=0)
2024-07-23 13:56:13,551 DEBUG c.z.h.p.HikariPool [HikariPool-1 housekeeper] HikariPool-1 - Fill pool skipped, pool has sufficient level or currently being filled.
2024-07-23 13:56:43,560 DEBUG c.z.h.p.HikariPool [HikariPool-1 housekeeper] HikariPool-1 - Pool stats (total=10, active=0, idle=10, waiting=0)
2024-07-23 13:56:43,560 DEBUG c.z.h.p.HikariPool [HikariPool-1 housekeeper] HikariPool-1 - Fill pool skipped, pool has sufficient level or currently being filled.
2024-07-23 13:57:13,562 DEBUG c.z.h.p.HikariPool [HikariPool-1 housekeeper] HikariPool-1 - Pool stats (total=10, active=0, idle=10, waiting=0)
2024-07-23 13:57:13,562 DEBUG c.z.h.p.HikariPool [HikariPool-1 housekeeper] HikariPool-1 - Fill pool skipped, pool has sufficient level or currently being filled.
2024-07-23 13:57:43,569 DEBUG c.z.h.p.HikariPool [HikariPool-1 housekeeper] HikariPool-1 - Pool stats (total=10, active=0, idle=10, waiting=0)
2024-07-23 13:57:43,570 DEBUG c.z.h.p.HikariPool [HikariPool-1 housekeeper] HikariPool-1 - Fill pool skipped, pool has sufficient level or currently being filled.
2024-07-23 13:58:13,578 DEBUG c.z.h.p.HikariPool [HikariPool-1 housekeeper] HikariPool-1 - Pool stats (total=10, active=0, idle=10, waiting=0)
2024-07-23 13:58:13,578 DEBUG c.z.h.p.HikariPool [HikariPool-1 housekeeper] HikariPool-1 - Fill pool skipped, pool has sufficient level or currently being filled.
2024-07-23 13:58:43,591 DEBUG c.z.h.p.HikariPool [HikariPool-1 housekeeper] HikariPool-1 - Pool stats (total=10, active=0, idle=10, waiting=0)
2024-07-23 13:58:43,591 DEBUG c.z.h.p.HikariPool [HikariPool-1 housekeeper] HikariPool-1 - Fill pool skipped, pool has sufficient level or currently being filled.
2024-07-23 13:59:13,610 DEBUG c.z.h.p.HikariPool [HikariPool-1 housekeeper] HikariPool-1 - Pool stats (total=10, active=0, idle=10, waiting=0)
2024-07-23 13:59:13,610 DEBUG c.z.h.p.HikariPool [HikariPool-1 housekeeper] HikariPool-1 - Fill pool skipped, pool has sufficient level or currently being filled.
2024-07-23 13:59:43,613 DEBUG c.z.h.p.HikariPool [HikariPool-1 housekeeper] HikariPool-1 - Pool stats (total=10, active=0, idle=10, waiting=0)
2024-07-23 13:59:43,614 DEBUG c.z.h.p.HikariPool [HikariPool-1 housekeeper] HikariPool-1 - Fill pool skipped, pool has sufficient level or currently being filled.
