2024-07-23 14:00:13,615 DEBUG c.z.h.p.HikariPool [HikariPool-1 housekeeper] HikariPool-1 - Pool stats (total=10, active=0, idle=10, waiting=0)
2024-07-23 14:00:13,621 DEBUG c.z.h.p.HikariPool [HikariPool-1 housekeeper] HikariPool-1 - Fill pool skipped, pool has sufficient level or currently being filled.
2024-07-23 14:00:43,632 DEBUG c.z.h.p.HikariPool [HikariPool-1 housekeeper] HikariPool-1 - Pool stats (total=10, active=0, idle=10, waiting=0)
2024-07-23 14:00:43,632 DEBUG c.z.h.p.HikariPool [HikariPool-1 housekeeper] HikariPool-1 - Fill pool skipped, pool has sufficient level or currently being filled.
2024-07-23 14:01:13,636 DEBUG c.z.h.p.HikariPool [HikariPool-1 housekeeper] HikariPool-1 - Pool stats (total=10, active=0, idle=10, waiting=0)
2024-07-23 14:01:13,636 DEBUG c.z.h.p.HikariPool [HikariPool-1 housekeeper] HikariPool-1 - Fill pool skipped, pool has sufficient level or currently being filled.
2024-07-23 14:01:43,642 DEBUG c.z.h.p.HikariPool [HikariPool-1 housekeeper] HikariPool-1 - Pool stats (total=10, active=0, idle=10, waiting=0)
2024-07-23 14:01:43,642 DEBUG c.z.h.p.HikariPool [HikariPool-1 housekeeper] HikariPool-1 - Fill pool skipped, pool has sufficient level or currently being filled.
2024-07-23 14:02:13,645 DEBUG c.z.h.p.HikariPool [HikariPool-1 housekeeper] HikariPool-1 - Pool stats (total=10, active=0, idle=10, waiting=0)
2024-07-23 14:02:13,645 DEBUG c.z.h.p.HikariPool [HikariPool-1 housekeeper] HikariPool-1 - Fill pool skipped, pool has sufficient level or currently being filled.
2024-07-23 14:02:43,649 DEBUG c.z.h.p.HikariPool [HikariPool-1 housekeeper] HikariPool-1 - Pool stats (total=10, active=0, idle=10, waiting=0)
2024-07-23 14:02:43,649 DEBUG c.z.h.p.HikariPool [HikariPool-1 housekeeper] HikariPool-1 - Fill pool skipped, pool has sufficient level or currently being filled.
2024-07-23 14:03:13,658 DEBUG c.z.h.p.HikariPool [HikariPool-1 housekeeper] HikariPool-1 - Pool stats (total=10, active=0, idle=10, waiting=0)
2024-07-23 14:03:13,658 DEBUG c.z.h.p.HikariPool [HikariPool-1 housekeeper] HikariPool-1 - Fill pool skipped, pool has sufficient level or currently being filled.
2024-07-23 14:03:43,669 DEBUG c.z.h.p.HikariPool [HikariPool-1 housekeeper] HikariPool-1 - Pool stats (total=10, active=0, idle=10, waiting=0)
2024-07-23 14:03:43,669 DEBUG c.z.h.p.HikariPool [HikariPool-1 housekeeper] HikariPool-1 - Fill pool skipped, pool has sufficient level or currently being filled.
2024-07-23 14:04:13,675 DEBUG c.z.h.p.HikariPool [HikariPool-1 housekeeper] HikariPool-1 - Pool stats (total=10, active=0, idle=10, waiting=0)
2024-07-23 14:04:13,675 DEBUG c.z.h.p.HikariPool [HikariPool-1 housekeeper] HikariPool-1 - Fill pool skipped, pool has sufficient level or currently being filled.
2024-07-23 14:04:43,682 DEBUG c.z.h.p.HikariPool [HikariPool-1 housekeeper] HikariPool-1 - Pool stats (total=10, active=0, idle=10, waiting=0)
2024-07-23 14:04:43,682 DEBUG c.z.h.p.HikariPool [HikariPool-1 housekeeper] HikariPool-1 - Fill pool skipped, pool has sufficient level or currently being filled.
2024-07-23 14:05:13,686 DEBUG c.z.h.p.HikariPool [HikariPool-1 housekeeper] HikariPool-1 - Pool stats (total=10, active=0, idle=10, waiting=0)
2024-07-23 14:05:13,686 DEBUG c.z.h.p.HikariPool [HikariPool-1 housekeeper] HikariPool-1 - Fill pool skipped, pool has sufficient level or currently being filled.
2024-07-23 14:05:43,692 DEBUG c.z.h.p.HikariPool [HikariPool-1 housekeeper] HikariPool-1 - Pool stats (total=10, active=0, idle=10, waiting=0)
2024-07-23 14:05:43,692 DEBUG c.z.h.p.HikariPool [HikariPool-1 housekeeper] HikariPool-1 - Fill pool skipped, pool has sufficient level or currently being filled.
2024-07-23 14:06:13,699 DEBUG c.z.h.p.HikariPool [HikariPool-1 housekeeper] HikariPool-1 - Pool stats (total=10, active=0, idle=10, waiting=0)
2024-07-23 14:06:13,699 DEBUG c.z.h.p.HikariPool [HikariPool-1 housekeeper] HikariPool-1 - Fill pool skipped, pool has sufficient level or currently being filled.
2024-07-23 14:06:43,709 DEBUG c.z.h.p.HikariPool [HikariPool-1 housekeeper] HikariPool-1 - Pool stats (total=10, active=0, idle=10, waiting=0)
2024-07-23 14:06:43,709 DEBUG c.z.h.p.HikariPool [HikariPool-1 housekeeper] HikariPool-1 - Fill pool skipped, pool has sufficient level or currently being filled.
2024-07-23 14:07:13,717 DEBUG c.z.h.p.HikariPool [HikariPool-1 housekeeper] HikariPool-1 - Pool stats (total=10, active=0, idle=10, waiting=0)
2024-07-23 14:07:13,717 DEBUG c.z.h.p.HikariPool [HikariPool-1 housekeeper] HikariPool-1 - Fill pool skipped, pool has sufficient level or currently being filled.
2024-07-23 14:07:43,725 DEBUG c.z.h.p.HikariPool [HikariPool-1 housekeeper] HikariPool-1 - Pool stats (total=10, active=0, idle=10, waiting=0)
2024-07-23 14:07:43,725 DEBUG c.z.h.p.HikariPool [HikariPool-1 housekeeper] HikariPool-1 - Fill pool skipped, pool has sufficient level or currently being filled.
2024-07-23 14:08:13,734 DEBUG c.z.h.p.HikariPool [HikariPool-1 housekeeper] HikariPool-1 - Pool stats (total=10, active=0, idle=10, waiting=0)
2024-07-23 14:08:13,735 DEBUG c.z.h.p.HikariPool [HikariPool-1 housekeeper] HikariPool-1 - Fill pool skipped, pool has sufficient level or currently being filled.
2024-07-23 14:08:43,747 DEBUG c.z.h.p.HikariPool [HikariPool-1 housekeeper] HikariPool-1 - Pool stats (total=10, active=0, idle=10, waiting=0)
2024-07-23 14:08:43,748 DEBUG c.z.h.p.HikariPool [HikariPool-1 housekeeper] HikariPool-1 - Fill pool skipped, pool has sufficient level or currently being filled.
2024-07-23 14:09:13,760 DEBUG c.z.h.p.HikariPool [HikariPool-1 housekeeper] HikariPool-1 - Pool stats (total=10, active=0, idle=10, waiting=0)
2024-07-23 14:09:13,760 DEBUG c.z.h.p.HikariPool [HikariPool-1 housekeeper] HikariPool-1 - Fill pool skipped, pool has sufficient level or currently being filled.
2024-07-23 14:09:43,768 DEBUG c.z.h.p.HikariPool [HikariPool-1 housekeeper] HikariPool-1 - Pool stats (total=10, active=0, idle=10, waiting=0)
2024-07-23 14:09:43,768 DEBUG c.z.h.p.HikariPool [HikariPool-1 housekeeper] HikariPool-1 - Fill pool skipped, pool has sufficient level or currently being filled.
2024-07-23 14:10:13,769 DEBUG c.z.h.p.HikariPool [HikariPool-1 housekeeper] HikariPool-1 - Pool stats (total=10, active=0, idle=10, waiting=0)
2024-07-23 14:10:13,770 DEBUG c.z.h.p.HikariPool [HikariPool-1 housekeeper] HikariPool-1 - Fill pool skipped, pool has sufficient level or currently being filled.
2024-07-23 14:10:43,772 DEBUG c.z.h.p.HikariPool [HikariPool-1 housekeeper] HikariPool-1 - Pool stats (total=10, active=0, idle=10, waiting=0)
2024-07-23 14:10:43,772 DEBUG c.z.h.p.HikariPool [HikariPool-1 housekeeper] HikariPool-1 - Fill pool skipped, pool has sufficient level or currently being filled.
2024-07-23 14:10:45,404 DEBUG c.z.h.p.PoolBase [HikariPool-1 connection closer] HikariPool-1 - Closing connection com.mysql.cj.jdbc.ConnectionImpl@7220f716: (connection has passed maxLifetime)
2024-07-23 14:10:45,460 DEBUG c.z.h.p.HikariPool$PoolEntryCreator [HikariPool-1 connection adder] HikariPool-1 - Added connection com.mysql.cj.jdbc.ConnectionImpl@446ed6b
2024-07-23 14:10:45,497 DEBUG c.z.h.p.HikariPool [HikariPool-1 connection adder] HikariPool-1 - Connection not added, stats (total=10, active=0, idle=10, waiting=0)
2024-07-23 14:10:48,248 DEBUG c.z.h.p.PoolBase [HikariPool-1 connection closer] HikariPool-1 - Closing connection com.mysql.cj.jdbc.ConnectionImpl@2e3ad4cb: (connection has passed maxLifetime)
2024-07-23 14:10:48,301 DEBUG c.z.h.p.HikariPool$PoolEntryCreator [HikariPool-1 connection adder] HikariPool-1 - Added connection com.mysql.cj.jdbc.ConnectionImpl@457be750
2024-07-23 14:10:48,340 DEBUG c.z.h.p.HikariPool [HikariPool-1 connection adder] HikariPool-1 - Connection not added, stats (total=10, active=0, idle=10, waiting=0)
2024-07-23 14:10:48,419 DEBUG c.z.h.p.PoolBase [HikariPool-1 connection closer] HikariPool-1 - Closing connection com.mysql.cj.jdbc.ConnectionImpl@4e152b84: (connection has passed maxLifetime)
2024-07-23 14:10:48,475 DEBUG c.z.h.p.HikariPool$PoolEntryCreator [HikariPool-1 connection adder] HikariPool-1 - Added connection com.mysql.cj.jdbc.ConnectionImpl@7474a6dd
2024-07-23 14:10:48,513 DEBUG c.z.h.p.HikariPool [HikariPool-1 connection adder] HikariPool-1 - Connection not added, stats (total=10, active=0, idle=10, waiting=0)
2024-07-23 14:10:55,315 DEBUG c.z.h.p.PoolBase [HikariPool-1 connection closer] HikariPool-1 - Closing connection com.mysql.cj.jdbc.ConnectionImpl@ca2b880: (connection has passed maxLifetime)
2024-07-23 14:10:55,364 DEBUG c.z.h.p.HikariPool$PoolEntryCreator [HikariPool-1 connection adder] HikariPool-1 - Added connection com.mysql.cj.jdbc.ConnectionImpl@54aac39f
2024-07-23 14:10:55,409 DEBUG c.z.h.p.HikariPool [HikariPool-1 connection adder] HikariPool-1 - Connection not added, stats (total=10, active=0, idle=10, waiting=0)
2024-07-23 14:10:55,486 DEBUG c.z.h.p.PoolBase [HikariPool-1 connection closer] HikariPool-1 - Closing connection com.mysql.cj.jdbc.ConnectionImpl@294f867: (connection has passed maxLifetime)
2024-07-23 14:10:55,536 DEBUG c.z.h.p.HikariPool$PoolEntryCreator [HikariPool-1 connection adder] HikariPool-1 - Added connection com.mysql.cj.jdbc.ConnectionImpl@1597c9a4
2024-07-23 14:10:55,579 DEBUG c.z.h.p.HikariPool [HikariPool-1 connection adder] HikariPool-1 - Connection not added, stats (total=10, active=0, idle=10, waiting=0)
2024-07-23 14:10:55,594 DEBUG c.z.h.p.PoolBase [HikariPool-1 connection closer] HikariPool-1 - Closing connection com.mysql.cj.jdbc.ConnectionImpl@43a9f25c: (connection has passed maxLifetime)
2024-07-23 14:10:55,640 DEBUG c.z.h.p.HikariPool$PoolEntryCreator [HikariPool-1 connection adder] HikariPool-1 - Added connection com.mysql.cj.jdbc.ConnectionImpl@2448bcf9
2024-07-23 14:10:55,673 DEBUG c.z.h.p.HikariPool [HikariPool-1 connection adder] HikariPool-1 - Connection not added, stats (total=10, active=0, idle=10, waiting=0)
2024-07-23 14:11:13,781 DEBUG c.z.h.p.HikariPool [HikariPool-1 housekeeper] HikariPool-1 - Pool stats (total=10, active=0, idle=10, waiting=0)
2024-07-23 14:11:13,781 DEBUG c.z.h.p.HikariPool [HikariPool-1 housekeeper] HikariPool-1 - Fill pool skipped, pool has sufficient level or currently being filled.
2024-07-23 14:11:22,641 DEBUG c.z.h.p.PoolBase [HikariPool-1 connection closer] HikariPool-1 - Closing connection com.mysql.cj.jdbc.ConnectionImpl@f1d57ad: (connection has passed maxLifetime)
2024-07-23 14:11:22,694 DEBUG c.z.h.p.HikariPool$PoolEntryCreator [HikariPool-1 connection adder] HikariPool-1 - Added connection com.mysql.cj.jdbc.ConnectionImpl@199fcc28
2024-07-23 14:11:22,735 DEBUG c.z.h.p.HikariPool [HikariPool-1 connection adder] HikariPool-1 - Connection not added, stats (total=10, active=0, idle=10, waiting=0)
2024-07-23 14:11:23,359 DEBUG c.z.h.p.PoolBase [HikariPool-1 connection closer] HikariPool-1 - Closing connection com.mysql.cj.jdbc.ConnectionImpl@3d5527f4: (connection has passed maxLifetime)
2024-07-23 14:11:23,406 DEBUG c.z.h.p.HikariPool$PoolEntryCreator [HikariPool-1 connection adder] HikariPool-1 - Added connection com.mysql.cj.jdbc.ConnectionImpl@58a2c613
2024-07-23 14:11:23,451 DEBUG c.z.h.p.HikariPool [HikariPool-1 connection adder] HikariPool-1 - Connection not added, stats (total=10, active=0, idle=10, waiting=0)
2024-07-23 14:11:25,770 DEBUG c.z.h.p.PoolBase [HikariPool-1 connection closer] HikariPool-1 - Closing connection com.mysql.cj.jdbc.ConnectionImpl@774cbe9f: (connection has passed maxLifetime)
2024-07-23 14:11:25,829 DEBUG c.z.h.p.HikariPool$PoolEntryCreator [HikariPool-1 connection adder] HikariPool-1 - Added connection com.mysql.cj.jdbc.ConnectionImpl@6930db6d
2024-07-23 14:11:25,865 DEBUG c.z.h.p.HikariPool [HikariPool-1 connection adder] HikariPool-1 - Connection not added, stats (total=10, active=0, idle=10, waiting=0)
2024-07-23 14:11:34,540 DEBUG c.z.h.p.PoolBase [HikariPool-1 connection closer] HikariPool-1 - Closing connection com.mysql.cj.jdbc.ConnectionImpl@7c682dcf: (connection has passed maxLifetime)
2024-07-23 14:11:34,604 DEBUG c.z.h.p.HikariPool$PoolEntryCreator [HikariPool-1 connection adder] HikariPool-1 - Added connection com.mysql.cj.jdbc.ConnectionImpl@31d70405
2024-07-23 14:11:34,634 DEBUG c.z.h.p.HikariPool [HikariPool-1 connection adder] HikariPool-1 - Connection not added, stats (total=10, active=0, idle=10, waiting=0)
2024-07-23 14:11:43,787 DEBUG c.z.h.p.HikariPool [HikariPool-1 housekeeper] HikariPool-1 - Pool stats (total=10, active=0, idle=10, waiting=0)
2024-07-23 14:11:43,787 DEBUG c.z.h.p.HikariPool [HikariPool-1 housekeeper] HikariPool-1 - Fill pool skipped, pool has sufficient level or currently being filled.
2024-07-23 14:12:13,799 DEBUG c.z.h.p.HikariPool [HikariPool-1 housekeeper] HikariPool-1 - Pool stats (total=10, active=0, idle=10, waiting=0)
2024-07-23 14:12:13,799 DEBUG c.z.h.p.HikariPool [HikariPool-1 housekeeper] HikariPool-1 - Fill pool skipped, pool has sufficient level or currently being filled.
2024-07-23 14:12:43,811 DEBUG c.z.h.p.HikariPool [HikariPool-1 housekeeper] HikariPool-1 - Pool stats (total=10, active=0, idle=10, waiting=0)
2024-07-23 14:12:43,811 DEBUG c.z.h.p.HikariPool [HikariPool-1 housekeeper] HikariPool-1 - Fill pool skipped, pool has sufficient level or currently being filled.
2024-07-23 14:13:13,821 DEBUG c.z.h.p.HikariPool [HikariPool-1 housekeeper] HikariPool-1 - Pool stats (total=10, active=0, idle=10, waiting=0)
2024-07-23 14:13:13,821 DEBUG c.z.h.p.HikariPool [HikariPool-1 housekeeper] HikariPool-1 - Fill pool skipped, pool has sufficient level or currently being filled.
2024-07-23 14:13:43,821 DEBUG c.z.h.p.HikariPool [HikariPool-1 housekeeper] HikariPool-1 - Pool stats (total=10, active=0, idle=10, waiting=0)
2024-07-23 14:13:43,822 DEBUG c.z.h.p.HikariPool [HikariPool-1 housekeeper] HikariPool-1 - Fill pool skipped, pool has sufficient level or currently being filled.
2024-07-23 14:14:13,835 DEBUG c.z.h.p.HikariPool [HikariPool-1 housekeeper] HikariPool-1 - Pool stats (total=10, active=0, idle=10, waiting=0)
2024-07-23 14:14:13,835 DEBUG c.z.h.p.HikariPool [HikariPool-1 housekeeper] HikariPool-1 - Fill pool skipped, pool has sufficient level or currently being filled.
2024-07-23 14:14:43,845 DEBUG c.z.h.p.HikariPool [HikariPool-1 housekeeper] HikariPool-1 - Pool stats (total=10, active=0, idle=10, waiting=0)
2024-07-23 14:14:43,845 DEBUG c.z.h.p.HikariPool [HikariPool-1 housekeeper] HikariPool-1 - Fill pool skipped, pool has sufficient level or currently being filled.
2024-07-23 14:15:13,849 DEBUG c.z.h.p.HikariPool [HikariPool-1 housekeeper] HikariPool-1 - Pool stats (total=10, active=0, idle=10, waiting=0)
2024-07-23 14:15:13,849 DEBUG c.z.h.p.HikariPool [HikariPool-1 housekeeper] HikariPool-1 - Fill pool skipped, pool has sufficient level or currently being filled.
2024-07-23 14:15:43,863 DEBUG c.z.h.p.HikariPool [HikariPool-1 housekeeper] HikariPool-1 - Pool stats (total=10, active=0, idle=10, waiting=0)
2024-07-23 14:15:43,863 DEBUG c.z.h.p.HikariPool [HikariPool-1 housekeeper] HikariPool-1 - Fill pool skipped, pool has sufficient level or currently being filled.
2024-07-23 14:16:13,868 DEBUG c.z.h.p.HikariPool [HikariPool-1 housekeeper] HikariPool-1 - Pool stats (total=10, active=0, idle=10, waiting=0)
2024-07-23 14:16:13,868 DEBUG c.z.h.p.HikariPool [HikariPool-1 housekeeper] HikariPool-1 - Fill pool skipped, pool has sufficient level or currently being filled.
2024-07-23 14:16:43,870 DEBUG c.z.h.p.HikariPool [HikariPool-1 housekeeper] HikariPool-1 - Pool stats (total=10, active=0, idle=10, waiting=0)
2024-07-23 14:16:43,870 DEBUG c.z.h.p.HikariPool [HikariPool-1 housekeeper] HikariPool-1 - Fill pool skipped, pool has sufficient level or currently being filled.
2024-07-23 14:17:13,877 DEBUG c.z.h.p.HikariPool [HikariPool-1 housekeeper] HikariPool-1 - Pool stats (total=10, active=0, idle=10, waiting=0)
2024-07-23 14:17:13,877 DEBUG c.z.h.p.HikariPool [HikariPool-1 housekeeper] HikariPool-1 - Fill pool skipped, pool has sufficient level or currently being filled.
2024-07-23 14:17:43,890 DEBUG c.z.h.p.HikariPool [HikariPool-1 housekeeper] HikariPool-1 - Pool stats (total=10, active=0, idle=10, waiting=0)
2024-07-23 14:17:43,890 DEBUG c.z.h.p.HikariPool [HikariPool-1 housekeeper] HikariPool-1 - Fill pool skipped, pool has sufficient level or currently being filled.
2024-07-23 14:18:13,891 DEBUG c.z.h.p.HikariPool [HikariPool-1 housekeeper] HikariPool-1 - Pool stats (total=10, active=0, idle=10, waiting=0)
2024-07-23 14:18:13,891 DEBUG c.z.h.p.HikariPool [HikariPool-1 housekeeper] HikariPool-1 - Fill pool skipped, pool has sufficient level or currently being filled.
2024-07-23 14:18:43,898 DEBUG c.z.h.p.HikariPool [HikariPool-1 housekeeper] HikariPool-1 - Pool stats (total=10, active=0, idle=10, waiting=0)
2024-07-23 14:18:43,898 DEBUG c.z.h.p.HikariPool [HikariPool-1 housekeeper] HikariPool-1 - Fill pool skipped, pool has sufficient level or currently being filled.
2024-07-23 14:19:13,914 DEBUG c.z.h.p.HikariPool [HikariPool-1 housekeeper] HikariPool-1 - Pool stats (total=10, active=0, idle=10, waiting=0)
2024-07-23 14:19:13,914 DEBUG c.z.h.p.HikariPool [HikariPool-1 housekeeper] HikariPool-1 - Fill pool skipped, pool has sufficient level or currently being filled.
2024-07-23 14:19:43,918 DEBUG c.z.h.p.HikariPool [HikariPool-1 housekeeper] HikariPool-1 - Pool stats (total=10, active=0, idle=10, waiting=0)
2024-07-23 14:19:43,918 DEBUG c.z.h.p.HikariPool [HikariPool-1 housekeeper] HikariPool-1 - Fill pool skipped, pool has sufficient level or currently being filled.
2024-07-23 14:20:13,932 DEBUG c.z.h.p.HikariPool [HikariPool-1 housekeeper] HikariPool-1 - Pool stats (total=10, active=0, idle=10, waiting=0)
2024-07-23 14:20:13,932 DEBUG c.z.h.p.HikariPool [HikariPool-1 housekeeper] HikariPool-1 - Fill pool skipped, pool has sufficient level or currently being filled.
2024-07-23 14:20:43,944 DEBUG c.z.h.p.HikariPool [HikariPool-1 housekeeper] HikariPool-1 - Pool stats (total=10, active=0, idle=10, waiting=0)
2024-07-23 14:20:43,944 DEBUG c.z.h.p.HikariPool [HikariPool-1 housekeeper] HikariPool-1 - Fill pool skipped, pool has sufficient level or currently being filled.
2024-07-23 14:21:13,949 DEBUG c.z.h.p.HikariPool [HikariPool-1 housekeeper] HikariPool-1 - Pool stats (total=10, active=0, idle=10, waiting=0)
2024-07-23 14:21:13,949 DEBUG c.z.h.p.HikariPool [HikariPool-1 housekeeper] HikariPool-1 - Fill pool skipped, pool has sufficient level or currently being filled.
2024-07-23 14:21:43,957 DEBUG c.z.h.p.HikariPool [HikariPool-1 housekeeper] HikariPool-1 - Pool stats (total=10, active=0, idle=10, waiting=0)
2024-07-23 14:21:43,957 DEBUG c.z.h.p.HikariPool [HikariPool-1 housekeeper] HikariPool-1 - Fill pool skipped, pool has sufficient level or currently being filled.
2024-07-23 14:22:13,958 DEBUG c.z.h.p.HikariPool [HikariPool-1 housekeeper] HikariPool-1 - Pool stats (total=10, active=0, idle=10, waiting=0)
2024-07-23 14:22:13,958 DEBUG c.z.h.p.HikariPool [HikariPool-1 housekeeper] HikariPool-1 - Fill pool skipped, pool has sufficient level or currently being filled.
2024-07-23 14:22:43,973 DEBUG c.z.h.p.HikariPool [HikariPool-1 housekeeper] HikariPool-1 - Pool stats (total=10, active=0, idle=10, waiting=0)
2024-07-23 14:22:43,973 DEBUG c.z.h.p.HikariPool [HikariPool-1 housekeeper] HikariPool-1 - Fill pool skipped, pool has sufficient level or currently being filled.
2024-07-23 14:23:13,985 DEBUG c.z.h.p.HikariPool [HikariPool-1 housekeeper] HikariPool-1 - Pool stats (total=10, active=0, idle=10, waiting=0)
2024-07-23 14:23:13,985 DEBUG c.z.h.p.HikariPool [HikariPool-1 housekeeper] HikariPool-1 - Fill pool skipped, pool has sufficient level or currently being filled.
2024-07-23 14:23:43,995 DEBUG c.z.h.p.HikariPool [HikariPool-1 housekeeper] HikariPool-1 - Pool stats (total=10, active=0, idle=10, waiting=0)
2024-07-23 14:23:43,995 DEBUG c.z.h.p.HikariPool [HikariPool-1 housekeeper] HikariPool-1 - Fill pool skipped, pool has sufficient level or currently being filled.
2024-07-23 14:24:14,005 DEBUG c.z.h.p.HikariPool [HikariPool-1 housekeeper] HikariPool-1 - Pool stats (total=10, active=0, idle=10, waiting=0)
2024-07-23 14:24:14,005 DEBUG c.z.h.p.HikariPool [HikariPool-1 housekeeper] HikariPool-1 - Fill pool skipped, pool has sufficient level or currently being filled.
2024-07-23 14:24:44,019 DEBUG c.z.h.p.HikariPool [HikariPool-1 housekeeper] HikariPool-1 - Pool stats (total=10, active=0, idle=10, waiting=0)
2024-07-23 14:24:44,019 DEBUG c.z.h.p.HikariPool [HikariPool-1 housekeeper] HikariPool-1 - Fill pool skipped, pool has sufficient level or currently being filled.
2024-07-23 14:25:14,028 DEBUG c.z.h.p.HikariPool [HikariPool-1 housekeeper] HikariPool-1 - Pool stats (total=10, active=0, idle=10, waiting=0)
2024-07-23 14:25:14,028 DEBUG c.z.h.p.HikariPool [HikariPool-1 housekeeper] HikariPool-1 - Fill pool skipped, pool has sufficient level or currently being filled.
2024-07-23 14:25:44,040 DEBUG c.z.h.p.HikariPool [HikariPool-1 housekeeper] HikariPool-1 - Pool stats (total=10, active=0, idle=10, waiting=0)
2024-07-23 14:25:44,040 DEBUG c.z.h.p.HikariPool [HikariPool-1 housekeeper] HikariPool-1 - Fill pool skipped, pool has sufficient level or currently being filled.
2024-07-23 14:26:14,051 DEBUG c.z.h.p.HikariPool [HikariPool-1 housekeeper] HikariPool-1 - Pool stats (total=10, active=0, idle=10, waiting=0)
2024-07-23 14:26:14,051 DEBUG c.z.h.p.HikariPool [HikariPool-1 housekeeper] HikariPool-1 - Fill pool skipped, pool has sufficient level or currently being filled.
2024-07-23 14:26:44,058 DEBUG c.z.h.p.HikariPool [HikariPool-1 housekeeper] HikariPool-1 - Pool stats (total=10, active=0, idle=10, waiting=0)
2024-07-23 14:26:44,058 DEBUG c.z.h.p.HikariPool [HikariPool-1 housekeeper] HikariPool-1 - Fill pool skipped, pool has sufficient level or currently being filled.
2024-07-23 14:27:14,063 DEBUG c.z.h.p.HikariPool [HikariPool-1 housekeeper] HikariPool-1 - Pool stats (total=10, active=0, idle=10, waiting=0)
2024-07-23 14:27:14,063 DEBUG c.z.h.p.HikariPool [HikariPool-1 housekeeper] HikariPool-1 - Fill pool skipped, pool has sufficient level or currently being filled.
2024-07-23 14:27:44,064 DEBUG c.z.h.p.HikariPool [HikariPool-1 housekeeper] HikariPool-1 - Pool stats (total=10, active=0, idle=10, waiting=0)
2024-07-23 14:27:44,064 DEBUG c.z.h.p.HikariPool [HikariPool-1 housekeeper] HikariPool-1 - Fill pool skipped, pool has sufficient level or currently being filled.
2024-07-23 14:28:14,070 DEBUG c.z.h.p.HikariPool [HikariPool-1 housekeeper] HikariPool-1 - Pool stats (total=10, active=0, idle=10, waiting=0)
2024-07-23 14:28:14,070 DEBUG c.z.h.p.HikariPool [HikariPool-1 housekeeper] HikariPool-1 - Fill pool skipped, pool has sufficient level or currently being filled.
2024-07-23 14:28:44,082 DEBUG c.z.h.p.HikariPool [HikariPool-1 housekeeper] HikariPool-1 - Pool stats (total=10, active=0, idle=10, waiting=0)
2024-07-23 14:28:44,082 DEBUG c.z.h.p.HikariPool [HikariPool-1 housekeeper] HikariPool-1 - Fill pool skipped, pool has sufficient level or currently being filled.
2024-07-23 14:29:14,092 DEBUG c.z.h.p.HikariPool [HikariPool-1 housekeeper] HikariPool-1 - Pool stats (total=10, active=0, idle=10, waiting=0)
2024-07-23 14:29:14,092 DEBUG c.z.h.p.HikariPool [HikariPool-1 housekeeper] HikariPool-1 - Fill pool skipped, pool has sufficient level or currently being filled.
2024-07-23 14:29:44,106 DEBUG c.z.h.p.HikariPool [HikariPool-1 housekeeper] HikariPool-1 - Pool stats (total=10, active=0, idle=10, waiting=0)
2024-07-23 14:29:44,107 DEBUG c.z.h.p.HikariPool [HikariPool-1 housekeeper] HikariPool-1 - Fill pool skipped, pool has sufficient level or currently being filled.
2024-07-23 14:30:14,119 DEBUG c.z.h.p.HikariPool [HikariPool-1 housekeeper] HikariPool-1 - Pool stats (total=10, active=0, idle=10, waiting=0)
2024-07-23 14:30:14,119 DEBUG c.z.h.p.HikariPool [HikariPool-1 housekeeper] HikariPool-1 - Fill pool skipped, pool has sufficient level or currently being filled.
2024-07-23 14:30:44,128 DEBUG c.z.h.p.HikariPool [HikariPool-1 housekeeper] HikariPool-1 - Pool stats (total=10, active=0, idle=10, waiting=0)
2024-07-23 14:30:44,128 DEBUG c.z.h.p.HikariPool [HikariPool-1 housekeeper] HikariPool-1 - Fill pool skipped, pool has sufficient level or currently being filled.
2024-07-23 14:31:14,133 DEBUG c.z.h.p.HikariPool [HikariPool-1 housekeeper] HikariPool-1 - Pool stats (total=10, active=0, idle=10, waiting=0)
2024-07-23 14:31:14,133 DEBUG c.z.h.p.HikariPool [HikariPool-1 housekeeper] HikariPool-1 - Fill pool skipped, pool has sufficient level or currently being filled.
2024-07-23 14:31:44,142 DEBUG c.z.h.p.HikariPool [HikariPool-1 housekeeper] HikariPool-1 - Pool stats (total=10, active=0, idle=10, waiting=0)
2024-07-23 14:31:44,142 DEBUG c.z.h.p.HikariPool [HikariPool-1 housekeeper] HikariPool-1 - Fill pool skipped, pool has sufficient level or currently being filled.
2024-07-23 14:32:14,152 DEBUG c.z.h.p.HikariPool [HikariPool-1 housekeeper] HikariPool-1 - Pool stats (total=10, active=0, idle=10, waiting=0)
2024-07-23 14:32:14,152 DEBUG c.z.h.p.HikariPool [HikariPool-1 housekeeper] HikariPool-1 - Fill pool skipped, pool has sufficient level or currently being filled.
2024-07-23 14:32:44,156 DEBUG c.z.h.p.HikariPool [HikariPool-1 housekeeper] HikariPool-1 - Pool stats (total=10, active=0, idle=10, waiting=0)
2024-07-23 14:32:44,156 DEBUG c.z.h.p.HikariPool [HikariPool-1 housekeeper] HikariPool-1 - Fill pool skipped, pool has sufficient level or currently being filled.
2024-07-23 14:33:14,159 DEBUG c.z.h.p.HikariPool [HikariPool-1 housekeeper] HikariPool-1 - Pool stats (total=10, active=0, idle=10, waiting=0)
2024-07-23 14:33:14,159 DEBUG c.z.h.p.HikariPool [HikariPool-1 housekeeper] HikariPool-1 - Fill pool skipped, pool has sufficient level or currently being filled.
2024-07-23 14:33:44,170 DEBUG c.z.h.p.HikariPool [HikariPool-1 housekeeper] HikariPool-1 - Pool stats (total=10, active=0, idle=10, waiting=0)
2024-07-23 14:33:44,170 DEBUG c.z.h.p.HikariPool [HikariPool-1 housekeeper] HikariPool-1 - Fill pool skipped, pool has sufficient level or currently being filled.
2024-07-23 14:34:14,175 DEBUG c.z.h.p.HikariPool [HikariPool-1 housekeeper] HikariPool-1 - Pool stats (total=10, active=0, idle=10, waiting=0)
2024-07-23 14:34:14,175 DEBUG c.z.h.p.HikariPool [HikariPool-1 housekeeper] HikariPool-1 - Fill pool skipped, pool has sufficient level or currently being filled.
2024-07-23 14:34:44,178 DEBUG c.z.h.p.HikariPool [HikariPool-1 housekeeper] HikariPool-1 - Pool stats (total=10, active=0, idle=10, waiting=0)
2024-07-23 14:34:44,178 DEBUG c.z.h.p.HikariPool [HikariPool-1 housekeeper] HikariPool-1 - Fill pool skipped, pool has sufficient level or currently being filled.
2024-07-23 14:35:14,184 DEBUG c.z.h.p.HikariPool [HikariPool-1 housekeeper] HikariPool-1 - Pool stats (total=10, active=0, idle=10, waiting=0)
2024-07-23 14:35:14,184 DEBUG c.z.h.p.HikariPool [HikariPool-1 housekeeper] HikariPool-1 - Fill pool skipped, pool has sufficient level or currently being filled.
2024-07-23 14:35:44,197 DEBUG c.z.h.p.HikariPool [HikariPool-1 housekeeper] HikariPool-1 - Pool stats (total=10, active=0, idle=10, waiting=0)
2024-07-23 14:35:44,197 DEBUG c.z.h.p.HikariPool [HikariPool-1 housekeeper] HikariPool-1 - Fill pool skipped, pool has sufficient level or currently being filled.
2024-07-23 14:36:14,208 DEBUG c.z.h.p.HikariPool [HikariPool-1 housekeeper] HikariPool-1 - Pool stats (total=10, active=0, idle=10, waiting=0)
2024-07-23 14:36:14,208 DEBUG c.z.h.p.HikariPool [HikariPool-1 housekeeper] HikariPool-1 - Fill pool skipped, pool has sufficient level or currently being filled.
2024-07-23 14:36:44,217 DEBUG c.z.h.p.HikariPool [HikariPool-1 housekeeper] HikariPool-1 - Pool stats (total=10, active=0, idle=10, waiting=0)
2024-07-23 14:36:44,217 DEBUG c.z.h.p.HikariPool [HikariPool-1 housekeeper] HikariPool-1 - Fill pool skipped, pool has sufficient level or currently being filled.
2024-07-23 14:37:14,227 DEBUG c.z.h.p.HikariPool [HikariPool-1 housekeeper] HikariPool-1 - Pool stats (total=10, active=0, idle=10, waiting=0)
2024-07-23 14:37:14,227 DEBUG c.z.h.p.HikariPool [HikariPool-1 housekeeper] HikariPool-1 - Fill pool skipped, pool has sufficient level or currently being filled.
2024-07-23 14:37:44,242 DEBUG c.z.h.p.HikariPool [HikariPool-1 housekeeper] HikariPool-1 - Pool stats (total=10, active=0, idle=10, waiting=0)
2024-07-23 14:37:44,242 DEBUG c.z.h.p.HikariPool [HikariPool-1 housekeeper] HikariPool-1 - Fill pool skipped, pool has sufficient level or currently being filled.
2024-07-23 14:38:14,253 DEBUG c.z.h.p.HikariPool [HikariPool-1 housekeeper] HikariPool-1 - Pool stats (total=10, active=0, idle=10, waiting=0)
2024-07-23 14:38:14,253 DEBUG c.z.h.p.HikariPool [HikariPool-1 housekeeper] HikariPool-1 - Fill pool skipped, pool has sufficient level or currently being filled.
2024-07-23 14:38:44,263 DEBUG c.z.h.p.HikariPool [HikariPool-1 housekeeper] HikariPool-1 - Pool stats (total=10, active=0, idle=10, waiting=0)
2024-07-23 14:38:44,263 DEBUG c.z.h.p.HikariPool [HikariPool-1 housekeeper] HikariPool-1 - Fill pool skipped, pool has sufficient level or currently being filled.
2024-07-23 14:39:14,270 DEBUG c.z.h.p.HikariPool [HikariPool-1 housekeeper] HikariPool-1 - Pool stats (total=10, active=0, idle=10, waiting=0)
2024-07-23 14:39:14,270 DEBUG c.z.h.p.HikariPool [HikariPool-1 housekeeper] HikariPool-1 - Fill pool skipped, pool has sufficient level or currently being filled.
2024-07-23 14:39:44,274 DEBUG c.z.h.p.HikariPool [HikariPool-1 housekeeper] HikariPool-1 - Pool stats (total=10, active=0, idle=10, waiting=0)
2024-07-23 14:39:44,275 DEBUG c.z.h.p.HikariPool [HikariPool-1 housekeeper] HikariPool-1 - Fill pool skipped, pool has sufficient level or currently being filled.
2024-07-23 14:40:14,287 DEBUG c.z.h.p.HikariPool [HikariPool-1 housekeeper] HikariPool-1 - Pool stats (total=10, active=0, idle=10, waiting=0)
2024-07-23 14:40:14,287 DEBUG c.z.h.p.HikariPool [HikariPool-1 housekeeper] HikariPool-1 - Fill pool skipped, pool has sufficient level or currently being filled.
2024-07-23 14:40:16,768 DEBUG c.z.h.p.PoolBase [HikariPool-1 connection closer] HikariPool-1 - Closing connection com.mysql.cj.jdbc.ConnectionImpl@2448bcf9: (connection has passed maxLifetime)
2024-07-23 14:40:16,815 DEBUG c.z.h.p.HikariPool$PoolEntryCreator [HikariPool-1 connection adder] HikariPool-1 - Added connection com.mysql.cj.jdbc.ConnectionImpl@4cf07217
2024-07-23 14:40:16,847 DEBUG c.z.h.p.HikariPool [HikariPool-1 connection adder] HikariPool-1 - Connection not added, stats (total=10, active=0, idle=10, waiting=0)
2024-07-23 14:40:18,002 DEBUG c.z.h.p.PoolBase [HikariPool-1 connection closer] HikariPool-1 - Closing connection com.mysql.cj.jdbc.ConnectionImpl@1597c9a4: (connection has passed maxLifetime)
2024-07-23 14:40:18,063 DEBUG c.z.h.p.HikariPool$PoolEntryCreator [HikariPool-1 connection adder] HikariPool-1 - Added connection com.mysql.cj.jdbc.ConnectionImpl@dcd782c
2024-07-23 14:40:18,109 DEBUG c.z.h.p.HikariPool [HikariPool-1 connection adder] HikariPool-1 - Connection not added, stats (total=10, active=0, idle=10, waiting=0)
2024-07-23 14:40:19,561 DEBUG c.z.h.p.PoolBase [HikariPool-1 connection closer] HikariPool-1 - Closing connection com.mysql.cj.jdbc.ConnectionImpl@446ed6b: (connection has passed maxLifetime)
2024-07-23 14:40:19,606 DEBUG c.z.h.p.HikariPool$PoolEntryCreator [HikariPool-1 connection adder] HikariPool-1 - Added connection com.mysql.cj.jdbc.ConnectionImpl@3c0a5781
2024-07-23 14:40:19,640 DEBUG c.z.h.p.HikariPool [HikariPool-1 connection adder] HikariPool-1 - Connection not added, stats (total=10, active=0, idle=10, waiting=0)
2024-07-23 14:40:23,188 DEBUG c.z.h.p.PoolBase [HikariPool-1 connection closer] HikariPool-1 - Closing connection com.mysql.cj.jdbc.ConnectionImpl@54aac39f: (connection has passed maxLifetime)
2024-07-23 14:40:23,230 DEBUG c.z.h.p.HikariPool$PoolEntryCreator [HikariPool-1 connection adder] HikariPool-1 - Added connection com.mysql.cj.jdbc.ConnectionImpl@6de28763
2024-07-23 14:40:23,265 DEBUG c.z.h.p.HikariPool [HikariPool-1 connection adder] HikariPool-1 - Connection not added, stats (total=10, active=0, idle=10, waiting=0)
2024-07-23 14:40:25,886 DEBUG c.z.h.p.PoolBase [HikariPool-1 connection closer] HikariPool-1 - Closing connection com.mysql.cj.jdbc.ConnectionImpl@7474a6dd: (connection has passed maxLifetime)
2024-07-23 14:40:25,930 DEBUG c.z.h.p.HikariPool$PoolEntryCreator [HikariPool-1 connection adder] HikariPool-1 - Added connection com.mysql.cj.jdbc.ConnectionImpl@5fdaea2a
2024-07-23 14:40:25,964 DEBUG c.z.h.p.HikariPool [HikariPool-1 connection adder] HikariPool-1 - Connection not added, stats (total=10, active=0, idle=10, waiting=0)
2024-07-23 14:40:29,772 DEBUG c.z.h.p.PoolBase [HikariPool-1 connection closer] HikariPool-1 - Closing connection com.mysql.cj.jdbc.ConnectionImpl@457be750: (connection has passed maxLifetime)
2024-07-23 14:40:29,823 DEBUG c.z.h.p.HikariPool$PoolEntryCreator [HikariPool-1 connection adder] HikariPool-1 - Added connection com.mysql.cj.jdbc.ConnectionImpl@69ac9e28
2024-07-23 14:40:29,865 DEBUG c.z.h.p.HikariPool [HikariPool-1 connection adder] HikariPool-1 - Connection not added, stats (total=10, active=0, idle=10, waiting=0)
2024-07-23 14:40:44,297 DEBUG c.z.h.p.HikariPool [HikariPool-1 housekeeper] HikariPool-1 - Pool stats (total=10, active=0, idle=10, waiting=0)
2024-07-23 14:40:44,298 DEBUG c.z.h.p.HikariPool [HikariPool-1 housekeeper] HikariPool-1 - Fill pool skipped, pool has sufficient level or currently being filled.
2024-07-23 14:40:49,918 DEBUG c.z.h.p.PoolBase [HikariPool-1 connection closer] HikariPool-1 - Closing connection com.mysql.cj.jdbc.ConnectionImpl@31d70405: (connection has passed maxLifetime)
2024-07-23 14:40:49,969 DEBUG c.z.h.p.HikariPool$PoolEntryCreator [HikariPool-1 connection adder] HikariPool-1 - Added connection com.mysql.cj.jdbc.ConnectionImpl@d8ce401
2024-07-23 14:40:50,013 DEBUG c.z.h.p.HikariPool [HikariPool-1 connection adder] HikariPool-1 - Connection not added, stats (total=10, active=0, idle=10, waiting=0)
2024-07-23 14:40:51,994 DEBUG c.z.h.p.PoolBase [HikariPool-1 connection closer] HikariPool-1 - Closing connection com.mysql.cj.jdbc.ConnectionImpl@58a2c613: (connection has passed maxLifetime)
2024-07-23 14:40:52,053 DEBUG c.z.h.p.HikariPool$PoolEntryCreator [HikariPool-1 connection adder] HikariPool-1 - Added connection com.mysql.cj.jdbc.ConnectionImpl@4cb1ee3a
2024-07-23 14:40:52,088 DEBUG c.z.h.p.HikariPool [HikariPool-1 connection adder] HikariPool-1 - Connection not added, stats (total=10, active=0, idle=10, waiting=0)
2024-07-23 14:40:58,070 DEBUG c.z.h.p.PoolBase [HikariPool-1 connection closer] HikariPool-1 - Closing connection com.mysql.cj.jdbc.ConnectionImpl@199fcc28: (connection has passed maxLifetime)
2024-07-23 14:40:58,129 DEBUG c.z.h.p.HikariPool$PoolEntryCreator [HikariPool-1 connection adder] HikariPool-1 - Added connection com.mysql.cj.jdbc.ConnectionImpl@e214391
2024-07-23 14:40:58,163 DEBUG c.z.h.p.HikariPool [HikariPool-1 connection adder] HikariPool-1 - Connection not added, stats (total=10, active=0, idle=10, waiting=0)
2024-07-23 14:41:14,306 DEBUG c.z.h.p.HikariPool [HikariPool-1 housekeeper] HikariPool-1 - Pool stats (total=10, active=0, idle=10, waiting=0)
2024-07-23 14:41:14,306 DEBUG c.z.h.p.HikariPool [HikariPool-1 housekeeper] HikariPool-1 - Fill pool skipped, pool has sufficient level or currently being filled.
2024-07-23 14:41:17,937 DEBUG c.z.h.p.PoolBase [HikariPool-1 connection closer] HikariPool-1 - Closing connection com.mysql.cj.jdbc.ConnectionImpl@6930db6d: (connection has passed maxLifetime)
2024-07-23 14:41:17,985 DEBUG c.z.h.p.HikariPool$PoolEntryCreator [HikariPool-1 connection adder] HikariPool-1 - Added connection com.mysql.cj.jdbc.ConnectionImpl@351f1d47
2024-07-23 14:41:18,030 DEBUG c.z.h.p.HikariPool [HikariPool-1 connection adder] HikariPool-1 - Connection not added, stats (total=10, active=0, idle=10, waiting=0)
2024-07-23 14:41:44,318 DEBUG c.z.h.p.HikariPool [HikariPool-1 housekeeper] HikariPool-1 - Pool stats (total=10, active=0, idle=10, waiting=0)
2024-07-23 14:41:44,318 DEBUG c.z.h.p.HikariPool [HikariPool-1 housekeeper] HikariPool-1 - Fill pool skipped, pool has sufficient level or currently being filled.
2024-07-23 14:42:14,334 DEBUG c.z.h.p.HikariPool [HikariPool-1 housekeeper] HikariPool-1 - Pool stats (total=10, active=0, idle=10, waiting=0)
2024-07-23 14:42:14,334 DEBUG c.z.h.p.HikariPool [HikariPool-1 housekeeper] HikariPool-1 - Fill pool skipped, pool has sufficient level or currently being filled.
2024-07-23 14:42:44,339 DEBUG c.z.h.p.HikariPool [HikariPool-1 housekeeper] HikariPool-1 - Pool stats (total=10, active=0, idle=10, waiting=0)
2024-07-23 14:42:44,339 DEBUG c.z.h.p.HikariPool [HikariPool-1 housekeeper] HikariPool-1 - Fill pool skipped, pool has sufficient level or currently being filled.
2024-07-23 14:43:14,344 DEBUG c.z.h.p.HikariPool [HikariPool-1 housekeeper] HikariPool-1 - Pool stats (total=10, active=0, idle=10, waiting=0)
2024-07-23 14:43:14,344 DEBUG c.z.h.p.HikariPool [HikariPool-1 housekeeper] HikariPool-1 - Fill pool skipped, pool has sufficient level or currently being filled.
2024-07-23 14:43:44,347 DEBUG c.z.h.p.HikariPool [HikariPool-1 housekeeper] HikariPool-1 - Pool stats (total=10, active=0, idle=10, waiting=0)
2024-07-23 14:43:44,348 DEBUG c.z.h.p.HikariPool [HikariPool-1 housekeeper] HikariPool-1 - Fill pool skipped, pool has sufficient level or currently being filled.
2024-07-23 14:44:14,356 DEBUG c.z.h.p.HikariPool [HikariPool-1 housekeeper] HikariPool-1 - Pool stats (total=10, active=0, idle=10, waiting=0)
2024-07-23 14:44:14,356 DEBUG c.z.h.p.HikariPool [HikariPool-1 housekeeper] HikariPool-1 - Fill pool skipped, pool has sufficient level or currently being filled.
2024-07-23 14:44:44,361 DEBUG c.z.h.p.HikariPool [HikariPool-1 housekeeper] HikariPool-1 - Pool stats (total=10, active=0, idle=10, waiting=0)
2024-07-23 14:44:44,361 DEBUG c.z.h.p.HikariPool [HikariPool-1 housekeeper] HikariPool-1 - Fill pool skipped, pool has sufficient level or currently being filled.
2024-07-23 14:45:14,363 DEBUG c.z.h.p.HikariPool [HikariPool-1 housekeeper] HikariPool-1 - Pool stats (total=10, active=0, idle=10, waiting=0)
2024-07-23 14:45:14,363 DEBUG c.z.h.p.HikariPool [HikariPool-1 housekeeper] HikariPool-1 - Fill pool skipped, pool has sufficient level or currently being filled.
2024-07-23 14:45:44,375 DEBUG c.z.h.p.HikariPool [HikariPool-1 housekeeper] HikariPool-1 - Pool stats (total=10, active=0, idle=10, waiting=0)
2024-07-23 14:45:44,375 DEBUG c.z.h.p.HikariPool [HikariPool-1 housekeeper] HikariPool-1 - Fill pool skipped, pool has sufficient level or currently being filled.
2024-07-23 14:46:14,380 DEBUG c.z.h.p.HikariPool [HikariPool-1 housekeeper] HikariPool-1 - Pool stats (total=10, active=0, idle=10, waiting=0)
2024-07-23 14:46:14,380 DEBUG c.z.h.p.HikariPool [HikariPool-1 housekeeper] HikariPool-1 - Fill pool skipped, pool has sufficient level or currently being filled.
2024-07-23 14:46:44,385 DEBUG c.z.h.p.HikariPool [HikariPool-1 housekeeper] HikariPool-1 - Pool stats (total=10, active=0, idle=10, waiting=0)
2024-07-23 14:46:44,385 DEBUG c.z.h.p.HikariPool [HikariPool-1 housekeeper] HikariPool-1 - Fill pool skipped, pool has sufficient level or currently being filled.
2024-07-23 14:47:14,386 DEBUG c.z.h.p.HikariPool [HikariPool-1 housekeeper] HikariPool-1 - Pool stats (total=10, active=0, idle=10, waiting=0)
2024-07-23 14:47:14,386 DEBUG c.z.h.p.HikariPool [HikariPool-1 housekeeper] HikariPool-1 - Fill pool skipped, pool has sufficient level or currently being filled.
2024-07-23 14:47:44,397 DEBUG c.z.h.p.HikariPool [HikariPool-1 housekeeper] HikariPool-1 - Pool stats (total=10, active=0, idle=10, waiting=0)
2024-07-23 14:47:44,397 DEBUG c.z.h.p.HikariPool [HikariPool-1 housekeeper] HikariPool-1 - Fill pool skipped, pool has sufficient level or currently being filled.
2024-07-23 14:48:14,406 DEBUG c.z.h.p.HikariPool [HikariPool-1 housekeeper] HikariPool-1 - Pool stats (total=10, active=0, idle=10, waiting=0)
2024-07-23 14:48:14,406 DEBUG c.z.h.p.HikariPool [HikariPool-1 housekeeper] HikariPool-1 - Fill pool skipped, pool has sufficient level or currently being filled.
2024-07-23 14:48:44,407 DEBUG c.z.h.p.HikariPool [HikariPool-1 housekeeper] HikariPool-1 - Pool stats (total=10, active=0, idle=10, waiting=0)
2024-07-23 14:48:44,407 DEBUG c.z.h.p.HikariPool [HikariPool-1 housekeeper] HikariPool-1 - Fill pool skipped, pool has sufficient level or currently being filled.
2024-07-23 14:49:14,409 DEBUG c.z.h.p.HikariPool [HikariPool-1 housekeeper] HikariPool-1 - Pool stats (total=10, active=0, idle=10, waiting=0)
2024-07-23 14:49:14,409 DEBUG c.z.h.p.HikariPool [HikariPool-1 housekeeper] HikariPool-1 - Fill pool skipped, pool has sufficient level or currently being filled.
2024-07-23 14:49:44,413 DEBUG c.z.h.p.HikariPool [HikariPool-1 housekeeper] HikariPool-1 - Pool stats (total=10, active=0, idle=10, waiting=0)
2024-07-23 14:49:44,414 DEBUG c.z.h.p.HikariPool [HikariPool-1 housekeeper] HikariPool-1 - Fill pool skipped, pool has sufficient level or currently being filled.
2024-07-23 14:50:14,423 DEBUG c.z.h.p.HikariPool [HikariPool-1 housekeeper] HikariPool-1 - Pool stats (total=10, active=0, idle=10, waiting=0)
2024-07-23 14:50:14,423 DEBUG c.z.h.p.HikariPool [HikariPool-1 housekeeper] HikariPool-1 - Fill pool skipped, pool has sufficient level or currently being filled.
2024-07-23 14:50:44,430 DEBUG c.z.h.p.HikariPool [HikariPool-1 housekeeper] HikariPool-1 - Pool stats (total=10, active=0, idle=10, waiting=0)
2024-07-23 14:50:44,431 DEBUG c.z.h.p.HikariPool [HikariPool-1 housekeeper] HikariPool-1 - Fill pool skipped, pool has sufficient level or currently being filled.
2024-07-23 14:51:14,446 DEBUG c.z.h.p.HikariPool [HikariPool-1 housekeeper] HikariPool-1 - Pool stats (total=10, active=0, idle=10, waiting=0)
2024-07-23 14:51:14,446 DEBUG c.z.h.p.HikariPool [HikariPool-1 housekeeper] HikariPool-1 - Fill pool skipped, pool has sufficient level or currently being filled.
2024-07-23 14:51:44,455 DEBUG c.z.h.p.HikariPool [HikariPool-1 housekeeper] HikariPool-1 - Pool stats (total=10, active=0, idle=10, waiting=0)
2024-07-23 14:51:44,456 DEBUG c.z.h.p.HikariPool [HikariPool-1 housekeeper] HikariPool-1 - Fill pool skipped, pool has sufficient level or currently being filled.
2024-07-23 14:52:14,461 DEBUG c.z.h.p.HikariPool [HikariPool-1 housekeeper] HikariPool-1 - Pool stats (total=10, active=0, idle=10, waiting=0)
2024-07-23 14:52:14,462 DEBUG c.z.h.p.HikariPool [HikariPool-1 housekeeper] HikariPool-1 - Fill pool skipped, pool has sufficient level or currently being filled.
2024-07-23 14:52:44,474 DEBUG c.z.h.p.HikariPool [HikariPool-1 housekeeper] HikariPool-1 - Pool stats (total=10, active=0, idle=10, waiting=0)
2024-07-23 14:52:44,474 DEBUG c.z.h.p.HikariPool [HikariPool-1 housekeeper] HikariPool-1 - Fill pool skipped, pool has sufficient level or currently being filled.
2024-07-23 14:53:14,481 DEBUG c.z.h.p.HikariPool [HikariPool-1 housekeeper] HikariPool-1 - Pool stats (total=10, active=0, idle=10, waiting=0)
2024-07-23 14:53:14,481 DEBUG c.z.h.p.HikariPool [HikariPool-1 housekeeper] HikariPool-1 - Fill pool skipped, pool has sufficient level or currently being filled.
2024-07-23 14:53:44,490 DEBUG c.z.h.p.HikariPool [HikariPool-1 housekeeper] HikariPool-1 - Pool stats (total=10, active=0, idle=10, waiting=0)
2024-07-23 14:53:44,491 DEBUG c.z.h.p.HikariPool [HikariPool-1 housekeeper] HikariPool-1 - Fill pool skipped, pool has sufficient level or currently being filled.
2024-07-23 14:54:14,504 DEBUG c.z.h.p.HikariPool [HikariPool-1 housekeeper] HikariPool-1 - Pool stats (total=10, active=0, idle=10, waiting=0)
2024-07-23 14:54:14,504 DEBUG c.z.h.p.HikariPool [HikariPool-1 housekeeper] HikariPool-1 - Fill pool skipped, pool has sufficient level or currently being filled.
2024-07-23 14:54:44,511 DEBUG c.z.h.p.HikariPool [HikariPool-1 housekeeper] HikariPool-1 - Pool stats (total=10, active=0, idle=10, waiting=0)
2024-07-23 14:54:44,512 DEBUG c.z.h.p.HikariPool [HikariPool-1 housekeeper] HikariPool-1 - Fill pool skipped, pool has sufficient level or currently being filled.
2024-07-23 14:55:14,528 DEBUG c.z.h.p.HikariPool [HikariPool-1 housekeeper] HikariPool-1 - Pool stats (total=10, active=0, idle=10, waiting=0)
2024-07-23 14:55:14,528 DEBUG c.z.h.p.HikariPool [HikariPool-1 housekeeper] HikariPool-1 - Fill pool skipped, pool has sufficient level or currently being filled.
2024-07-23 14:55:44,535 DEBUG c.z.h.p.HikariPool [HikariPool-1 housekeeper] HikariPool-1 - Pool stats (total=10, active=0, idle=10, waiting=0)
2024-07-23 14:55:44,535 DEBUG c.z.h.p.HikariPool [HikariPool-1 housekeeper] HikariPool-1 - Fill pool skipped, pool has sufficient level or currently being filled.
2024-07-23 14:56:14,535 DEBUG c.z.h.p.HikariPool [HikariPool-1 housekeeper] HikariPool-1 - Pool stats (total=10, active=0, idle=10, waiting=0)
2024-07-23 14:56:14,535 DEBUG c.z.h.p.HikariPool [HikariPool-1 housekeeper] HikariPool-1 - Fill pool skipped, pool has sufficient level or currently being filled.
2024-07-23 14:56:44,543 DEBUG c.z.h.p.HikariPool [HikariPool-1 housekeeper] HikariPool-1 - Pool stats (total=10, active=0, idle=10, waiting=0)
2024-07-23 14:56:44,544 DEBUG c.z.h.p.HikariPool [HikariPool-1 housekeeper] HikariPool-1 - Fill pool skipped, pool has sufficient level or currently being filled.
2024-07-23 14:57:14,560 DEBUG c.z.h.p.HikariPool [HikariPool-1 housekeeper] HikariPool-1 - Pool stats (total=10, active=0, idle=10, waiting=0)
2024-07-23 14:57:14,560 DEBUG c.z.h.p.HikariPool [HikariPool-1 housekeeper] HikariPool-1 - Fill pool skipped, pool has sufficient level or currently being filled.
2024-07-23 14:57:44,571 DEBUG c.z.h.p.HikariPool [HikariPool-1 housekeeper] HikariPool-1 - Pool stats (total=10, active=0, idle=10, waiting=0)
2024-07-23 14:57:44,572 DEBUG c.z.h.p.HikariPool [HikariPool-1 housekeeper] HikariPool-1 - Fill pool skipped, pool has sufficient level or currently being filled.
2024-07-23 14:58:14,573 DEBUG c.z.h.p.HikariPool [HikariPool-1 housekeeper] HikariPool-1 - Pool stats (total=10, active=0, idle=10, waiting=0)
2024-07-23 14:58:14,573 DEBUG c.z.h.p.HikariPool [HikariPool-1 housekeeper] HikariPool-1 - Fill pool skipped, pool has sufficient level or currently being filled.
2024-07-23 14:58:44,585 DEBUG c.z.h.p.HikariPool [HikariPool-1 housekeeper] HikariPool-1 - Pool stats (total=10, active=0, idle=10, waiting=0)
2024-07-23 14:58:44,585 DEBUG c.z.h.p.HikariPool [HikariPool-1 housekeeper] HikariPool-1 - Fill pool skipped, pool has sufficient level or currently being filled.
